<!DOCTYPE html PUBLIC "-//W3C//DTD XHTML 1.1//EN" "http://www.w3.org/TR/xhtml11/DTD/xhtml11.dtd">
<html xmlns="http://www.w3.org/1999/xhtml">
<head>
<meta http-equiv="content-type" content="text/html; charset=UTF-8"/>
<title>TestNG Report</title>
<style type="text/css">table {margin-bottom:10px;border-collapse:collapse;empty-cells:show}th,td {border:1px solid #009;padding:.25em .5em}th {vertical-align:bottom}td {vertical-align:top}table a {font-weight:bold}.stripe td {background-color: #E6EBF9}.num {text-align:right}.passedodd td {background-color: #3F3}.passedeven td {background-color: #0A0}.skippedodd td {background-color: #DDD}.skippedeven td {background-color: #CCC}.failedodd td,.attn {background-color: #F33}.failedeven td,.stripe .attn {background-color: #D00}.stacktrace {white-space:pre;font-family:monospace}.totop {font-size:85%;text-align:center;border-bottom:2px solid #000}.invisible {display:none}</style>
</head>
<body>
<table>
<tr><th>Test</th><th># Passed</th><th># Skipped</th><th># Failed</th><th>Time (ms)</th><th>Included Groups</th><th>Excluded Groups</th></tr>
<tr><th colspan="7">CRIP Automation Script</th></tr>
<tr><td><a href="#t0">com.SauceDemo Tests</a></td><td class="num">33</td><td class="num">0</td><td class="num attn">14</td><td class="num">389,125</td><td></td><td></td></tr>
<tr class="stripe"><td><a href="#t1">com.GlobalSQA Tests</a></td><td class="num">17</td><td class="num">0</td><td class="num">0</td><td class="num">64,756</td><td></td><td></td></tr>
<tr><th>Total</th><th class="num">50</th><th class="num">0</th><th class="num attn">14</th><th class="num">453,881</th><th colspan="2"></th></tr>
</table>
<table id='summary'><thead><tr><th>Class</th><th>Method</th><th>Start</th><th>Time (ms)</th></tr></thead><tbody><tr><th colspan="4">CRIP Automation Script</th></tr></tbody><tbody id="t0"><tr><th colspan="4">com.SauceDemo Tests &#8212; failed</th></tr><tr class="failedeven"><td rowspan="11">saucedemotests.ClickFunctionality</td><td><a href="#m0">clickCCPATest</a></td><td rowspan="1">1655426085778</td><td rowspan="1">7466</td></tr><tr class="failedeven"><td><a href="#m1">clickCookiesSettingAndConfirmTest</a></td><td rowspan="1">1655426095518</td><td rowspan="1">8491</td></tr><tr class="failedeven"><td><a href="#m2">clickEEATest</a></td><td rowspan="1">1655426106209</td><td rowspan="1">8169</td></tr><tr class="failedeven"><td><a href="#m3">clickErrorReportingTest</a></td><td rowspan="1">1655426116628</td><td rowspan="1">8330</td></tr><tr class="failedeven"><td><a href="#m4">clickPrivacyTest</a></td><td rowspan="1">1655426127185</td><td rowspan="1">7276</td></tr><tr class="failedeven"><td><a href="#m5">clickSignUpPrivacyPolicyTest</a></td><td rowspan="1">1655426136738</td><td rowspan="1">18806</td></tr><tr class="failedeven"><td><a href="#m6">clickSignUpTermsAndConditionsTest</a></td><td rowspan="1">1655426157840</td><td rowspan="1">23361</td></tr><tr class="failedeven"><td><a href="#m7">clickSignUpWithEmailTest</a></td><td rowspan="1">1655426183468</td><td rowspan="1">24511</td></tr><tr class="failedeven"><td><a href="#m8">clickTermsOfServiceTest</a></td><td rowspan="1">1655426210138</td><td rowspan="1">7978</td></tr><tr class="failedeven"><td><a href="#m9">clickTestAutomationTest</a></td><td rowspan="1">1655426220612</td><td rowspan="1">8322</td></tr><tr class="failedeven"><td><a href="#m10">clickVisualTestingTest</a></td><td rowspan="1">1655426242839</td><td rowspan="1">8563</td></tr><tr class="failedodd"><td rowspan="2">saucedemotests.HoverOver</td><td><a href="#m11">hoverOverAPITestingAndClickTest</a></td><td rowspan="1">1655426264086</td><td rowspan="1">7325</td></tr><tr class="failedodd"><td><a href="#m12">hoverOverContactTest</a></td><td rowspan="1">1655426283312</td><td rowspan="1">15307</td></tr><tr class="failedeven"><td rowspan="1">saucedemotests.PlayVideo</td><td><a href="#m13">playVideoTest</a></td><td rowspan="1">1655426412192</td><td rowspan="1">8421</td></tr><tr><th colspan="4">com.SauceDemo Tests &#8212; passed</th></tr><tr class="passedeven"><td rowspan="7">saucedemotests.AddItemsToCart</td><td><a href="#m14">addBackPackToCartTest</a></td><td rowspan="1">1655426060251</td><td rowspan="1">407</td></tr><tr class="passedeven"><td><a href="#m15">addBikeLightToCartTest</a></td><td rowspan="1">1655426063392</td><td rowspan="1">440</td></tr><tr class="passedeven"><td><a href="#m16">addBoltShirtToCartTest</a></td><td rowspan="1">1655426066166</td><td rowspan="1">466</td></tr><tr class="passedeven"><td><a href="#m17">addFleeceJacketToCartTest</a></td><td rowspan="1">1655426068982</td><td rowspan="1">397</td></tr><tr class="passedeven"><td><a href="#m18">addMultipleItemsToCartTest</a></td><td rowspan="1">1655426071647</td><td rowspan="1">641</td></tr><tr class="passedeven"><td><a href="#m19">addOnesieToCartTest</a></td><td rowspan="1">1655426074496</td><td rowspan="1">298</td></tr><tr class="passedeven"><td><a href="#m20">addRedShirtToCartTest</a></td><td rowspan="1">1655426077168</td><td rowspan="1">458</td></tr><tr class="passedodd"><td rowspan="2">saucedemotests.CheckOut</td><td><a href="#m21">mulipleItemsCheckOutTest</a></td><td rowspan="1">1655426079766</td><td rowspan="1">886</td></tr><tr class="passedodd"><td><a href="#m22">singleItemCheckOutTest</a></td><td rowspan="1">1655426082746</td><td rowspan="1">796</td></tr><tr class="passedeven"><td rowspan="1">saucedemotests.ClickFunctionality</td><td><a href="#m23">clickTryItFreeTest</a></td><td rowspan="1">1655426231123</td><td rowspan="1">9483</td></tr><tr class="passedodd"><td rowspan="4">saucedemotests.DropDown</td><td><a href="#m24">dragDownAtoZTest</a></td><td rowspan="1">1655426253786</td><td rowspan="1">363</td></tr><tr class="passedodd"><td><a href="#m25">dragDownHightoLowTest</a></td><td rowspan="1">1655426256334</td><td rowspan="1">392</td></tr><tr class="passedodd"><td><a href="#m26">dragDownLowtoHighTest</a></td><td rowspan="1">1655426258789</td><td rowspan="1">390</td></tr><tr class="passedodd"><td><a href="#m27">dragDownZtoATest</a></td><td rowspan="1">1655426261394</td><td rowspan="1">340</td></tr><tr class="passedeven"><td rowspan="8">saucedemotests.HoverOver</td><td><a href="#m28">hoverOverCompanyTest</a></td><td rowspan="1">1655426273595</td><td rowspan="1">7500</td></tr><tr class="passedeven"><td><a href="#m29">hoverOverCrossBrowserTestingAndClickTest</a></td><td rowspan="1">1655426300701</td><td rowspan="1">7739</td></tr><tr class="passedeven"><td><a href="#m30">hoverOverLowCodeTestingAndClickTest</a></td><td rowspan="1">1655426310727</td><td rowspan="1">7823</td></tr><tr class="passedeven"><td><a href="#m31">hoverOverMobileTestingTest</a></td><td rowspan="1">1655426320712</td><td rowspan="1">9968</td></tr><tr class="passedeven"><td><a href="#m32">hoverOverPlatformTest</a></td><td rowspan="1">1655426332889</td><td rowspan="1">7550</td></tr><tr class="passedeven"><td><a href="#m33">hoverOverPricingTest</a></td><td rowspan="1">1655426342558</td><td rowspan="1">9231</td></tr><tr class="passedeven"><td><a href="#m34">hoverOverResourcesTest</a></td><td rowspan="1">1655426354202</td><td rowspan="1">7098</td></tr><tr class="passedeven"><td><a href="#m35">hoverOverSolutionsTest</a></td><td rowspan="1">1655426363552</td><td rowspan="1">6319</td></tr><tr class="passedodd"><td rowspan="3">saucedemotests.Icons</td><td><a href="#m36">facebookIconTest</a></td><td rowspan="1">1655426372144</td><td rowspan="1">5353</td></tr><tr class="passedodd"><td><a href="#m37">linkedInIconTest</a></td><td rowspan="1">1655426379711</td><td rowspan="1">5464</td></tr><tr class="passedodd"><td><a href="#m38">twitterIconTest</a></td><td rowspan="1">1655426387312</td><td rowspan="1">5341</td></tr><tr class="passedeven"><td rowspan="3">saucedemotests.Login</td><td><a href="#m39">invalidLogInTest</a></td><td rowspan="1">1655426394723</td><td rowspan="1">235</td></tr><tr class="passedeven"><td><a href="#m40">logInTest</a></td><td rowspan="1">1655426397222</td><td rowspan="1">277</td></tr><tr class="passedeven"><td><a href="#m41">validateLogInButton</a></td><td rowspan="1">1655426399695</td><td rowspan="1">29</td></tr><tr class="passedodd"><td rowspan="3">saucedemotests.MenuBar</td><td><a href="#m42">menuBarAboutTest</a></td><td rowspan="1">1655426401759</td><td rowspan="1">2746</td></tr><tr class="passedodd"><td><a href="#m43">menuBarAllItemsTest</a></td><td rowspan="1">1655426406593</td><td rowspan="1">658</td></tr><tr class="passedodd"><td><a href="#m44">menuBarLogoutTest</a></td><td rowspan="1">1655426409467</td><td rowspan="1">586</td></tr><tr class="passedeven"><td rowspan="1">saucedemotests.ResetAddToCart</td><td><a href="#m45">menuBarLogoutTest</a></td><td rowspan="1">1655426422764</td><td rowspan="1">10758</td></tr><tr class="passedodd"><td rowspan="1">saucedemotests.SearchBar</td><td><a href="#m46">searchBarTest</a></td><td rowspan="1">1655426435676</td><td rowspan="1">9767</td></tr></tbody>
<tbody id="t1"><tr><th colspan="4">com.GlobalSQA Tests &#8212; passed</th></tr><tr class="passedeven"><td rowspan="1">globalsqatests.AccountNumberDropDown</td><td><a href="#m47">accountNumberDropDownTest</a></td><td rowspan="1">1655426458154</td><td rowspan="1">790</td></tr><tr class="passedodd"><td rowspan="1">globalsqatests.AddCustomer</td><td><a href="#m48">addCustomerTest</a></td><td rowspan="1">1655426467735</td><td rowspan="1">858</td></tr><tr class="passedeven"><td rowspan="1">globalsqatests.BackButton</td><td><a href="#m49">backButtonTest</a></td><td rowspan="1">1655426454760</td><td rowspan="1">986</td></tr><tr class="passedodd"><td rowspan="1">globalsqatests.BankManagerLoginButton</td><td><a href="#m50">bankManagerLoginButtonTest</a></td><td rowspan="1">1655426507143</td><td rowspan="1">3285</td></tr><tr class="passedeven"><td rowspan="1">globalsqatests.CustomerLoginButton</td><td><a href="#m51">customerLoginButtonTest</a></td><td rowspan="1">1655426501516</td><td rowspan="1">3283</td></tr><tr class="passedodd"><td rowspan="1">globalsqatests.DeleteButton</td><td><a href="#m52">deleteCustomerTest</a></td><td rowspan="1">1655426448400</td><td rowspan="1">754</td></tr><tr class="passedeven"><td rowspan="1">globalsqatests.DepositButton</td><td><a href="#m53">depositButtonTest</a></td><td rowspan="1">1655426474306</td><td rowspan="1">1017</td></tr><tr class="passedodd"><td rowspan="2">globalsqatests.HomeButton</td><td><a href="#m54">bankManagerHomeButtonTest</a></td><td rowspan="1">1655426495775</td><td rowspan="1">653</td></tr><tr class="passedodd"><td><a href="#m55">customerHomeButtonTest</a></td><td rowspan="1">1655426498575</td><td rowspan="1">630</td></tr><tr class="passedeven"><td rowspan="1">globalsqatests.LogoutButton</td><td><a href="#m56">logOutTest</a></td><td rowspan="1">1655426486883</td><td rowspan="1">6564</td></tr><tr class="passedodd"><td rowspan="1">globalsqatests.OpenAccount</td><td><a href="#m57">openAccountTest</a></td><td rowspan="1">1655426477662</td><td rowspan="1">794</td></tr><tr class="passedeven"><td rowspan="1">globalsqatests.ResetButton</td><td><a href="#m58">resetButtonTest</a></td><td rowspan="1">1655426451564</td><td rowspan="1">938</td></tr><tr class="passedodd"><td rowspan="1">globalsqatests.SearchCustomer</td><td><a href="#m59">searchCustomerTest</a></td><td rowspan="1">1655426464606</td><td rowspan="1">700</td></tr><tr class="passedeven"><td rowspan="1">globalsqatests.TransactionsButton</td><td><a href="#m60">transactionsButton</a></td><td rowspan="1">1655426461351</td><td rowspan="1">950</td></tr><tr class="passedodd"><td rowspan="2">globalsqatests.UserLogin</td><td><a href="#m61">harryPotterLoginTest</a></td><td rowspan="1">1655426480656</td><td rowspan="1">721</td></tr><tr class="passedodd"><td><a href="#m62">ronWeaslyLoginTest</a></td><td rowspan="1">1655426483968</td><td rowspan="1">725</td></tr><tr class="passedeven"><td rowspan="1">globalsqatests.WithdrawlButton</td><td><a href="#m63">withdrawlButtonTest</a></td><td rowspan="1">1655426471010</td><td rowspan="1">1092</td></tr></tbody>
</table>
<h2>com.SauceDemo Tests</h2><h3 id="m0">saucedemotests.ClickFunctionality#clickCCPATest</h3><table class="result"><tr><th>Exception</th></tr><tr><td><div class="stacktrace">org.openqa.selenium.ElementClickInterceptedException: element click intercepted: Element is not clickable at point (800, 5860)
  (Session info: chrome=102.0.5005.115)
Build info: version: &apos;4.1.4&apos;, revision: &apos;535d840ee2&apos;
System info: host: &apos;DESKTOP-DNJOJAA&apos;, ip: &apos;172.16.225.38&apos;, os.name: &apos;Windows 11&apos;, os.arch: &apos;amd64&apos;, os.version: &apos;10.0&apos;, java.version: &apos;11.0.15.1&apos;
Driver info: org.openqa.selenium.chrome.ChromeDriver
Command: [f42b4ee4e343eb8c8fbb7f3d0bafb427, clickElement {id=ed0febd8-3012-4221-804c-47afdc54f5e9}]
Capabilities {acceptInsecureCerts: false, browserName: chrome, browserVersion: 102.0.5005.115, chrome: {chromedriverVersion: 102.0.5005.61 (0e59bcc00cc4..., userDataDir: C:\Users\EvilT\AppData\Loca...}, goog:chromeOptions: {debuggerAddress: localhost:56691}, javascriptEnabled: true, networkConnectionEnabled: false, pageLoadStrategy: normal, platform: WINDOWS, platformName: WINDOWS, proxy: Proxy(), se:cdp: ws://localhost:56691/devtoo..., se:cdpVersion: 102.0.5005.115, setWindowRect: true, strictFileInteractability: false, timeouts: {implicit: 0, pageLoad: 300000, script: 30000}, unhandledPromptBehavior: dismiss and notify, webauthn:extension:credBlob: true, webauthn:extension:largeBlob: true, webauthn:virtualAuthenticators: true}
Element: [[ChromeDriver: chrome on WINDOWS (f42b4ee4e343eb8c8fbb7f3d0bafb427)] -&gt; xpath: //span[contains(text(),&apos;CCPA&apos;)]]
Session ID: f42b4ee4e343eb8c8fbb7f3d0bafb427
	at org.openqa.selenium.remote.codec.w3c.W3CHttpResponseCodec.createException(W3CHttpResponseCodec.java:200)
	at org.openqa.selenium.remote.codec.w3c.W3CHttpResponseCodec.decode(W3CHttpResponseCodec.java:133)
	at org.openqa.selenium.remote.codec.w3c.W3CHttpResponseCodec.decode(W3CHttpResponseCodec.java:53)
	at org.openqa.selenium.remote.HttpCommandExecutor.execute(HttpCommandExecutor.java:184)
	at org.openqa.selenium.remote.service.DriverCommandExecutor.invokeExecute(DriverCommandExecutor.java:167)
	at org.openqa.selenium.remote.service.DriverCommandExecutor.execute(DriverCommandExecutor.java:142)
	at org.openqa.selenium.remote.RemoteWebDriver.execute(RemoteWebDriver.java:567)
	at org.openqa.selenium.remote.RemoteWebElement.execute(RemoteWebElement.java:251)
	at org.openqa.selenium.remote.RemoteWebElement.click(RemoteWebElement.java:77)
	at org.openqa.selenium.support.pagefactory.internal.LocatingElementHandler.invoke(LocatingElementHandler.java:52)
	at com.sun.proxy.$Proxy17.click(Unknown Source)
	at base.CommonAPI.click(CommonAPI.java:218)
	at saucedemopages.SauceLabsPage.clickCCPA(SauceLabsPage.java:126)
	at saucedemotests.ClickFunctionality.clickCCPATest(ClickFunctionality.java:204)
... Removed 36 stack frames</div></td></tr></table><p class="totop"><a href="#summary">back to summary</a></p>
<h3 id="m1">saucedemotests.ClickFunctionality#clickCookiesSettingAndConfirmTest</h3><table class="result"><tr><th>Exception</th></tr><tr><td><div class="stacktrace">org.openqa.selenium.ElementClickInterceptedException: element click intercepted: Element is not clickable at point (873, 5860)
  (Session info: chrome=102.0.5005.115)
Build info: version: &apos;4.1.4&apos;, revision: &apos;535d840ee2&apos;
System info: host: &apos;DESKTOP-DNJOJAA&apos;, ip: &apos;172.16.225.38&apos;, os.name: &apos;Windows 11&apos;, os.arch: &apos;amd64&apos;, os.version: &apos;10.0&apos;, java.version: &apos;11.0.15.1&apos;
Driver info: org.openqa.selenium.chrome.ChromeDriver
Command: [856c4694a7cb07dd2eca23d626ba2756, clickElement {id=dc9e5801-9ded-4b58-a582-c4121c5d2cdb}]
Capabilities {acceptInsecureCerts: false, browserName: chrome, browserVersion: 102.0.5005.115, chrome: {chromedriverVersion: 102.0.5005.61 (0e59bcc00cc4..., userDataDir: C:\Users\EvilT\AppData\Loca...}, goog:chromeOptions: {debuggerAddress: localhost:56792}, javascriptEnabled: true, networkConnectionEnabled: false, pageLoadStrategy: normal, platform: WINDOWS, platformName: WINDOWS, proxy: Proxy(), se:cdp: ws://localhost:56792/devtoo..., se:cdpVersion: 102.0.5005.115, setWindowRect: true, strictFileInteractability: false, timeouts: {implicit: 0, pageLoad: 300000, script: 30000}, unhandledPromptBehavior: dismiss and notify, webauthn:extension:credBlob: true, webauthn:extension:largeBlob: true, webauthn:virtualAuthenticators: true}
Element: [[ChromeDriver: chrome on WINDOWS (856c4694a7cb07dd2eca23d626ba2756)] -&gt; xpath: //a[contains(text(),&apos;Cookies Settings&apos;)]]
Session ID: 856c4694a7cb07dd2eca23d626ba2756
	at org.openqa.selenium.remote.codec.w3c.W3CHttpResponseCodec.createException(W3CHttpResponseCodec.java:200)
	at org.openqa.selenium.remote.codec.w3c.W3CHttpResponseCodec.decode(W3CHttpResponseCodec.java:133)
	at org.openqa.selenium.remote.codec.w3c.W3CHttpResponseCodec.decode(W3CHttpResponseCodec.java:53)
	at org.openqa.selenium.remote.HttpCommandExecutor.execute(HttpCommandExecutor.java:184)
	at org.openqa.selenium.remote.service.DriverCommandExecutor.invokeExecute(DriverCommandExecutor.java:167)
	at org.openqa.selenium.remote.service.DriverCommandExecutor.execute(DriverCommandExecutor.java:142)
	at org.openqa.selenium.remote.RemoteWebDriver.execute(RemoteWebDriver.java:567)
	at org.openqa.selenium.remote.RemoteWebElement.execute(RemoteWebElement.java:251)
	at org.openqa.selenium.remote.RemoteWebElement.click(RemoteWebElement.java:77)
	at org.openqa.selenium.support.pagefactory.internal.LocatingElementHandler.invoke(LocatingElementHandler.java:52)
	at com.sun.proxy.$Proxy17.click(Unknown Source)
	at base.CommonAPI.click(CommonAPI.java:218)
	at saucedemopages.SauceLabsPage.clickCookiesSetting(SauceLabsPage.java:130)
	at saucedemotests.ClickFunctionality.clickCookiesSettingAndConfirmTest(ClickFunctionality.java:231)
... Removed 36 stack frames</div></td></tr></table><p class="totop"><a href="#summary">back to summary</a></p>
<h3 id="m2">saucedemotests.ClickFunctionality#clickEEATest</h3><table class="result"><tr><th>Exception</th></tr><tr><td><div class="stacktrace">org.openqa.selenium.ElementClickInterceptedException: element click intercepted: Element is not clickable at point (752, 5860)
  (Session info: chrome=102.0.5005.115)
Build info: version: &apos;4.1.4&apos;, revision: &apos;535d840ee2&apos;
System info: host: &apos;DESKTOP-DNJOJAA&apos;, ip: &apos;172.16.225.38&apos;, os.name: &apos;Windows 11&apos;, os.arch: &apos;amd64&apos;, os.version: &apos;10.0&apos;, java.version: &apos;11.0.15.1&apos;
Driver info: org.openqa.selenium.chrome.ChromeDriver
Command: [1fd59138eac8b30c78c5ec3409d3c3fd, clickElement {id=937c514f-aedb-41e7-a0b6-c66eef75981a}]
Capabilities {acceptInsecureCerts: false, browserName: chrome, browserVersion: 102.0.5005.115, chrome: {chromedriverVersion: 102.0.5005.61 (0e59bcc00cc4..., userDataDir: C:\Users\EvilT\AppData\Loca...}, goog:chromeOptions: {debuggerAddress: localhost:56900}, javascriptEnabled: true, networkConnectionEnabled: false, pageLoadStrategy: normal, platform: WINDOWS, platformName: WINDOWS, proxy: Proxy(), se:cdp: ws://localhost:56900/devtoo..., se:cdpVersion: 102.0.5005.115, setWindowRect: true, strictFileInteractability: false, timeouts: {implicit: 0, pageLoad: 300000, script: 30000}, unhandledPromptBehavior: dismiss and notify, webauthn:extension:credBlob: true, webauthn:extension:largeBlob: true, webauthn:virtualAuthenticators: true}
Element: [[ChromeDriver: chrome on WINDOWS (1fd59138eac8b30c78c5ec3409d3c3fd)] -&gt; xpath: //body/div[4]/div[1]/div[1]/div[2]/ul[1]/li[3]/a[1]]
Session ID: 1fd59138eac8b30c78c5ec3409d3c3fd
	at org.openqa.selenium.remote.codec.w3c.W3CHttpResponseCodec.createException(W3CHttpResponseCodec.java:200)
	at org.openqa.selenium.remote.codec.w3c.W3CHttpResponseCodec.decode(W3CHttpResponseCodec.java:133)
	at org.openqa.selenium.remote.codec.w3c.W3CHttpResponseCodec.decode(W3CHttpResponseCodec.java:53)
	at org.openqa.selenium.remote.HttpCommandExecutor.execute(HttpCommandExecutor.java:184)
	at org.openqa.selenium.remote.service.DriverCommandExecutor.invokeExecute(DriverCommandExecutor.java:167)
	at org.openqa.selenium.remote.service.DriverCommandExecutor.execute(DriverCommandExecutor.java:142)
	at org.openqa.selenium.remote.RemoteWebDriver.execute(RemoteWebDriver.java:567)
	at org.openqa.selenium.remote.RemoteWebElement.execute(RemoteWebElement.java:251)
	at org.openqa.selenium.remote.RemoteWebElement.click(RemoteWebElement.java:77)
	at org.openqa.selenium.support.pagefactory.internal.LocatingElementHandler.invoke(LocatingElementHandler.java:52)
	at com.sun.proxy.$Proxy17.click(Unknown Source)
	at base.CommonAPI.click(CommonAPI.java:218)
	at saucedemopages.SauceLabsPage.clickEEA(SauceLabsPage.java:122)
	at saucedemotests.ClickFunctionality.clickEEATest(ClickFunctionality.java:176)
... Removed 36 stack frames</div></td></tr></table><p class="totop"><a href="#summary">back to summary</a></p>
<h3 id="m3">saucedemotests.ClickFunctionality#clickErrorReportingTest</h3><table class="result"><tr><th>Exception</th></tr><tr><td><div class="stacktrace">org.openqa.selenium.ElementClickInterceptedException: element click intercepted: Element is not clickable at point (553, 868)
  (Session info: chrome=102.0.5005.115)
Build info: version: &apos;4.1.4&apos;, revision: &apos;535d840ee2&apos;
System info: host: &apos;DESKTOP-DNJOJAA&apos;, ip: &apos;172.16.225.38&apos;, os.name: &apos;Windows 11&apos;, os.arch: &apos;amd64&apos;, os.version: &apos;10.0&apos;, java.version: &apos;11.0.15.1&apos;
Driver info: org.openqa.selenium.chrome.ChromeDriver
Command: [2aca2bffb5cd4decf96ba431ba5a79fb, clickElement {id=006fb052-7d26-446e-826d-7c477b053f0f}]
Capabilities {acceptInsecureCerts: false, browserName: chrome, browserVersion: 102.0.5005.115, chrome: {chromedriverVersion: 102.0.5005.61 (0e59bcc00cc4..., userDataDir: C:\Users\EvilT\AppData\Loca...}, goog:chromeOptions: {debuggerAddress: localhost:57008}, javascriptEnabled: true, networkConnectionEnabled: false, pageLoadStrategy: normal, platform: WINDOWS, platformName: WINDOWS, proxy: Proxy(), se:cdp: ws://localhost:57008/devtoo..., se:cdpVersion: 102.0.5005.115, setWindowRect: true, strictFileInteractability: false, timeouts: {implicit: 0, pageLoad: 300000, script: 30000}, unhandledPromptBehavior: dismiss and notify, webauthn:extension:credBlob: true, webauthn:extension:largeBlob: true, webauthn:virtualAuthenticators: true}
Element: [[ChromeDriver: chrome on WINDOWS (2aca2bffb5cd4decf96ba431ba5a79fb)] -&gt; xpath: //body/div[@id=&apos;template__page&apos;]/div[1]/section[2]/div[1]/div[2]/div[4]/a[1]/div[1]/div[1]/div[1]/picture[1]/img[1]]
Session ID: 2aca2bffb5cd4decf96ba431ba5a79fb
	at org.openqa.selenium.remote.codec.w3c.W3CHttpResponseCodec.createException(W3CHttpResponseCodec.java:200)
	at org.openqa.selenium.remote.codec.w3c.W3CHttpResponseCodec.decode(W3CHttpResponseCodec.java:133)
	at org.openqa.selenium.remote.codec.w3c.W3CHttpResponseCodec.decode(W3CHttpResponseCodec.java:53)
	at org.openqa.selenium.remote.HttpCommandExecutor.execute(HttpCommandExecutor.java:184)
	at org.openqa.selenium.remote.service.DriverCommandExecutor.invokeExecute(DriverCommandExecutor.java:167)
	at org.openqa.selenium.remote.service.DriverCommandExecutor.execute(DriverCommandExecutor.java:142)
	at org.openqa.selenium.remote.RemoteWebDriver.execute(RemoteWebDriver.java:567)
	at org.openqa.selenium.remote.RemoteWebElement.execute(RemoteWebElement.java:251)
	at org.openqa.selenium.remote.RemoteWebElement.click(RemoteWebElement.java:77)
	at org.openqa.selenium.support.pagefactory.internal.LocatingElementHandler.invoke(LocatingElementHandler.java:52)
	at com.sun.proxy.$Proxy17.click(Unknown Source)
	at base.CommonAPI.click(CommonAPI.java:218)
	at saucedemopages.SauceLabsPage.clickErrorReporting(SauceLabsPage.java:105)
	at saucedemotests.ClickFunctionality.clickErrorReportingTest(ClickFunctionality.java:68)
... Removed 36 stack frames</div></td></tr></table><p class="totop"><a href="#summary">back to summary</a></p>
<h3 id="m4">saucedemotests.ClickFunctionality#clickPrivacyTest</h3><table class="result"><tr><th>Exception</th></tr><tr><td><div class="stacktrace">org.openqa.selenium.ElementClickInterceptedException: element click intercepted: Element is not clickable at point (603, 5860)
  (Session info: chrome=102.0.5005.115)
Build info: version: &apos;4.1.4&apos;, revision: &apos;535d840ee2&apos;
System info: host: &apos;DESKTOP-DNJOJAA&apos;, ip: &apos;172.16.225.38&apos;, os.name: &apos;Windows 11&apos;, os.arch: &apos;amd64&apos;, os.version: &apos;10.0&apos;, java.version: &apos;11.0.15.1&apos;
Driver info: org.openqa.selenium.chrome.ChromeDriver
Command: [4b17fd30a16ad8d76c97a5fac763ebaf, clickElement {id=f37d042f-e88a-4a09-81a7-071646fbda3f}]
Capabilities {acceptInsecureCerts: false, browserName: chrome, browserVersion: 102.0.5005.115, chrome: {chromedriverVersion: 102.0.5005.61 (0e59bcc00cc4..., userDataDir: C:\Users\EvilT\AppData\Loca...}, goog:chromeOptions: {debuggerAddress: localhost:57118}, javascriptEnabled: true, networkConnectionEnabled: false, pageLoadStrategy: normal, platform: WINDOWS, platformName: WINDOWS, proxy: Proxy(), se:cdp: ws://localhost:57118/devtoo..., se:cdpVersion: 102.0.5005.115, setWindowRect: true, strictFileInteractability: false, timeouts: {implicit: 0, pageLoad: 300000, script: 30000}, unhandledPromptBehavior: dismiss and notify, webauthn:extension:credBlob: true, webauthn:extension:largeBlob: true, webauthn:virtualAuthenticators: true}
Element: [[ChromeDriver: chrome on WINDOWS (4b17fd30a16ad8d76c97a5fac763ebaf)] -&gt; xpath: //span[contains(text(),&apos;Privacy&apos;)]]
Session ID: 4b17fd30a16ad8d76c97a5fac763ebaf
	at org.openqa.selenium.remote.codec.w3c.W3CHttpResponseCodec.createException(W3CHttpResponseCodec.java:200)
	at org.openqa.selenium.remote.codec.w3c.W3CHttpResponseCodec.decode(W3CHttpResponseCodec.java:133)
	at org.openqa.selenium.remote.codec.w3c.W3CHttpResponseCodec.decode(W3CHttpResponseCodec.java:53)
	at org.openqa.selenium.remote.HttpCommandExecutor.execute(HttpCommandExecutor.java:184)
	at org.openqa.selenium.remote.service.DriverCommandExecutor.invokeExecute(DriverCommandExecutor.java:167)
	at org.openqa.selenium.remote.service.DriverCommandExecutor.execute(DriverCommandExecutor.java:142)
	at org.openqa.selenium.remote.RemoteWebDriver.execute(RemoteWebDriver.java:567)
	at org.openqa.selenium.remote.RemoteWebElement.execute(RemoteWebElement.java:251)
	at org.openqa.selenium.remote.RemoteWebElement.click(RemoteWebElement.java:77)
	at org.openqa.selenium.support.pagefactory.internal.LocatingElementHandler.invoke(LocatingElementHandler.java:52)
	at com.sun.proxy.$Proxy17.click(Unknown Source)
	at base.CommonAPI.click(CommonAPI.java:218)
	at saucedemopages.SauceLabsPage.clickPrivacy(SauceLabsPage.java:118)
	at saucedemotests.ClickFunctionality.clickPrivacyTest(ClickFunctionality.java:149)
... Removed 36 stack frames</div></td></tr></table><p class="totop"><a href="#summary">back to summary</a></p>
<h3 id="m5">saucedemotests.ClickFunctionality#clickSignUpPrivacyPolicyTest</h3><table class="result"><tr><th>Exception</th></tr><tr><td><div class="stacktrace">org.openqa.selenium.NoSuchElementException: no such element: Unable to locate element: {&quot;method&quot;:&quot;xpath&quot;,&quot;selector&quot;:&quot;//span[contains(text(),&apos;Privacy&apos;)]&quot;}
  (Session info: chrome=102.0.5005.115)
For documentation on this error, please visit: https://selenium.dev/exceptions/#no_such_element
Build info: version: &apos;4.1.4&apos;, revision: &apos;535d840ee2&apos;
System info: host: &apos;DESKTOP-DNJOJAA&apos;, ip: &apos;172.16.225.38&apos;, os.name: &apos;Windows 11&apos;, os.arch: &apos;amd64&apos;, os.version: &apos;10.0&apos;, java.version: &apos;11.0.15.1&apos;
Driver info: org.openqa.selenium.chrome.ChromeDriver
Command: [8b961800adaeb33a4b1fb74a9fe497dc, findElement {using=xpath, value=//span[contains(text(),&apos;Privacy&apos;)]}]
Capabilities {acceptInsecureCerts: false, browserName: chrome, browserVersion: 102.0.5005.115, chrome: {chromedriverVersion: 102.0.5005.61 (0e59bcc00cc4..., userDataDir: C:\Users\EvilT\AppData\Loca...}, goog:chromeOptions: {debuggerAddress: localhost:57217}, javascriptEnabled: true, networkConnectionEnabled: false, pageLoadStrategy: normal, platform: WINDOWS, platformName: WINDOWS, proxy: Proxy(), se:cdp: ws://localhost:57217/devtoo..., se:cdpVersion: 102.0.5005.115, setWindowRect: true, strictFileInteractability: false, timeouts: {implicit: 0, pageLoad: 300000, script: 30000}, unhandledPromptBehavior: dismiss and notify, webauthn:extension:credBlob: true, webauthn:extension:largeBlob: true, webauthn:virtualAuthenticators: true}
Session ID: 8b961800adaeb33a4b1fb74a9fe497dc
	at org.openqa.selenium.remote.codec.w3c.W3CHttpResponseCodec.createException(W3CHttpResponseCodec.java:200)
	at org.openqa.selenium.remote.codec.w3c.W3CHttpResponseCodec.decode(W3CHttpResponseCodec.java:133)
	at org.openqa.selenium.remote.codec.w3c.W3CHttpResponseCodec.decode(W3CHttpResponseCodec.java:53)
	at org.openqa.selenium.remote.HttpCommandExecutor.execute(HttpCommandExecutor.java:184)
	at org.openqa.selenium.remote.service.DriverCommandExecutor.invokeExecute(DriverCommandExecutor.java:167)
	at org.openqa.selenium.remote.service.DriverCommandExecutor.execute(DriverCommandExecutor.java:142)
	at org.openqa.selenium.remote.RemoteWebDriver.execute(RemoteWebDriver.java:567)
	at org.openqa.selenium.remote.ElementLocation$ElementFinder$2.findElement(ElementLocation.java:162)
	at org.openqa.selenium.remote.ElementLocation.findElement(ElementLocation.java:60)
	at org.openqa.selenium.remote.RemoteWebDriver.findElement(RemoteWebDriver.java:385)
	at org.openqa.selenium.remote.RemoteWebDriver.findElement(RemoteWebDriver.java:377)
	at org.openqa.selenium.support.pagefactory.DefaultElementLocator.findElement(DefaultElementLocator.java:70)
	at org.openqa.selenium.support.pagefactory.internal.LocatingElementHandler.invoke(LocatingElementHandler.java:39)
	at com.sun.proxy.$Proxy17.click(Unknown Source)
	at base.CommonAPI.click(CommonAPI.java:218)
	at saucedemopages.SauceLabsPage.clickPrivacy(SauceLabsPage.java:118)
	at saucedemotests.ClickFunctionality.clickSignUpPrivacyPolicyTest(ClickFunctionality.java:325)
... Removed 33 stack frames</div></td></tr></table><p class="totop"><a href="#summary">back to summary</a></p>
<h3 id="m6">saucedemotests.ClickFunctionality#clickSignUpTermsAndConditionsTest</h3><table class="result"><tr><th>Exception</th></tr><tr><td><div class="stacktrace">org.openqa.selenium.TimeoutException: Expected condition failed: waiting for url to be &quot;https://saucelabs.com/terms-of-service&quot;. Current url: &quot;https://saucelabs.com/sign-up&quot; (tried for 15 second(s) with 500 milliseconds interval)
Build info: version: &apos;4.1.4&apos;, revision: &apos;535d840ee2&apos;
System info: host: &apos;DESKTOP-DNJOJAA&apos;, ip: &apos;172.16.225.38&apos;, os.name: &apos;Windows 11&apos;, os.arch: &apos;amd64&apos;, os.version: &apos;10.0&apos;, java.version: &apos;11.0.15.1&apos;
Driver info: org.openqa.selenium.chrome.ChromeDriver
Capabilities {acceptInsecureCerts: false, browserName: chrome, browserVersion: 102.0.5005.115, chrome: {chromedriverVersion: 102.0.5005.61 (0e59bcc00cc4..., userDataDir: C:\Users\EvilT\AppData\Loca...}, goog:chromeOptions: {debuggerAddress: localhost:57387}, javascriptEnabled: true, networkConnectionEnabled: false, pageLoadStrategy: normal, platform: WINDOWS, platformName: WINDOWS, proxy: Proxy(), se:cdp: ws://localhost:57387/devtoo..., se:cdpVersion: 102.0.5005.115, setWindowRect: true, strictFileInteractability: false, timeouts: {implicit: 0, pageLoad: 300000, script: 30000}, unhandledPromptBehavior: dismiss and notify, webauthn:extension:credBlob: true, webauthn:extension:largeBlob: true, webauthn:virtualAuthenticators: true}
Session ID: b3042e457fb3f68a4d217ce2c158f4cf
	at org.openqa.selenium.support.ui.WebDriverWait.timeoutException(WebDriverWait.java:87)
	at org.openqa.selenium.support.ui.FluentWait.until(FluentWait.java:231)
	at saucedemotests.ClickFunctionality.clickSignUpTermsAndConditionsTest(ClickFunctionality.java:294)
... Removed 29 stack frames</div></td></tr></table><p class="totop"><a href="#summary">back to summary</a></p>
<h3 id="m7">saucedemotests.ClickFunctionality#clickSignUpWithEmailTest</h3><table class="result"><tr><th>Exception</th></tr><tr><td><div class="stacktrace">org.openqa.selenium.TimeoutException: Expected condition failed: waiting for url to be &quot;https://saucelabs.com/register&quot;. Current url: &quot;https://saucelabs.com/sign-up/register&quot; (tried for 15 second(s) with 500 milliseconds interval)
Build info: version: &apos;4.1.4&apos;, revision: &apos;535d840ee2&apos;
System info: host: &apos;DESKTOP-DNJOJAA&apos;, ip: &apos;172.16.225.38&apos;, os.name: &apos;Windows 11&apos;, os.arch: &apos;amd64&apos;, os.version: &apos;10.0&apos;, java.version: &apos;11.0.15.1&apos;
Driver info: org.openqa.selenium.chrome.ChromeDriver
Capabilities {acceptInsecureCerts: false, browserName: chrome, browserVersion: 102.0.5005.115, chrome: {chromedriverVersion: 102.0.5005.61 (0e59bcc00cc4..., userDataDir: C:\Users\EvilT\AppData\Loca...}, goog:chromeOptions: {debuggerAddress: localhost:57574}, javascriptEnabled: true, networkConnectionEnabled: false, pageLoadStrategy: normal, platform: WINDOWS, platformName: WINDOWS, proxy: Proxy(), se:cdp: ws://localhost:57574/devtoo..., se:cdpVersion: 102.0.5005.115, setWindowRect: true, strictFileInteractability: false, timeouts: {implicit: 0, pageLoad: 300000, script: 30000}, unhandledPromptBehavior: dismiss and notify, webauthn:extension:credBlob: true, webauthn:extension:largeBlob: true, webauthn:virtualAuthenticators: true}
Session ID: d46e89b0fe8e1e249dc71c921b078f22
	at org.openqa.selenium.support.ui.WebDriverWait.timeoutException(WebDriverWait.java:87)
	at org.openqa.selenium.support.ui.FluentWait.until(FluentWait.java:231)
	at saucedemotests.ClickFunctionality.clickSignUpWithEmailTest(ClickFunctionality.java:361)
... Removed 29 stack frames</div></td></tr></table><p class="totop"><a href="#summary">back to summary</a></p>
<h3 id="m8">saucedemotests.ClickFunctionality#clickTermsOfServiceTest</h3><table class="result"><tr><th>Exception</th></tr><tr><td><div class="stacktrace">org.openqa.selenium.ElementClickInterceptedException: element click intercepted: Element is not clickable at point (680, 5860)
  (Session info: chrome=102.0.5005.115)
Build info: version: &apos;4.1.4&apos;, revision: &apos;535d840ee2&apos;
System info: host: &apos;DESKTOP-DNJOJAA&apos;, ip: &apos;172.16.225.38&apos;, os.name: &apos;Windows 11&apos;, os.arch: &apos;amd64&apos;, os.version: &apos;10.0&apos;, java.version: &apos;11.0.15.1&apos;
Driver info: org.openqa.selenium.chrome.ChromeDriver
Command: [add7decdda4835fbe6f678946f2a96a8, clickElement {id=b3eb000a-cefd-43ec-8147-610bf303015d}]
Capabilities {acceptInsecureCerts: false, browserName: chrome, browserVersion: 102.0.5005.115, chrome: {chromedriverVersion: 102.0.5005.61 (0e59bcc00cc4..., userDataDir: C:\Users\EvilT\AppData\Loca...}, goog:chromeOptions: {debuggerAddress: localhost:57776}, javascriptEnabled: true, networkConnectionEnabled: false, pageLoadStrategy: normal, platform: WINDOWS, platformName: WINDOWS, proxy: Proxy(), se:cdp: ws://localhost:57776/devtoo..., se:cdpVersion: 102.0.5005.115, setWindowRect: true, strictFileInteractability: false, timeouts: {implicit: 0, pageLoad: 300000, script: 30000}, unhandledPromptBehavior: dismiss and notify, webauthn:extension:credBlob: true, webauthn:extension:largeBlob: true, webauthn:virtualAuthenticators: true}
Element: [[ChromeDriver: chrome on WINDOWS (add7decdda4835fbe6f678946f2a96a8)] -&gt; xpath: //span[contains(text(),&apos;Terms of Service&apos;)]]
Session ID: add7decdda4835fbe6f678946f2a96a8
	at org.openqa.selenium.remote.codec.w3c.W3CHttpResponseCodec.createException(W3CHttpResponseCodec.java:200)
	at org.openqa.selenium.remote.codec.w3c.W3CHttpResponseCodec.decode(W3CHttpResponseCodec.java:133)
	at org.openqa.selenium.remote.codec.w3c.W3CHttpResponseCodec.decode(W3CHttpResponseCodec.java:53)
	at org.openqa.selenium.remote.HttpCommandExecutor.execute(HttpCommandExecutor.java:184)
	at org.openqa.selenium.remote.service.DriverCommandExecutor.invokeExecute(DriverCommandExecutor.java:167)
	at org.openqa.selenium.remote.service.DriverCommandExecutor.execute(DriverCommandExecutor.java:142)
	at org.openqa.selenium.remote.RemoteWebDriver.execute(RemoteWebDriver.java:567)
	at org.openqa.selenium.remote.RemoteWebElement.execute(RemoteWebElement.java:251)
	at org.openqa.selenium.remote.RemoteWebElement.click(RemoteWebElement.java:77)
	at org.openqa.selenium.support.pagefactory.internal.LocatingElementHandler.invoke(LocatingElementHandler.java:52)
	at com.sun.proxy.$Proxy17.click(Unknown Source)
	at base.CommonAPI.click(CommonAPI.java:218)
	at saucedemopages.SauceLabsPage.clickTermsOfService(SauceLabsPage.java:114)
	at saucedemotests.ClickFunctionality.clickTermsOfServiceTest(ClickFunctionality.java:122)
... Removed 36 stack frames</div></td></tr></table><p class="totop"><a href="#summary">back to summary</a></p>
<h3 id="m9">saucedemotests.ClickFunctionality#clickTestAutomationTest</h3><table class="result"><tr><th>Exception</th></tr><tr><td><div class="stacktrace">org.openqa.selenium.ElementClickInterceptedException: element click intercepted: Element is not clickable at point (760, 1055)
  (Session info: chrome=102.0.5005.115)
Build info: version: &apos;4.1.4&apos;, revision: &apos;535d840ee2&apos;
System info: host: &apos;DESKTOP-DNJOJAA&apos;, ip: &apos;172.16.225.38&apos;, os.name: &apos;Windows 11&apos;, os.arch: &apos;amd64&apos;, os.version: &apos;10.0&apos;, java.version: &apos;11.0.15.1&apos;
Driver info: org.openqa.selenium.chrome.ChromeDriver
Command: [1f28ed26b72fb78f2945fc0b574e8e33, clickElement {id=25ba48f2-ca2f-4504-a592-e8734cbbef9b}]
Capabilities {acceptInsecureCerts: false, browserName: chrome, browserVersion: 102.0.5005.115, chrome: {chromedriverVersion: 102.0.5005.61 (0e59bcc00cc4..., userDataDir: C:\Users\EvilT\AppData\Loca...}, goog:chromeOptions: {debuggerAddress: localhost:57880}, javascriptEnabled: true, networkConnectionEnabled: false, pageLoadStrategy: normal, platform: WINDOWS, platformName: WINDOWS, proxy: Proxy(), se:cdp: ws://localhost:57880/devtoo..., se:cdpVersion: 102.0.5005.115, setWindowRect: true, strictFileInteractability: false, timeouts: {implicit: 0, pageLoad: 300000, script: 30000}, unhandledPromptBehavior: dismiss and notify, webauthn:extension:credBlob: true, webauthn:extension:largeBlob: true, webauthn:virtualAuthenticators: true}
Element: [[ChromeDriver: chrome on WINDOWS (1f28ed26b72fb78f2945fc0b574e8e33)] -&gt; xpath: //h2[contains(text(),&apos;Test Automation&apos;)]]
Session ID: 1f28ed26b72fb78f2945fc0b574e8e33
	at org.openqa.selenium.remote.codec.w3c.W3CHttpResponseCodec.createException(W3CHttpResponseCodec.java:200)
	at org.openqa.selenium.remote.codec.w3c.W3CHttpResponseCodec.decode(W3CHttpResponseCodec.java:133)
	at org.openqa.selenium.remote.codec.w3c.W3CHttpResponseCodec.decode(W3CHttpResponseCodec.java:53)
	at org.openqa.selenium.remote.HttpCommandExecutor.execute(HttpCommandExecutor.java:184)
	at org.openqa.selenium.remote.service.DriverCommandExecutor.invokeExecute(DriverCommandExecutor.java:167)
	at org.openqa.selenium.remote.service.DriverCommandExecutor.execute(DriverCommandExecutor.java:142)
	at org.openqa.selenium.remote.RemoteWebDriver.execute(RemoteWebDriver.java:567)
	at org.openqa.selenium.remote.RemoteWebElement.execute(RemoteWebElement.java:251)
	at org.openqa.selenium.remote.RemoteWebElement.click(RemoteWebElement.java:77)
	at org.openqa.selenium.support.pagefactory.internal.LocatingElementHandler.invoke(LocatingElementHandler.java:52)
	at com.sun.proxy.$Proxy17.click(Unknown Source)
	at base.CommonAPI.click(CommonAPI.java:218)
	at saucedemopages.SauceLabsPage.clickTestAutomation(SauceLabsPage.java:110)
	at saucedemotests.ClickFunctionality.clickTestAutomationTest(ClickFunctionality.java:95)
... Removed 36 stack frames</div></td></tr></table><p class="totop"><a href="#summary">back to summary</a></p>
<h3 id="m10">saucedemotests.ClickFunctionality#clickVisualTestingTest</h3><table class="result"><tr><th>Exception</th></tr><tr><td><div class="stacktrace">org.openqa.selenium.ElementClickInterceptedException: element click intercepted: Element is not clickable at point (289, 1076)
  (Session info: chrome=102.0.5005.115)
Build info: version: &apos;4.1.4&apos;, revision: &apos;535d840ee2&apos;
System info: host: &apos;DESKTOP-DNJOJAA&apos;, ip: &apos;172.16.225.38&apos;, os.name: &apos;Windows 11&apos;, os.arch: &apos;amd64&apos;, os.version: &apos;10.0&apos;, java.version: &apos;11.0.15.1&apos;
Driver info: org.openqa.selenium.chrome.ChromeDriver
Command: [a2ee0044b7c1ca63f442780b24c5eeb2, clickElement {id=42025472-cce1-4098-8fdd-ab0819a89491}]
Capabilities {acceptInsecureCerts: false, browserName: chrome, browserVersion: 102.0.5005.115, chrome: {chromedriverVersion: 102.0.5005.61 (0e59bcc00cc4..., userDataDir: C:\Users\EvilT\AppData\Loca...}, goog:chromeOptions: {debuggerAddress: localhost:58127}, javascriptEnabled: true, networkConnectionEnabled: false, pageLoadStrategy: normal, platform: WINDOWS, platformName: WINDOWS, proxy: Proxy(), se:cdp: ws://localhost:58127/devtoo..., se:cdpVersion: 102.0.5005.115, setWindowRect: true, strictFileInteractability: false, timeouts: {implicit: 0, pageLoad: 300000, script: 30000}, unhandledPromptBehavior: dismiss and notify, webauthn:extension:credBlob: true, webauthn:extension:largeBlob: true, webauthn:virtualAuthenticators: true}
Element: [[ChromeDriver: chrome on WINDOWS (a2ee0044b7c1ca63f442780b24c5eeb2)] -&gt; xpath: //body/div[@id=&apos;template__page&apos;]/div[1]/section[2]/div[1]/div[2]/div[7]/a[1]]
Session ID: a2ee0044b7c1ca63f442780b24c5eeb2
	at org.openqa.selenium.remote.codec.w3c.W3CHttpResponseCodec.createException(W3CHttpResponseCodec.java:200)
	at org.openqa.selenium.remote.codec.w3c.W3CHttpResponseCodec.decode(W3CHttpResponseCodec.java:133)
	at org.openqa.selenium.remote.codec.w3c.W3CHttpResponseCodec.decode(W3CHttpResponseCodec.java:53)
	at org.openqa.selenium.remote.HttpCommandExecutor.execute(HttpCommandExecutor.java:184)
	at org.openqa.selenium.remote.service.DriverCommandExecutor.invokeExecute(DriverCommandExecutor.java:167)
	at org.openqa.selenium.remote.service.DriverCommandExecutor.execute(DriverCommandExecutor.java:142)
	at org.openqa.selenium.remote.RemoteWebDriver.execute(RemoteWebDriver.java:567)
	at org.openqa.selenium.remote.RemoteWebElement.execute(RemoteWebElement.java:251)
	at org.openqa.selenium.remote.RemoteWebElement.click(RemoteWebElement.java:77)
	at org.openqa.selenium.support.pagefactory.internal.LocatingElementHandler.invoke(LocatingElementHandler.java:52)
	at com.sun.proxy.$Proxy17.click(Unknown Source)
	at base.CommonAPI.click(CommonAPI.java:218)
	at saucedemopages.SauceLabsPage.clickVisualTesting(SauceLabsPage.java:101)
	at saucedemotests.ClickFunctionality.clickVisualTestingTest(ClickFunctionality.java:39)
... Removed 36 stack frames</div></td></tr></table><p class="totop"><a href="#summary">back to summary</a></p>
<h3 id="m11">saucedemotests.HoverOver#hoverOverAPITestingAndClickTest</h3><table class="result"><tr><th>Exception</th></tr><tr><td><div class="stacktrace">org.openqa.selenium.interactions.MoveTargetOutOfBoundsException: move target out of bounds
  (Session info: chrome=102.0.5005.115)
Build info: version: &apos;4.1.4&apos;, revision: &apos;535d840ee2&apos;
System info: host: &apos;DESKTOP-DNJOJAA&apos;, ip: &apos;172.16.225.38&apos;, os.name: &apos;Windows 11&apos;, os.arch: &apos;amd64&apos;, os.version: &apos;10.0&apos;, java.version: &apos;11.0.15.1&apos;
Driver info: org.openqa.selenium.chrome.ChromeDriver
Command: [c89e172ae5a043d6fab5e9f9132e35a8, actions {actions=[org.openqa.selenium.interactions.Sequence@75adb1c0]}]
Capabilities {acceptInsecureCerts: false, browserName: chrome, browserVersion: 102.0.5005.115, chrome: {chromedriverVersion: 102.0.5005.61 (0e59bcc00cc4..., userDataDir: C:\Users\EvilT\AppData\Loca...}, goog:chromeOptions: {debuggerAddress: localhost:58324}, javascriptEnabled: true, networkConnectionEnabled: false, pageLoadStrategy: normal, platform: WINDOWS, platformName: WINDOWS, proxy: Proxy(), se:cdp: ws://localhost:58324/devtoo..., se:cdpVersion: 102.0.5005.115, setWindowRect: true, strictFileInteractability: false, timeouts: {implicit: 0, pageLoad: 300000, script: 30000}, unhandledPromptBehavior: dismiss and notify, webauthn:extension:credBlob: true, webauthn:extension:largeBlob: true, webauthn:virtualAuthenticators: true}
Session ID: c89e172ae5a043d6fab5e9f9132e35a8
	at org.openqa.selenium.remote.codec.w3c.W3CHttpResponseCodec.createException(W3CHttpResponseCodec.java:200)
	at org.openqa.selenium.remote.codec.w3c.W3CHttpResponseCodec.decode(W3CHttpResponseCodec.java:133)
	at org.openqa.selenium.remote.codec.w3c.W3CHttpResponseCodec.decode(W3CHttpResponseCodec.java:53)
	at org.openqa.selenium.remote.HttpCommandExecutor.execute(HttpCommandExecutor.java:184)
	at org.openqa.selenium.remote.service.DriverCommandExecutor.invokeExecute(DriverCommandExecutor.java:167)
	at org.openqa.selenium.remote.service.DriverCommandExecutor.execute(DriverCommandExecutor.java:142)
	at org.openqa.selenium.remote.RemoteWebDriver.execute(RemoteWebDriver.java:567)
	at org.openqa.selenium.remote.RemoteWebDriver.perform(RemoteWebDriver.java:635)
	at org.openqa.selenium.interactions.Actions$BuiltAction.perform(Actions.java:656)
	at saucedemotests.HoverOver.hoverOverAPITestingAndClickTest(HoverOver.java:296)
... Removed 33 stack frames</div></td></tr></table><p class="totop"><a href="#summary">back to summary</a></p>
<h3 id="m12">saucedemotests.HoverOver#hoverOverContactTest</h3><table class="result"><tr><th>Exception</th></tr><tr><td><div class="stacktrace">org.openqa.selenium.ElementNotInteractableException: element not interactable
  (Session info: chrome=102.0.5005.115)
Build info: version: &apos;4.1.4&apos;, revision: &apos;535d840ee2&apos;
System info: host: &apos;DESKTOP-DNJOJAA&apos;, ip: &apos;172.16.225.38&apos;, os.name: &apos;Windows 11&apos;, os.arch: &apos;amd64&apos;, os.version: &apos;10.0&apos;, java.version: &apos;11.0.15.1&apos;
Driver info: org.openqa.selenium.chrome.ChromeDriver
Command: [a611ace94399e26db172d65c24df556a, clickElement {id=ce68f42d-bf4d-45b3-991e-7fd31f295842}]
Capabilities {acceptInsecureCerts: false, browserName: chrome, browserVersion: 102.0.5005.115, chrome: {chromedriverVersion: 102.0.5005.61 (0e59bcc00cc4..., userDataDir: C:\Users\EvilT\AppData\Loca...}, goog:chromeOptions: {debuggerAddress: localhost:58529}, javascriptEnabled: true, networkConnectionEnabled: false, pageLoadStrategy: normal, platform: WINDOWS, platformName: WINDOWS, proxy: Proxy(), se:cdp: ws://localhost:58529/devtoo..., se:cdpVersion: 102.0.5005.115, setWindowRect: true, strictFileInteractability: false, timeouts: {implicit: 0, pageLoad: 300000, script: 30000}, unhandledPromptBehavior: dismiss and notify, webauthn:extension:credBlob: true, webauthn:extension:largeBlob: true, webauthn:virtualAuthenticators: true}
Element: [[ChromeDriver: chrome on WINDOWS (a611ace94399e26db172d65c24df556a)] -&gt; css selector: #about_sidebar_link]
Session ID: a611ace94399e26db172d65c24df556a
	at org.openqa.selenium.remote.codec.w3c.W3CHttpResponseCodec.createException(W3CHttpResponseCodec.java:200)
	at org.openqa.selenium.remote.codec.w3c.W3CHttpResponseCodec.decode(W3CHttpResponseCodec.java:133)
	at org.openqa.selenium.remote.codec.w3c.W3CHttpResponseCodec.decode(W3CHttpResponseCodec.java:53)
	at org.openqa.selenium.remote.HttpCommandExecutor.execute(HttpCommandExecutor.java:184)
	at org.openqa.selenium.remote.service.DriverCommandExecutor.invokeExecute(DriverCommandExecutor.java:167)
	at org.openqa.selenium.remote.service.DriverCommandExecutor.execute(DriverCommandExecutor.java:142)
	at org.openqa.selenium.remote.RemoteWebDriver.execute(RemoteWebDriver.java:567)
	at org.openqa.selenium.remote.RemoteWebElement.execute(RemoteWebElement.java:251)
	at org.openqa.selenium.remote.RemoteWebElement.click(RemoteWebElement.java:77)
	at org.openqa.selenium.support.pagefactory.internal.LocatingElementHandler.invoke(LocatingElementHandler.java:52)
	at com.sun.proxy.$Proxy17.click(Unknown Source)
	at base.CommonAPI.click(CommonAPI.java:218)
	at saucedemopages.InventoryPage.aboutSideBar(InventoryPage.java:122)
	at saucedemotests.HoverOver.hoverOverContactTest(HoverOver.java:137)
... Removed 36 stack frames</div></td></tr></table><p class="totop"><a href="#summary">back to summary</a></p>
<h3 id="m13">saucedemotests.PlayVideo#playVideoTest</h3><table class="result"><tr><th>Exception</th></tr><tr><td><div class="stacktrace">org.openqa.selenium.ElementClickInterceptedException: element click intercepted: Element is not clickable at point (232, 653)
  (Session info: chrome=102.0.5005.115)
Build info: version: &apos;4.1.4&apos;, revision: &apos;535d840ee2&apos;
System info: host: &apos;DESKTOP-DNJOJAA&apos;, ip: &apos;172.16.225.38&apos;, os.name: &apos;Windows 11&apos;, os.arch: &apos;amd64&apos;, os.version: &apos;10.0&apos;, java.version: &apos;11.0.15.1&apos;
Driver info: org.openqa.selenium.chrome.ChromeDriver
Command: [49fc0df6fb5c9bef7618dbfe24380ba0, clickElement {id=ba8d5332-e9e5-427e-90dc-cea18397d189}]
Capabilities {acceptInsecureCerts: false, browserName: chrome, browserVersion: 102.0.5005.115, chrome: {chromedriverVersion: 102.0.5005.61 (0e59bcc00cc4..., userDataDir: C:\Users\EvilT\AppData\Loca...}, goog:chromeOptions: {debuggerAddress: localhost:59643}, javascriptEnabled: true, networkConnectionEnabled: false, pageLoadStrategy: normal, platform: WINDOWS, platformName: WINDOWS, proxy: Proxy(), se:cdp: ws://localhost:59643/devtoo..., se:cdpVersion: 102.0.5005.115, setWindowRect: true, strictFileInteractability: false, timeouts: {implicit: 0, pageLoad: 300000, script: 30000}, unhandledPromptBehavior: dismiss and notify, webauthn:extension:credBlob: true, webauthn:extension:largeBlob: true, webauthn:virtualAuthenticators: true}
Element: [[ChromeDriver: chrome on WINDOWS (49fc0df6fb5c9bef7618dbfe24380ba0)] -&gt; xpath: //body/div[@id=&apos;template__page&apos;]/div[1]/section[1]/div[1]/div[1]/div[1]/div[1]/div[1]/div[3]/a[1]]
Session ID: 49fc0df6fb5c9bef7618dbfe24380ba0
	at org.openqa.selenium.remote.codec.w3c.W3CHttpResponseCodec.createException(W3CHttpResponseCodec.java:200)
	at org.openqa.selenium.remote.codec.w3c.W3CHttpResponseCodec.decode(W3CHttpResponseCodec.java:133)
	at org.openqa.selenium.remote.codec.w3c.W3CHttpResponseCodec.decode(W3CHttpResponseCodec.java:53)
	at org.openqa.selenium.remote.HttpCommandExecutor.execute(HttpCommandExecutor.java:184)
	at org.openqa.selenium.remote.service.DriverCommandExecutor.invokeExecute(DriverCommandExecutor.java:167)
	at org.openqa.selenium.remote.service.DriverCommandExecutor.execute(DriverCommandExecutor.java:142)
	at org.openqa.selenium.remote.RemoteWebDriver.execute(RemoteWebDriver.java:567)
	at org.openqa.selenium.remote.RemoteWebElement.execute(RemoteWebElement.java:251)
	at org.openqa.selenium.remote.RemoteWebElement.click(RemoteWebElement.java:77)
	at org.openqa.selenium.support.pagefactory.internal.LocatingElementHandler.invoke(LocatingElementHandler.java:52)
	at com.sun.proxy.$Proxy17.click(Unknown Source)
	at base.CommonAPI.click(CommonAPI.java:218)
	at saucedemopages.SauceLabsPage.clickVideoLink(SauceLabsPage.java:155)
	at saucedemotests.PlayVideo.playVideoTest(PlayVideo.java:34)
... Removed 36 stack frames</div></td></tr></table><p class="totop"><a href="#summary">back to summary</a></p>
<h3 id="m14">saucedemotests.AddItemsToCart#addBackPackToCartTest</h3><table class="result"><tr><th class="invisible"/></tr></table><p class="totop"><a href="#summary">back to summary</a></p>
<h3 id="m15">saucedemotests.AddItemsToCart#addBikeLightToCartTest</h3><table class="result"><tr><th class="invisible"/></tr></table><p class="totop"><a href="#summary">back to summary</a></p>
<h3 id="m16">saucedemotests.AddItemsToCart#addBoltShirtToCartTest</h3><table class="result"><tr><th class="invisible"/></tr></table><p class="totop"><a href="#summary">back to summary</a></p>
<h3 id="m17">saucedemotests.AddItemsToCart#addFleeceJacketToCartTest</h3><table class="result"><tr><th class="invisible"/></tr></table><p class="totop"><a href="#summary">back to summary</a></p>
<h3 id="m18">saucedemotests.AddItemsToCart#addMultipleItemsToCartTest</h3><table class="result"><tr><th class="invisible"/></tr></table><p class="totop"><a href="#summary">back to summary</a></p>
<h3 id="m19">saucedemotests.AddItemsToCart#addOnesieToCartTest</h3><table class="result"><tr><th class="invisible"/></tr></table><p class="totop"><a href="#summary">back to summary</a></p>
<h3 id="m20">saucedemotests.AddItemsToCart#addRedShirtToCartTest</h3><table class="result"><tr><th class="invisible"/></tr></table><p class="totop"><a href="#summary">back to summary</a></p>
<h3 id="m21">saucedemotests.CheckOut#mulipleItemsCheckOutTest</h3><table class="result"><tr><th class="invisible"/></tr></table><p class="totop"><a href="#summary">back to summary</a></p>
<h3 id="m22">saucedemotests.CheckOut#singleItemCheckOutTest</h3><table class="result"><tr><th class="invisible"/></tr></table><p class="totop"><a href="#summary">back to summary</a></p>
<h3 id="m23">saucedemotests.ClickFunctionality#clickTryItFreeTest</h3><table class="result"><tr><th class="invisible"/></tr></table><p class="totop"><a href="#summary">back to summary</a></p>
<h3 id="m24">saucedemotests.DropDown#dragDownAtoZTest</h3><table class="result"><tr><th class="invisible"/></tr></table><p class="totop"><a href="#summary">back to summary</a></p>
<h3 id="m25">saucedemotests.DropDown#dragDownHightoLowTest</h3><table class="result"><tr><th class="invisible"/></tr></table><p class="totop"><a href="#summary">back to summary</a></p>
<h3 id="m26">saucedemotests.DropDown#dragDownLowtoHighTest</h3><table class="result"><tr><th class="invisible"/></tr></table><p class="totop"><a href="#summary">back to summary</a></p>
<h3 id="m27">saucedemotests.DropDown#dragDownZtoATest</h3><table class="result"><tr><th class="invisible"/></tr></table><p class="totop"><a href="#summary">back to summary</a></p>
<h3 id="m28">saucedemotests.HoverOver#hoverOverCompanyTest</h3><table class="result"><tr><th class="invisible"/></tr></table><p class="totop"><a href="#summary">back to summary</a></p>
<h3 id="m29">saucedemotests.HoverOver#hoverOverCrossBrowserTestingAndClickTest</h3><table class="result"><tr><th class="invisible"/></tr></table><p class="totop"><a href="#summary">back to summary</a></p>
<h3 id="m30">saucedemotests.HoverOver#hoverOverLowCodeTestingAndClickTest</h3><table class="result"><tr><th class="invisible"/></tr></table><p class="totop"><a href="#summary">back to summary</a></p>
<h3 id="m31">saucedemotests.HoverOver#hoverOverMobileTestingTest</h3><table class="result"><tr><th class="invisible"/></tr></table><p class="totop"><a href="#summary">back to summary</a></p>
<h3 id="m32">saucedemotests.HoverOver#hoverOverPlatformTest</h3><table class="result"><tr><th class="invisible"/></tr></table><p class="totop"><a href="#summary">back to summary</a></p>
<h3 id="m33">saucedemotests.HoverOver#hoverOverPricingTest</h3><table class="result"><tr><th class="invisible"/></tr></table><p class="totop"><a href="#summary">back to summary</a></p>
<h3 id="m34">saucedemotests.HoverOver#hoverOverResourcesTest</h3><table class="result"><tr><th class="invisible"/></tr></table><p class="totop"><a href="#summary">back to summary</a></p>
<h3 id="m35">saucedemotests.HoverOver#hoverOverSolutionsTest</h3><table class="result"><tr><th class="invisible"/></tr></table><p class="totop"><a href="#summary">back to summary</a></p>
<h3 id="m36">saucedemotests.Icons#facebookIconTest</h3><table class="result"><tr><th class="invisible"/></tr></table><p class="totop"><a href="#summary">back to summary</a></p>
<h3 id="m37">saucedemotests.Icons#linkedInIconTest</h3><table class="result"><tr><th class="invisible"/></tr></table><p class="totop"><a href="#summary">back to summary</a></p>
<h3 id="m38">saucedemotests.Icons#twitterIconTest</h3><table class="result"><tr><th class="invisible"/></tr></table><p class="totop"><a href="#summary">back to summary</a></p>
<h3 id="m39">saucedemotests.Login#invalidLogInTest</h3><table class="result"><tr><th class="invisible"/></tr></table><p class="totop"><a href="#summary">back to summary</a></p>
<h3 id="m40">saucedemotests.Login#logInTest</h3><table class="result"><tr><th class="invisible"/></tr></table><p class="totop"><a href="#summary">back to summary</a></p>
<h3 id="m41">saucedemotests.Login#validateLogInButton</h3><table class="result"><tr><th class="invisible"/></tr></table><p class="totop"><a href="#summary">back to summary</a></p>
<h3 id="m42">saucedemotests.MenuBar#menuBarAboutTest</h3><table class="result"><tr><th class="invisible"/></tr></table><p class="totop"><a href="#summary">back to summary</a></p>
<h3 id="m43">saucedemotests.MenuBar#menuBarAllItemsTest</h3><table class="result"><tr><th class="invisible"/></tr></table><p class="totop"><a href="#summary">back to summary</a></p>
<h3 id="m44">saucedemotests.MenuBar#menuBarLogoutTest</h3><table class="result"><tr><th class="invisible"/></tr></table><p class="totop"><a href="#summary">back to summary</a></p>
<h3 id="m45">saucedemotests.ResetAddToCart#menuBarLogoutTest</h3><table class="result"><tr><th class="invisible"/></tr></table><p class="totop"><a href="#summary">back to summary</a></p>
<h3 id="m46">saucedemotests.SearchBar#searchBarTest</h3><table class="result"><tr><th class="invisible"/></tr></table><p class="totop"><a href="#summary">back to summary</a></p>
<h2>com.GlobalSQA Tests</h2><h3 id="m47">globalsqatests.AccountNumberDropDown#accountNumberDropDownTest</h3><table class="result"><tr><th class="invisible"/></tr></table><p class="totop"><a href="#summary">back to summary</a></p>
<h3 id="m48">globalsqatests.AddCustomer#addCustomerTest</h3><table class="result"><tr><th class="invisible"/></tr></table><p class="totop"><a href="#summary">back to summary</a></p>
<h3 id="m49">globalsqatests.BackButton#backButtonTest</h3><table class="result"><tr><th class="invisible"/></tr></table><p class="totop"><a href="#summary">back to summary</a></p>
<h3 id="m50">globalsqatests.BankManagerLoginButton#bankManagerLoginButtonTest</h3><table class="result"><tr><th class="invisible"/></tr></table><p class="totop"><a href="#summary">back to summary</a></p>
<h3 id="m51">globalsqatests.CustomerLoginButton#customerLoginButtonTest</h3><table class="result"><tr><th class="invisible"/></tr></table><p class="totop"><a href="#summary">back to summary</a></p>
<h3 id="m52">globalsqatests.DeleteButton#deleteCustomerTest</h3><table class="result"><tr><th class="invisible"/></tr></table><p class="totop"><a href="#summary">back to summary</a></p>
<h3 id="m53">globalsqatests.DepositButton#depositButtonTest</h3><table class="result"><tr><th class="invisible"/></tr></table><p class="totop"><a href="#summary">back to summary</a></p>
<h3 id="m54">globalsqatests.HomeButton#bankManagerHomeButtonTest</h3><table class="result"><tr><th class="invisible"/></tr></table><p class="totop"><a href="#summary">back to summary</a></p>
<h3 id="m55">globalsqatests.HomeButton#customerHomeButtonTest</h3><table class="result"><tr><th class="invisible"/></tr></table><p class="totop"><a href="#summary">back to summary</a></p>
<h3 id="m56">globalsqatests.LogoutButton#logOutTest</h3><table class="result"><tr><th class="invisible"/></tr></table><p class="totop"><a href="#summary">back to summary</a></p>
<h3 id="m57">globalsqatests.OpenAccount#openAccountTest</h3><table class="result"><tr><th class="invisible"/></tr></table><p class="totop"><a href="#summary">back to summary</a></p>
<h3 id="m58">globalsqatests.ResetButton#resetButtonTest</h3><table class="result"><tr><th class="invisible"/></tr></table><p class="totop"><a href="#summary">back to summary</a></p>
<h3 id="m59">globalsqatests.SearchCustomer#searchCustomerTest</h3><table class="result"><tr><th class="invisible"/></tr></table><p class="totop"><a href="#summary">back to summary</a></p>
<h3 id="m60">globalsqatests.TransactionsButton#transactionsButton</h3><table class="result"><tr><th class="invisible"/></tr></table><p class="totop"><a href="#summary">back to summary</a></p>
<h3 id="m61">globalsqatests.UserLogin#harryPotterLoginTest</h3><table class="result"><tr><th class="invisible"/></tr></table><p class="totop"><a href="#summary">back to summary</a></p>
<h3 id="m62">globalsqatests.UserLogin#ronWeaslyLoginTest</h3><table class="result"><tr><th class="invisible"/></tr></table><p class="totop"><a href="#summary">back to summary</a></p>
<h3 id="m63">globalsqatests.WithdrawlButton#withdrawlButtonTest</h3><table class="result"><tr><th class="invisible"/></tr></table><p class="totop"><a href="#summary">back to summary</a></p>
</body>
</html>
