<!DOCTYPE html>

<html>
  <head>
  <meta charset='utf-8'>
  <title>TestNG reports</title>

    <link type="text/css" href="testng-reports.css" rel="stylesheet" />
    <script type="text/javascript" src="jquery-1.7.1.min.js"></script>
    <script type="text/javascript" src="testng-reports.js"></script>
    <script type="text/javascript" src="https://www.google.com/jsapi"></script>
    <script type='text/javascript'>
      google.load('visualization', '1', {packages:['table']});
      google.setOnLoadCallback(drawTable);
      var suiteTableInitFunctions = new Array();
      var suiteTableData = new Array();
    </script>
    <!--
      <script type="text/javascript" src="jquery-ui/js/jquery-ui-1.8.16.custom.min.js"></script>
     -->
  </head>

  <body>
    <div class="top-banner-root">
      <span class="top-banner-title-font">Test results</span>
      <br/>
      <span class="top-banner-font-1">1 suite, 14 failed tests</span>
    </div> <!-- top-banner-root -->
    <div class="navigator-root">
      <div class="navigator-suite-header">
        <span>All suites</span>
        <a href="#" title="Collapse/expand all the suites" class="collapse-all-link">
          <img src="collapseall.gif" class="collapse-all-icon">
          </img> <!-- collapse-all-icon -->
        </a> <!-- collapse-all-link -->
      </div> <!-- navigator-suite-header -->
      <div class="suite">
        <div class="rounded-window">
          <div class="suite-header light-rounded-window-top">
            <a href="#" panel-name="suite-CRIP_Automation_Script" class="navigator-link">
              <span class="suite-name border-failed">CRIP Automation Script</span>
            </a> <!-- navigator-link -->
          </div> <!-- suite-header light-rounded-window-top -->
          <div class="navigator-suite-content">
            <div class="suite-section-title">
              <span>Info</span>
            </div> <!-- suite-section-title -->
            <div class="suite-section-content">
              <ul>
                <li>
                  <a href="#" panel-name="test-xml-CRIP_Automation_Script" class="navigator-link ">
                    <span>C:\Users\EvilT\IdeaProjects\FinalFrameworkProject\web-automation-framework-crip\src\test\resources\runner.xml</span>
                  </a> <!-- navigator-link  -->
                </li>
                <li>
                  <a href="#" panel-name="testlist-CRIP_Automation_Script" class="navigator-link ">
                    <span class="test-stats">2 tests</span>
                  </a> <!-- navigator-link  -->
                </li>
                <li>
                  <a href="#" panel-name="group-CRIP_Automation_Script" class="navigator-link ">
                    <span>0 groups</span>
                  </a> <!-- navigator-link  -->
                </li>
                <li>
                  <a href="#" panel-name="times-CRIP_Automation_Script" class="navigator-link ">
                    <span>Times</span>
                  </a> <!-- navigator-link  -->
                </li>
                <li>
                  <a href="#" panel-name="reporter-CRIP_Automation_Script" class="navigator-link ">
                    <span>Reporter output</span>
                  </a> <!-- navigator-link  -->
                </li>
                <li>
                  <a href="#" panel-name="ignored-methods-CRIP_Automation_Script" class="navigator-link ">
                    <span>Ignored methods</span>
                  </a> <!-- navigator-link  -->
                </li>
                <li>
                  <a href="#" panel-name="chronological-CRIP_Automation_Script" class="navigator-link ">
                    <span>Chronological view</span>
                  </a> <!-- navigator-link  -->
                </li>
              </ul>
            </div> <!-- suite-section-content -->
            <div class="result-section">
              <div class="suite-section-title">
                <span>Results</span>
              </div> <!-- suite-section-title -->
              <div class="suite-section-content">
                <ul>
                  <li>
                    <span class="method-stats">64 methods, 14 failed,   50 passed</span>
                  </li>
                  <li>
                    <span class="method-list-title failed">Failed methods</span>
                    <span class="show-or-hide-methods failed">
                      <a href="#" panel-name="suite-CRIP_Automation_Script" class="hide-methods failed suite-CRIP_Automation_Script"> (hide)</a> <!-- hide-methods failed suite-CRIP_Automation_Script -->
                      <a href="#" panel-name="suite-CRIP_Automation_Script" class="show-methods failed suite-CRIP_Automation_Script"> (show)</a> <!-- show-methods failed suite-CRIP_Automation_Script -->
                    </span>
                    <div class="method-list-content failed suite-CRIP_Automation_Script">
                      <span>
                        <img src="failed.png" width="3%"/>
                        <a href="#" panel-name="suite-CRIP_Automation_Script" title="saucedemotests.ClickFunctionality" class="method navigator-link" hash-for-method="clickCCPATest">clickCCPATest</a> <!-- method navigator-link -->
                      </span>
                      <br/>
                      <span>
                        <img src="failed.png" width="3%"/>
                        <a href="#" panel-name="suite-CRIP_Automation_Script" title="saucedemotests.ClickFunctionality" class="method navigator-link" hash-for-method="clickCookiesSettingAndConfirmTest">clickCookiesSettingAndConfirmTest</a> <!-- method navigator-link -->
                      </span>
                      <br/>
                      <span>
                        <img src="failed.png" width="3%"/>
                        <a href="#" panel-name="suite-CRIP_Automation_Script" title="saucedemotests.ClickFunctionality" class="method navigator-link" hash-for-method="clickEEATest">clickEEATest</a> <!-- method navigator-link -->
                      </span>
                      <br/>
                      <span>
                        <img src="failed.png" width="3%"/>
                        <a href="#" panel-name="suite-CRIP_Automation_Script" title="saucedemotests.ClickFunctionality" class="method navigator-link" hash-for-method="clickErrorReportingTest">clickErrorReportingTest</a> <!-- method navigator-link -->
                      </span>
                      <br/>
                      <span>
                        <img src="failed.png" width="3%"/>
                        <a href="#" panel-name="suite-CRIP_Automation_Script" title="saucedemotests.ClickFunctionality" class="method navigator-link" hash-for-method="clickPrivacyTest">clickPrivacyTest</a> <!-- method navigator-link -->
                      </span>
                      <br/>
                      <span>
                        <img src="failed.png" width="3%"/>
                        <a href="#" panel-name="suite-CRIP_Automation_Script" title="saucedemotests.ClickFunctionality" class="method navigator-link" hash-for-method="clickSignUpPrivacyPolicyTest">clickSignUpPrivacyPolicyTest</a> <!-- method navigator-link -->
                      </span>
                      <br/>
                      <span>
                        <img src="failed.png" width="3%"/>
                        <a href="#" panel-name="suite-CRIP_Automation_Script" title="saucedemotests.ClickFunctionality" class="method navigator-link" hash-for-method="clickSignUpTermsAndConditionsTest">clickSignUpTermsAndConditionsTest</a> <!-- method navigator-link -->
                      </span>
                      <br/>
                      <span>
                        <img src="failed.png" width="3%"/>
                        <a href="#" panel-name="suite-CRIP_Automation_Script" title="saucedemotests.ClickFunctionality" class="method navigator-link" hash-for-method="clickSignUpWithEmailTest">clickSignUpWithEmailTest</a> <!-- method navigator-link -->
                      </span>
                      <br/>
                      <span>
                        <img src="failed.png" width="3%"/>
                        <a href="#" panel-name="suite-CRIP_Automation_Script" title="saucedemotests.ClickFunctionality" class="method navigator-link" hash-for-method="clickTermsOfServiceTest">clickTermsOfServiceTest</a> <!-- method navigator-link -->
                      </span>
                      <br/>
                      <span>
                        <img src="failed.png" width="3%"/>
                        <a href="#" panel-name="suite-CRIP_Automation_Script" title="saucedemotests.ClickFunctionality" class="method navigator-link" hash-for-method="clickTestAutomationTest">clickTestAutomationTest</a> <!-- method navigator-link -->
                      </span>
                      <br/>
                      <span>
                        <img src="failed.png" width="3%"/>
                        <a href="#" panel-name="suite-CRIP_Automation_Script" title="saucedemotests.ClickFunctionality" class="method navigator-link" hash-for-method="clickVisualTestingTest">clickVisualTestingTest</a> <!-- method navigator-link -->
                      </span>
                      <br/>
                      <span>
                        <img src="failed.png" width="3%"/>
                        <a href="#" panel-name="suite-CRIP_Automation_Script" title="saucedemotests.HoverOver" class="method navigator-link" hash-for-method="hoverOverAPITestingAndClickTest">hoverOverAPITestingAndClickTest</a> <!-- method navigator-link -->
                      </span>
                      <br/>
                      <span>
                        <img src="failed.png" width="3%"/>
                        <a href="#" panel-name="suite-CRIP_Automation_Script" title="saucedemotests.HoverOver" class="method navigator-link" hash-for-method="hoverOverContactTest">hoverOverContactTest</a> <!-- method navigator-link -->
                      </span>
                      <br/>
                      <span>
                        <img src="failed.png" width="3%"/>
                        <a href="#" panel-name="suite-CRIP_Automation_Script" title="saucedemotests.PlayVideo" class="method navigator-link" hash-for-method="playVideoTest">playVideoTest</a> <!-- method navigator-link -->
                      </span>
                      <br/>
                    </div> <!-- method-list-content failed suite-CRIP_Automation_Script -->
                  </li>
                  <li>
                    <span class="method-list-title passed">Passed methods</span>
                    <span class="show-or-hide-methods passed">
                      <a href="#" panel-name="suite-CRIP_Automation_Script" class="hide-methods passed suite-CRIP_Automation_Script"> (hide)</a> <!-- hide-methods passed suite-CRIP_Automation_Script -->
                      <a href="#" panel-name="suite-CRIP_Automation_Script" class="show-methods passed suite-CRIP_Automation_Script"> (show)</a> <!-- show-methods passed suite-CRIP_Automation_Script -->
                    </span>
                    <div class="method-list-content passed suite-CRIP_Automation_Script">
                      <span>
                        <img src="passed.png" width="3%"/>
                        <a href="#" panel-name="suite-CRIP_Automation_Script" title="globalsqatests.AccountNumberDropDown" class="method navigator-link" hash-for-method="accountNumberDropDownTest">accountNumberDropDownTest</a> <!-- method navigator-link -->
                      </span>
                      <br/>
                      <span>
                        <img src="passed.png" width="3%"/>
                        <a href="#" panel-name="suite-CRIP_Automation_Script" title="saucedemotests.AddItemsToCart" class="method navigator-link" hash-for-method="addBackPackToCartTest">addBackPackToCartTest</a> <!-- method navigator-link -->
                      </span>
                      <br/>
                      <span>
                        <img src="passed.png" width="3%"/>
                        <a href="#" panel-name="suite-CRIP_Automation_Script" title="saucedemotests.AddItemsToCart" class="method navigator-link" hash-for-method="addBikeLightToCartTest">addBikeLightToCartTest</a> <!-- method navigator-link -->
                      </span>
                      <br/>
                      <span>
                        <img src="passed.png" width="3%"/>
                        <a href="#" panel-name="suite-CRIP_Automation_Script" title="saucedemotests.AddItemsToCart" class="method navigator-link" hash-for-method="addBoltShirtToCartTest">addBoltShirtToCartTest</a> <!-- method navigator-link -->
                      </span>
                      <br/>
                      <span>
                        <img src="passed.png" width="3%"/>
                        <a href="#" panel-name="suite-CRIP_Automation_Script" title="globalsqatests.AddCustomer" class="method navigator-link" hash-for-method="addCustomerTest">addCustomerTest</a> <!-- method navigator-link -->
                      </span>
                      <br/>
                      <span>
                        <img src="passed.png" width="3%"/>
                        <a href="#" panel-name="suite-CRIP_Automation_Script" title="saucedemotests.AddItemsToCart" class="method navigator-link" hash-for-method="addFleeceJacketToCartTest">addFleeceJacketToCartTest</a> <!-- method navigator-link -->
                      </span>
                      <br/>
                      <span>
                        <img src="passed.png" width="3%"/>
                        <a href="#" panel-name="suite-CRIP_Automation_Script" title="saucedemotests.AddItemsToCart" class="method navigator-link" hash-for-method="addMultipleItemsToCartTest">addMultipleItemsToCartTest</a> <!-- method navigator-link -->
                      </span>
                      <br/>
                      <span>
                        <img src="passed.png" width="3%"/>
                        <a href="#" panel-name="suite-CRIP_Automation_Script" title="saucedemotests.AddItemsToCart" class="method navigator-link" hash-for-method="addOnesieToCartTest">addOnesieToCartTest</a> <!-- method navigator-link -->
                      </span>
                      <br/>
                      <span>
                        <img src="passed.png" width="3%"/>
                        <a href="#" panel-name="suite-CRIP_Automation_Script" title="saucedemotests.AddItemsToCart" class="method navigator-link" hash-for-method="addRedShirtToCartTest">addRedShirtToCartTest</a> <!-- method navigator-link -->
                      </span>
                      <br/>
                      <span>
                        <img src="passed.png" width="3%"/>
                        <a href="#" panel-name="suite-CRIP_Automation_Script" title="globalsqatests.BackButton" class="method navigator-link" hash-for-method="backButtonTest">backButtonTest</a> <!-- method navigator-link -->
                      </span>
                      <br/>
                      <span>
                        <img src="passed.png" width="3%"/>
                        <a href="#" panel-name="suite-CRIP_Automation_Script" title="globalsqatests.HomeButton" class="method navigator-link" hash-for-method="bankManagerHomeButtonTest">bankManagerHomeButtonTest</a> <!-- method navigator-link -->
                      </span>
                      <br/>
                      <span>
                        <img src="passed.png" width="3%"/>
                        <a href="#" panel-name="suite-CRIP_Automation_Script" title="globalsqatests.BankManagerLoginButton" class="method navigator-link" hash-for-method="bankManagerLoginButtonTest">bankManagerLoginButtonTest</a> <!-- method navigator-link -->
                      </span>
                      <br/>
                      <span>
                        <img src="passed.png" width="3%"/>
                        <a href="#" panel-name="suite-CRIP_Automation_Script" title="saucedemotests.ClickFunctionality" class="method navigator-link" hash-for-method="clickTryItFreeTest">clickTryItFreeTest</a> <!-- method navigator-link -->
                      </span>
                      <br/>
                      <span>
                        <img src="passed.png" width="3%"/>
                        <a href="#" panel-name="suite-CRIP_Automation_Script" title="globalsqatests.HomeButton" class="method navigator-link" hash-for-method="customerHomeButtonTest">customerHomeButtonTest</a> <!-- method navigator-link -->
                      </span>
                      <br/>
                      <span>
                        <img src="passed.png" width="3%"/>
                        <a href="#" panel-name="suite-CRIP_Automation_Script" title="globalsqatests.CustomerLoginButton" class="method navigator-link" hash-for-method="customerLoginButtonTest">customerLoginButtonTest</a> <!-- method navigator-link -->
                      </span>
                      <br/>
                      <span>
                        <img src="passed.png" width="3%"/>
                        <a href="#" panel-name="suite-CRIP_Automation_Script" title="globalsqatests.DeleteButton" class="method navigator-link" hash-for-method="deleteCustomerTest">deleteCustomerTest</a> <!-- method navigator-link -->
                      </span>
                      <br/>
                      <span>
                        <img src="passed.png" width="3%"/>
                        <a href="#" panel-name="suite-CRIP_Automation_Script" title="globalsqatests.DepositButton" class="method navigator-link" hash-for-method="depositButtonTest">depositButtonTest</a> <!-- method navigator-link -->
                      </span>
                      <br/>
                      <span>
                        <img src="passed.png" width="3%"/>
                        <a href="#" panel-name="suite-CRIP_Automation_Script" title="saucedemotests.DropDown" class="method navigator-link" hash-for-method="dragDownAtoZTest">dragDownAtoZTest</a> <!-- method navigator-link -->
                      </span>
                      <br/>
                      <span>
                        <img src="passed.png" width="3%"/>
                        <a href="#" panel-name="suite-CRIP_Automation_Script" title="saucedemotests.DropDown" class="method navigator-link" hash-for-method="dragDownHightoLowTest">dragDownHightoLowTest</a> <!-- method navigator-link -->
                      </span>
                      <br/>
                      <span>
                        <img src="passed.png" width="3%"/>
                        <a href="#" panel-name="suite-CRIP_Automation_Script" title="saucedemotests.DropDown" class="method navigator-link" hash-for-method="dragDownLowtoHighTest">dragDownLowtoHighTest</a> <!-- method navigator-link -->
                      </span>
                      <br/>
                      <span>
                        <img src="passed.png" width="3%"/>
                        <a href="#" panel-name="suite-CRIP_Automation_Script" title="saucedemotests.DropDown" class="method navigator-link" hash-for-method="dragDownZtoATest">dragDownZtoATest</a> <!-- method navigator-link -->
                      </span>
                      <br/>
                      <span>
                        <img src="passed.png" width="3%"/>
                        <a href="#" panel-name="suite-CRIP_Automation_Script" title="saucedemotests.Icons" class="method navigator-link" hash-for-method="facebookIconTest">facebookIconTest</a> <!-- method navigator-link -->
                      </span>
                      <br/>
                      <span>
                        <img src="passed.png" width="3%"/>
                        <a href="#" panel-name="suite-CRIP_Automation_Script" title="globalsqatests.UserLogin" class="method navigator-link" hash-for-method="harryPotterLoginTest">harryPotterLoginTest</a> <!-- method navigator-link -->
                      </span>
                      <br/>
                      <span>
                        <img src="passed.png" width="3%"/>
                        <a href="#" panel-name="suite-CRIP_Automation_Script" title="saucedemotests.HoverOver" class="method navigator-link" hash-for-method="hoverOverCompanyTest">hoverOverCompanyTest</a> <!-- method navigator-link -->
                      </span>
                      <br/>
                      <span>
                        <img src="passed.png" width="3%"/>
                        <a href="#" panel-name="suite-CRIP_Automation_Script" title="saucedemotests.HoverOver" class="method navigator-link" hash-for-method="hoverOverCrossBrowserTestingAndClickTest">hoverOverCrossBrowserTestingAndClickTest</a> <!-- method navigator-link -->
                      </span>
                      <br/>
                      <span>
                        <img src="passed.png" width="3%"/>
                        <a href="#" panel-name="suite-CRIP_Automation_Script" title="saucedemotests.HoverOver" class="method navigator-link" hash-for-method="hoverOverLowCodeTestingAndClickTest">hoverOverLowCodeTestingAndClickTest</a> <!-- method navigator-link -->
                      </span>
                      <br/>
                      <span>
                        <img src="passed.png" width="3%"/>
                        <a href="#" panel-name="suite-CRIP_Automation_Script" title="saucedemotests.HoverOver" class="method navigator-link" hash-for-method="hoverOverMobileTestingTest">hoverOverMobileTestingTest</a> <!-- method navigator-link -->
                      </span>
                      <br/>
                      <span>
                        <img src="passed.png" width="3%"/>
                        <a href="#" panel-name="suite-CRIP_Automation_Script" title="saucedemotests.HoverOver" class="method navigator-link" hash-for-method="hoverOverPlatformTest">hoverOverPlatformTest</a> <!-- method navigator-link -->
                      </span>
                      <br/>
                      <span>
                        <img src="passed.png" width="3%"/>
                        <a href="#" panel-name="suite-CRIP_Automation_Script" title="saucedemotests.HoverOver" class="method navigator-link" hash-for-method="hoverOverPricingTest">hoverOverPricingTest</a> <!-- method navigator-link -->
                      </span>
                      <br/>
                      <span>
                        <img src="passed.png" width="3%"/>
                        <a href="#" panel-name="suite-CRIP_Automation_Script" title="saucedemotests.HoverOver" class="method navigator-link" hash-for-method="hoverOverResourcesTest">hoverOverResourcesTest</a> <!-- method navigator-link -->
                      </span>
                      <br/>
                      <span>
                        <img src="passed.png" width="3%"/>
                        <a href="#" panel-name="suite-CRIP_Automation_Script" title="saucedemotests.HoverOver" class="method navigator-link" hash-for-method="hoverOverSolutionsTest">hoverOverSolutionsTest</a> <!-- method navigator-link -->
                      </span>
                      <br/>
                      <span>
                        <img src="passed.png" width="3%"/>
                        <a href="#" panel-name="suite-CRIP_Automation_Script" title="saucedemotests.Login" class="method navigator-link" hash-for-method="invalidLogInTest">invalidLogInTest</a> <!-- method navigator-link -->
                      </span>
                      <br/>
                      <span>
                        <img src="passed.png" width="3%"/>
                        <a href="#" panel-name="suite-CRIP_Automation_Script" title="saucedemotests.Icons" class="method navigator-link" hash-for-method="linkedInIconTest">linkedInIconTest</a> <!-- method navigator-link -->
                      </span>
                      <br/>
                      <span>
                        <img src="passed.png" width="3%"/>
                        <a href="#" panel-name="suite-CRIP_Automation_Script" title="saucedemotests.Login" class="method navigator-link" hash-for-method="logInTest">logInTest</a> <!-- method navigator-link -->
                      </span>
                      <br/>
                      <span>
                        <img src="passed.png" width="3%"/>
                        <a href="#" panel-name="suite-CRIP_Automation_Script" title="globalsqatests.LogoutButton" class="method navigator-link" hash-for-method="logOutTest">logOutTest</a> <!-- method navigator-link -->
                      </span>
                      <br/>
                      <span>
                        <img src="passed.png" width="3%"/>
                        <a href="#" panel-name="suite-CRIP_Automation_Script" title="saucedemotests.MenuBar" class="method navigator-link" hash-for-method="menuBarAboutTest">menuBarAboutTest</a> <!-- method navigator-link -->
                      </span>
                      <br/>
                      <span>
                        <img src="passed.png" width="3%"/>
                        <a href="#" panel-name="suite-CRIP_Automation_Script" title="saucedemotests.MenuBar" class="method navigator-link" hash-for-method="menuBarAllItemsTest">menuBarAllItemsTest</a> <!-- method navigator-link -->
                      </span>
                      <br/>
                      <span>
                        <img src="passed.png" width="3%"/>
                        <a href="#" panel-name="suite-CRIP_Automation_Script" title="saucedemotests.MenuBar" class="method navigator-link" hash-for-method="menuBarLogoutTest">menuBarLogoutTest</a> <!-- method navigator-link -->
                      </span>
                      <br/>
                      <span>
                        <img src="passed.png" width="3%"/>
                        <a href="#" panel-name="suite-CRIP_Automation_Script" title="saucedemotests.ResetAddToCart" class="method navigator-link" hash-for-method="menuBarLogoutTest">menuBarLogoutTest</a> <!-- method navigator-link -->
                      </span>
                      <br/>
                      <span>
                        <img src="passed.png" width="3%"/>
                        <a href="#" panel-name="suite-CRIP_Automation_Script" title="saucedemotests.CheckOut" class="method navigator-link" hash-for-method="mulipleItemsCheckOutTest">mulipleItemsCheckOutTest</a> <!-- method navigator-link -->
                      </span>
                      <br/>
                      <span>
                        <img src="passed.png" width="3%"/>
                        <a href="#" panel-name="suite-CRIP_Automation_Script" title="globalsqatests.OpenAccount" class="method navigator-link" hash-for-method="openAccountTest">openAccountTest</a> <!-- method navigator-link -->
                      </span>
                      <br/>
                      <span>
                        <img src="passed.png" width="3%"/>
                        <a href="#" panel-name="suite-CRIP_Automation_Script" title="globalsqatests.ResetButton" class="method navigator-link" hash-for-method="resetButtonTest">resetButtonTest</a> <!-- method navigator-link -->
                      </span>
                      <br/>
                      <span>
                        <img src="passed.png" width="3%"/>
                        <a href="#" panel-name="suite-CRIP_Automation_Script" title="globalsqatests.UserLogin" class="method navigator-link" hash-for-method="ronWeaslyLoginTest">ronWeaslyLoginTest</a> <!-- method navigator-link -->
                      </span>
                      <br/>
                      <span>
                        <img src="passed.png" width="3%"/>
                        <a href="#" panel-name="suite-CRIP_Automation_Script" title="saucedemotests.SearchBar" class="method navigator-link" hash-for-method="searchBarTest">searchBarTest</a> <!-- method navigator-link -->
                      </span>
                      <br/>
                      <span>
                        <img src="passed.png" width="3%"/>
                        <a href="#" panel-name="suite-CRIP_Automation_Script" title="globalsqatests.SearchCustomer" class="method navigator-link" hash-for-method="searchCustomerTest">searchCustomerTest</a> <!-- method navigator-link -->
                      </span>
                      <br/>
                      <span>
                        <img src="passed.png" width="3%"/>
                        <a href="#" panel-name="suite-CRIP_Automation_Script" title="saucedemotests.CheckOut" class="method navigator-link" hash-for-method="singleItemCheckOutTest">singleItemCheckOutTest</a> <!-- method navigator-link -->
                      </span>
                      <br/>
                      <span>
                        <img src="passed.png" width="3%"/>
                        <a href="#" panel-name="suite-CRIP_Automation_Script" title="globalsqatests.TransactionsButton" class="method navigator-link" hash-for-method="transactionsButton">transactionsButton</a> <!-- method navigator-link -->
                      </span>
                      <br/>
                      <span>
                        <img src="passed.png" width="3%"/>
                        <a href="#" panel-name="suite-CRIP_Automation_Script" title="saucedemotests.Icons" class="method navigator-link" hash-for-method="twitterIconTest">twitterIconTest</a> <!-- method navigator-link -->
                      </span>
                      <br/>
                      <span>
                        <img src="passed.png" width="3%"/>
                        <a href="#" panel-name="suite-CRIP_Automation_Script" title="saucedemotests.Login" class="method navigator-link" hash-for-method="validateLogInButton">validateLogInButton</a> <!-- method navigator-link -->
                      </span>
                      <br/>
                      <span>
                        <img src="passed.png" width="3%"/>
                        <a href="#" panel-name="suite-CRIP_Automation_Script" title="globalsqatests.WithdrawlButton" class="method navigator-link" hash-for-method="withdrawlButtonTest">withdrawlButtonTest</a> <!-- method navigator-link -->
                      </span>
                      <br/>
                    </div> <!-- method-list-content passed suite-CRIP_Automation_Script -->
                  </li>
                </ul>
              </div> <!-- suite-section-content -->
            </div> <!-- result-section -->
          </div> <!-- navigator-suite-content -->
        </div> <!-- rounded-window -->
      </div> <!-- suite -->
    </div> <!-- navigator-root -->
    <div class="wrapper">
      <div class="main-panel-root">
        <div panel-name="suite-CRIP_Automation_Script" class="panel CRIP_Automation_Script">
          <div class="suite-CRIP_Automation_Script-class-failed">
            <div class="main-panel-header rounded-window-top">
              <img src="failed.png"/>
              <span class="class-name">saucedemotests.HoverOver</span>
            </div> <!-- main-panel-header rounded-window-top -->
            <div class="main-panel-content rounded-window-bottom">
              <div class="method">
                <div class="method-content">
                  <a name="hoverOverAPITestingAndClickTest">
                  </a> <!-- hoverOverAPITestingAndClickTest -->
                  <span class="method-name">hoverOverAPITestingAndClickTest</span>
                  <div class="stack-trace">org.openqa.selenium.interactions.MoveTargetOutOfBoundsException: move target out of bounds
  (Session info: chrome=102.0.5005.115)
Build info: version: &apos;4.1.4&apos;, revision: &apos;535d840ee2&apos;
System info: host: &apos;DESKTOP-DNJOJAA&apos;, ip: &apos;172.16.225.38&apos;, os.name: &apos;Windows 11&apos;, os.arch: &apos;amd64&apos;, os.version: &apos;10.0&apos;, java.version: &apos;11.0.15.1&apos;
Driver info: org.openqa.selenium.chrome.ChromeDriver
Command: [c89e172ae5a043d6fab5e9f9132e35a8, actions {actions=[org.openqa.selenium.interactions.Sequence@75adb1c0]}]
Capabilities {acceptInsecureCerts: false, browserName: chrome, browserVersion: 102.0.5005.115, chrome: {chromedriverVersion: 102.0.5005.61 (0e59bcc00cc4..., userDataDir: C:\Users\EvilT\AppData\Loca...}, goog:chromeOptions: {debuggerAddress: localhost:58324}, javascriptEnabled: true, networkConnectionEnabled: false, pageLoadStrategy: normal, platform: WINDOWS, platformName: WINDOWS, proxy: Proxy(), se:cdp: ws://localhost:58324/devtoo..., se:cdpVersion: 102.0.5005.115, setWindowRect: true, strictFileInteractability: false, timeouts: {implicit: 0, pageLoad: 300000, script: 30000}, unhandledPromptBehavior: dismiss and notify, webauthn:extension:credBlob: true, webauthn:extension:largeBlob: true, webauthn:virtualAuthenticators: true}
Session ID: c89e172ae5a043d6fab5e9f9132e35a8
	at org.openqa.selenium.remote.codec.w3c.W3CHttpResponseCodec.createException(W3CHttpResponseCodec.java:200)
	at org.openqa.selenium.remote.codec.w3c.W3CHttpResponseCodec.decode(W3CHttpResponseCodec.java:133)
	at org.openqa.selenium.remote.codec.w3c.W3CHttpResponseCodec.decode(W3CHttpResponseCodec.java:53)
	at org.openqa.selenium.remote.HttpCommandExecutor.execute(HttpCommandExecutor.java:184)
	at org.openqa.selenium.remote.service.DriverCommandExecutor.invokeExecute(DriverCommandExecutor.java:167)
	at org.openqa.selenium.remote.service.DriverCommandExecutor.execute(DriverCommandExecutor.java:142)
	at org.openqa.selenium.remote.RemoteWebDriver.execute(RemoteWebDriver.java:567)
	at org.openqa.selenium.remote.RemoteWebDriver.perform(RemoteWebDriver.java:635)
	at org.openqa.selenium.interactions.Actions$BuiltAction.perform(Actions.java:656)
	at saucedemotests.HoverOver.hoverOverAPITestingAndClickTest(HoverOver.java:296)
... Removed 33 stack frames
</div> <!-- stack-trace -->
                </div> <!-- method-content -->
              </div> <!-- method -->
              <div class="method">
                <div class="method-content">
                  <a name="hoverOverContactTest">
                  </a> <!-- hoverOverContactTest -->
                  <span class="method-name">hoverOverContactTest</span>
                  <div class="stack-trace">org.openqa.selenium.ElementNotInteractableException: element not interactable
  (Session info: chrome=102.0.5005.115)
Build info: version: &apos;4.1.4&apos;, revision: &apos;535d840ee2&apos;
System info: host: &apos;DESKTOP-DNJOJAA&apos;, ip: &apos;172.16.225.38&apos;, os.name: &apos;Windows 11&apos;, os.arch: &apos;amd64&apos;, os.version: &apos;10.0&apos;, java.version: &apos;11.0.15.1&apos;
Driver info: org.openqa.selenium.chrome.ChromeDriver
Command: [a611ace94399e26db172d65c24df556a, clickElement {id=ce68f42d-bf4d-45b3-991e-7fd31f295842}]
Capabilities {acceptInsecureCerts: false, browserName: chrome, browserVersion: 102.0.5005.115, chrome: {chromedriverVersion: 102.0.5005.61 (0e59bcc00cc4..., userDataDir: C:\Users\EvilT\AppData\Loca...}, goog:chromeOptions: {debuggerAddress: localhost:58529}, javascriptEnabled: true, networkConnectionEnabled: false, pageLoadStrategy: normal, platform: WINDOWS, platformName: WINDOWS, proxy: Proxy(), se:cdp: ws://localhost:58529/devtoo..., se:cdpVersion: 102.0.5005.115, setWindowRect: true, strictFileInteractability: false, timeouts: {implicit: 0, pageLoad: 300000, script: 30000}, unhandledPromptBehavior: dismiss and notify, webauthn:extension:credBlob: true, webauthn:extension:largeBlob: true, webauthn:virtualAuthenticators: true}
Element: [[ChromeDriver: chrome on WINDOWS (a611ace94399e26db172d65c24df556a)] -&gt; css selector: #about_sidebar_link]
Session ID: a611ace94399e26db172d65c24df556a
	at org.openqa.selenium.remote.codec.w3c.W3CHttpResponseCodec.createException(W3CHttpResponseCodec.java:200)
	at org.openqa.selenium.remote.codec.w3c.W3CHttpResponseCodec.decode(W3CHttpResponseCodec.java:133)
	at org.openqa.selenium.remote.codec.w3c.W3CHttpResponseCodec.decode(W3CHttpResponseCodec.java:53)
	at org.openqa.selenium.remote.HttpCommandExecutor.execute(HttpCommandExecutor.java:184)
	at org.openqa.selenium.remote.service.DriverCommandExecutor.invokeExecute(DriverCommandExecutor.java:167)
	at org.openqa.selenium.remote.service.DriverCommandExecutor.execute(DriverCommandExecutor.java:142)
	at org.openqa.selenium.remote.RemoteWebDriver.execute(RemoteWebDriver.java:567)
	at org.openqa.selenium.remote.RemoteWebElement.execute(RemoteWebElement.java:251)
	at org.openqa.selenium.remote.RemoteWebElement.click(RemoteWebElement.java:77)
	at org.openqa.selenium.support.pagefactory.internal.LocatingElementHandler.invoke(LocatingElementHandler.java:52)
	at com.sun.proxy.$Proxy17.click(Unknown Source)
	at base.CommonAPI.click(CommonAPI.java:218)
	at saucedemopages.InventoryPage.aboutSideBar(InventoryPage.java:122)
	at saucedemotests.HoverOver.hoverOverContactTest(HoverOver.java:137)
... Removed 36 stack frames
</div> <!-- stack-trace -->
                </div> <!-- method-content -->
              </div> <!-- method -->
            </div> <!-- main-panel-content rounded-window-bottom -->
          </div> <!-- suite-CRIP_Automation_Script-class-failed -->
          <div class="suite-CRIP_Automation_Script-class-failed">
            <div class="main-panel-header rounded-window-top">
              <img src="failed.png"/>
              <span class="class-name">saucedemotests.PlayVideo</span>
            </div> <!-- main-panel-header rounded-window-top -->
            <div class="main-panel-content rounded-window-bottom">
              <div class="method">
                <div class="method-content">
                  <a name="playVideoTest">
                  </a> <!-- playVideoTest -->
                  <span class="method-name">playVideoTest</span>
                  <div class="stack-trace">org.openqa.selenium.ElementClickInterceptedException: element click intercepted: Element is not clickable at point (232, 653)
  (Session info: chrome=102.0.5005.115)
Build info: version: &apos;4.1.4&apos;, revision: &apos;535d840ee2&apos;
System info: host: &apos;DESKTOP-DNJOJAA&apos;, ip: &apos;172.16.225.38&apos;, os.name: &apos;Windows 11&apos;, os.arch: &apos;amd64&apos;, os.version: &apos;10.0&apos;, java.version: &apos;11.0.15.1&apos;
Driver info: org.openqa.selenium.chrome.ChromeDriver
Command: [49fc0df6fb5c9bef7618dbfe24380ba0, clickElement {id=ba8d5332-e9e5-427e-90dc-cea18397d189}]
Capabilities {acceptInsecureCerts: false, browserName: chrome, browserVersion: 102.0.5005.115, chrome: {chromedriverVersion: 102.0.5005.61 (0e59bcc00cc4..., userDataDir: C:\Users\EvilT\AppData\Loca...}, goog:chromeOptions: {debuggerAddress: localhost:59643}, javascriptEnabled: true, networkConnectionEnabled: false, pageLoadStrategy: normal, platform: WINDOWS, platformName: WINDOWS, proxy: Proxy(), se:cdp: ws://localhost:59643/devtoo..., se:cdpVersion: 102.0.5005.115, setWindowRect: true, strictFileInteractability: false, timeouts: {implicit: 0, pageLoad: 300000, script: 30000}, unhandledPromptBehavior: dismiss and notify, webauthn:extension:credBlob: true, webauthn:extension:largeBlob: true, webauthn:virtualAuthenticators: true}
Element: [[ChromeDriver: chrome on WINDOWS (49fc0df6fb5c9bef7618dbfe24380ba0)] -&gt; xpath: //body/div[@id=&apos;template__page&apos;]/div[1]/section[1]/div[1]/div[1]/div[1]/div[1]/div[1]/div[3]/a[1]]
Session ID: 49fc0df6fb5c9bef7618dbfe24380ba0
	at org.openqa.selenium.remote.codec.w3c.W3CHttpResponseCodec.createException(W3CHttpResponseCodec.java:200)
	at org.openqa.selenium.remote.codec.w3c.W3CHttpResponseCodec.decode(W3CHttpResponseCodec.java:133)
	at org.openqa.selenium.remote.codec.w3c.W3CHttpResponseCodec.decode(W3CHttpResponseCodec.java:53)
	at org.openqa.selenium.remote.HttpCommandExecutor.execute(HttpCommandExecutor.java:184)
	at org.openqa.selenium.remote.service.DriverCommandExecutor.invokeExecute(DriverCommandExecutor.java:167)
	at org.openqa.selenium.remote.service.DriverCommandExecutor.execute(DriverCommandExecutor.java:142)
	at org.openqa.selenium.remote.RemoteWebDriver.execute(RemoteWebDriver.java:567)
	at org.openqa.selenium.remote.RemoteWebElement.execute(RemoteWebElement.java:251)
	at org.openqa.selenium.remote.RemoteWebElement.click(RemoteWebElement.java:77)
	at org.openqa.selenium.support.pagefactory.internal.LocatingElementHandler.invoke(LocatingElementHandler.java:52)
	at com.sun.proxy.$Proxy17.click(Unknown Source)
	at base.CommonAPI.click(CommonAPI.java:218)
	at saucedemopages.SauceLabsPage.clickVideoLink(SauceLabsPage.java:155)
	at saucedemotests.PlayVideo.playVideoTest(PlayVideo.java:34)
... Removed 36 stack frames
</div> <!-- stack-trace -->
                </div> <!-- method-content -->
              </div> <!-- method -->
            </div> <!-- main-panel-content rounded-window-bottom -->
          </div> <!-- suite-CRIP_Automation_Script-class-failed -->
          <div class="suite-CRIP_Automation_Script-class-failed">
            <div class="main-panel-header rounded-window-top">
              <img src="failed.png"/>
              <span class="class-name">saucedemotests.ClickFunctionality</span>
            </div> <!-- main-panel-header rounded-window-top -->
            <div class="main-panel-content rounded-window-bottom">
              <div class="method">
                <div class="method-content">
                  <a name="clickCCPATest">
                  </a> <!-- clickCCPATest -->
                  <span class="method-name">clickCCPATest</span>
                  <div class="stack-trace">org.openqa.selenium.ElementClickInterceptedException: element click intercepted: Element is not clickable at point (800, 5860)
  (Session info: chrome=102.0.5005.115)
Build info: version: &apos;4.1.4&apos;, revision: &apos;535d840ee2&apos;
System info: host: &apos;DESKTOP-DNJOJAA&apos;, ip: &apos;172.16.225.38&apos;, os.name: &apos;Windows 11&apos;, os.arch: &apos;amd64&apos;, os.version: &apos;10.0&apos;, java.version: &apos;11.0.15.1&apos;
Driver info: org.openqa.selenium.chrome.ChromeDriver
Command: [f42b4ee4e343eb8c8fbb7f3d0bafb427, clickElement {id=ed0febd8-3012-4221-804c-47afdc54f5e9}]
Capabilities {acceptInsecureCerts: false, browserName: chrome, browserVersion: 102.0.5005.115, chrome: {chromedriverVersion: 102.0.5005.61 (0e59bcc00cc4..., userDataDir: C:\Users\EvilT\AppData\Loca...}, goog:chromeOptions: {debuggerAddress: localhost:56691}, javascriptEnabled: true, networkConnectionEnabled: false, pageLoadStrategy: normal, platform: WINDOWS, platformName: WINDOWS, proxy: Proxy(), se:cdp: ws://localhost:56691/devtoo..., se:cdpVersion: 102.0.5005.115, setWindowRect: true, strictFileInteractability: false, timeouts: {implicit: 0, pageLoad: 300000, script: 30000}, unhandledPromptBehavior: dismiss and notify, webauthn:extension:credBlob: true, webauthn:extension:largeBlob: true, webauthn:virtualAuthenticators: true}
Element: [[ChromeDriver: chrome on WINDOWS (f42b4ee4e343eb8c8fbb7f3d0bafb427)] -&gt; xpath: //span[contains(text(),&apos;CCPA&apos;)]]
Session ID: f42b4ee4e343eb8c8fbb7f3d0bafb427
	at org.openqa.selenium.remote.codec.w3c.W3CHttpResponseCodec.createException(W3CHttpResponseCodec.java:200)
	at org.openqa.selenium.remote.codec.w3c.W3CHttpResponseCodec.decode(W3CHttpResponseCodec.java:133)
	at org.openqa.selenium.remote.codec.w3c.W3CHttpResponseCodec.decode(W3CHttpResponseCodec.java:53)
	at org.openqa.selenium.remote.HttpCommandExecutor.execute(HttpCommandExecutor.java:184)
	at org.openqa.selenium.remote.service.DriverCommandExecutor.invokeExecute(DriverCommandExecutor.java:167)
	at org.openqa.selenium.remote.service.DriverCommandExecutor.execute(DriverCommandExecutor.java:142)
	at org.openqa.selenium.remote.RemoteWebDriver.execute(RemoteWebDriver.java:567)
	at org.openqa.selenium.remote.RemoteWebElement.execute(RemoteWebElement.java:251)
	at org.openqa.selenium.remote.RemoteWebElement.click(RemoteWebElement.java:77)
	at org.openqa.selenium.support.pagefactory.internal.LocatingElementHandler.invoke(LocatingElementHandler.java:52)
	at com.sun.proxy.$Proxy17.click(Unknown Source)
	at base.CommonAPI.click(CommonAPI.java:218)
	at saucedemopages.SauceLabsPage.clickCCPA(SauceLabsPage.java:126)
	at saucedemotests.ClickFunctionality.clickCCPATest(ClickFunctionality.java:204)
... Removed 36 stack frames
</div> <!-- stack-trace -->
                </div> <!-- method-content -->
              </div> <!-- method -->
              <div class="method">
                <div class="method-content">
                  <a name="clickCookiesSettingAndConfirmTest">
                  </a> <!-- clickCookiesSettingAndConfirmTest -->
                  <span class="method-name">clickCookiesSettingAndConfirmTest</span>
                  <div class="stack-trace">org.openqa.selenium.ElementClickInterceptedException: element click intercepted: Element is not clickable at point (873, 5860)
  (Session info: chrome=102.0.5005.115)
Build info: version: &apos;4.1.4&apos;, revision: &apos;535d840ee2&apos;
System info: host: &apos;DESKTOP-DNJOJAA&apos;, ip: &apos;172.16.225.38&apos;, os.name: &apos;Windows 11&apos;, os.arch: &apos;amd64&apos;, os.version: &apos;10.0&apos;, java.version: &apos;11.0.15.1&apos;
Driver info: org.openqa.selenium.chrome.ChromeDriver
Command: [856c4694a7cb07dd2eca23d626ba2756, clickElement {id=dc9e5801-9ded-4b58-a582-c4121c5d2cdb}]
Capabilities {acceptInsecureCerts: false, browserName: chrome, browserVersion: 102.0.5005.115, chrome: {chromedriverVersion: 102.0.5005.61 (0e59bcc00cc4..., userDataDir: C:\Users\EvilT\AppData\Loca...}, goog:chromeOptions: {debuggerAddress: localhost:56792}, javascriptEnabled: true, networkConnectionEnabled: false, pageLoadStrategy: normal, platform: WINDOWS, platformName: WINDOWS, proxy: Proxy(), se:cdp: ws://localhost:56792/devtoo..., se:cdpVersion: 102.0.5005.115, setWindowRect: true, strictFileInteractability: false, timeouts: {implicit: 0, pageLoad: 300000, script: 30000}, unhandledPromptBehavior: dismiss and notify, webauthn:extension:credBlob: true, webauthn:extension:largeBlob: true, webauthn:virtualAuthenticators: true}
Element: [[ChromeDriver: chrome on WINDOWS (856c4694a7cb07dd2eca23d626ba2756)] -&gt; xpath: //a[contains(text(),&apos;Cookies Settings&apos;)]]
Session ID: 856c4694a7cb07dd2eca23d626ba2756
	at org.openqa.selenium.remote.codec.w3c.W3CHttpResponseCodec.createException(W3CHttpResponseCodec.java:200)
	at org.openqa.selenium.remote.codec.w3c.W3CHttpResponseCodec.decode(W3CHttpResponseCodec.java:133)
	at org.openqa.selenium.remote.codec.w3c.W3CHttpResponseCodec.decode(W3CHttpResponseCodec.java:53)
	at org.openqa.selenium.remote.HttpCommandExecutor.execute(HttpCommandExecutor.java:184)
	at org.openqa.selenium.remote.service.DriverCommandExecutor.invokeExecute(DriverCommandExecutor.java:167)
	at org.openqa.selenium.remote.service.DriverCommandExecutor.execute(DriverCommandExecutor.java:142)
	at org.openqa.selenium.remote.RemoteWebDriver.execute(RemoteWebDriver.java:567)
	at org.openqa.selenium.remote.RemoteWebElement.execute(RemoteWebElement.java:251)
	at org.openqa.selenium.remote.RemoteWebElement.click(RemoteWebElement.java:77)
	at org.openqa.selenium.support.pagefactory.internal.LocatingElementHandler.invoke(LocatingElementHandler.java:52)
	at com.sun.proxy.$Proxy17.click(Unknown Source)
	at base.CommonAPI.click(CommonAPI.java:218)
	at saucedemopages.SauceLabsPage.clickCookiesSetting(SauceLabsPage.java:130)
	at saucedemotests.ClickFunctionality.clickCookiesSettingAndConfirmTest(ClickFunctionality.java:231)
... Removed 36 stack frames
</div> <!-- stack-trace -->
                </div> <!-- method-content -->
              </div> <!-- method -->
              <div class="method">
                <div class="method-content">
                  <a name="clickEEATest">
                  </a> <!-- clickEEATest -->
                  <span class="method-name">clickEEATest</span>
                  <div class="stack-trace">org.openqa.selenium.ElementClickInterceptedException: element click intercepted: Element is not clickable at point (752, 5860)
  (Session info: chrome=102.0.5005.115)
Build info: version: &apos;4.1.4&apos;, revision: &apos;535d840ee2&apos;
System info: host: &apos;DESKTOP-DNJOJAA&apos;, ip: &apos;172.16.225.38&apos;, os.name: &apos;Windows 11&apos;, os.arch: &apos;amd64&apos;, os.version: &apos;10.0&apos;, java.version: &apos;11.0.15.1&apos;
Driver info: org.openqa.selenium.chrome.ChromeDriver
Command: [1fd59138eac8b30c78c5ec3409d3c3fd, clickElement {id=937c514f-aedb-41e7-a0b6-c66eef75981a}]
Capabilities {acceptInsecureCerts: false, browserName: chrome, browserVersion: 102.0.5005.115, chrome: {chromedriverVersion: 102.0.5005.61 (0e59bcc00cc4..., userDataDir: C:\Users\EvilT\AppData\Loca...}, goog:chromeOptions: {debuggerAddress: localhost:56900}, javascriptEnabled: true, networkConnectionEnabled: false, pageLoadStrategy: normal, platform: WINDOWS, platformName: WINDOWS, proxy: Proxy(), se:cdp: ws://localhost:56900/devtoo..., se:cdpVersion: 102.0.5005.115, setWindowRect: true, strictFileInteractability: false, timeouts: {implicit: 0, pageLoad: 300000, script: 30000}, unhandledPromptBehavior: dismiss and notify, webauthn:extension:credBlob: true, webauthn:extension:largeBlob: true, webauthn:virtualAuthenticators: true}
Element: [[ChromeDriver: chrome on WINDOWS (1fd59138eac8b30c78c5ec3409d3c3fd)] -&gt; xpath: //body/div[4]/div[1]/div[1]/div[2]/ul[1]/li[3]/a[1]]
Session ID: 1fd59138eac8b30c78c5ec3409d3c3fd
	at org.openqa.selenium.remote.codec.w3c.W3CHttpResponseCodec.createException(W3CHttpResponseCodec.java:200)
	at org.openqa.selenium.remote.codec.w3c.W3CHttpResponseCodec.decode(W3CHttpResponseCodec.java:133)
	at org.openqa.selenium.remote.codec.w3c.W3CHttpResponseCodec.decode(W3CHttpResponseCodec.java:53)
	at org.openqa.selenium.remote.HttpCommandExecutor.execute(HttpCommandExecutor.java:184)
	at org.openqa.selenium.remote.service.DriverCommandExecutor.invokeExecute(DriverCommandExecutor.java:167)
	at org.openqa.selenium.remote.service.DriverCommandExecutor.execute(DriverCommandExecutor.java:142)
	at org.openqa.selenium.remote.RemoteWebDriver.execute(RemoteWebDriver.java:567)
	at org.openqa.selenium.remote.RemoteWebElement.execute(RemoteWebElement.java:251)
	at org.openqa.selenium.remote.RemoteWebElement.click(RemoteWebElement.java:77)
	at org.openqa.selenium.support.pagefactory.internal.LocatingElementHandler.invoke(LocatingElementHandler.java:52)
	at com.sun.proxy.$Proxy17.click(Unknown Source)
	at base.CommonAPI.click(CommonAPI.java:218)
	at saucedemopages.SauceLabsPage.clickEEA(SauceLabsPage.java:122)
	at saucedemotests.ClickFunctionality.clickEEATest(ClickFunctionality.java:176)
... Removed 36 stack frames
</div> <!-- stack-trace -->
                </div> <!-- method-content -->
              </div> <!-- method -->
              <div class="method">
                <div class="method-content">
                  <a name="clickErrorReportingTest">
                  </a> <!-- clickErrorReportingTest -->
                  <span class="method-name">clickErrorReportingTest</span>
                  <div class="stack-trace">org.openqa.selenium.ElementClickInterceptedException: element click intercepted: Element is not clickable at point (553, 868)
  (Session info: chrome=102.0.5005.115)
Build info: version: &apos;4.1.4&apos;, revision: &apos;535d840ee2&apos;
System info: host: &apos;DESKTOP-DNJOJAA&apos;, ip: &apos;172.16.225.38&apos;, os.name: &apos;Windows 11&apos;, os.arch: &apos;amd64&apos;, os.version: &apos;10.0&apos;, java.version: &apos;11.0.15.1&apos;
Driver info: org.openqa.selenium.chrome.ChromeDriver
Command: [2aca2bffb5cd4decf96ba431ba5a79fb, clickElement {id=006fb052-7d26-446e-826d-7c477b053f0f}]
Capabilities {acceptInsecureCerts: false, browserName: chrome, browserVersion: 102.0.5005.115, chrome: {chromedriverVersion: 102.0.5005.61 (0e59bcc00cc4..., userDataDir: C:\Users\EvilT\AppData\Loca...}, goog:chromeOptions: {debuggerAddress: localhost:57008}, javascriptEnabled: true, networkConnectionEnabled: false, pageLoadStrategy: normal, platform: WINDOWS, platformName: WINDOWS, proxy: Proxy(), se:cdp: ws://localhost:57008/devtoo..., se:cdpVersion: 102.0.5005.115, setWindowRect: true, strictFileInteractability: false, timeouts: {implicit: 0, pageLoad: 300000, script: 30000}, unhandledPromptBehavior: dismiss and notify, webauthn:extension:credBlob: true, webauthn:extension:largeBlob: true, webauthn:virtualAuthenticators: true}
Element: [[ChromeDriver: chrome on WINDOWS (2aca2bffb5cd4decf96ba431ba5a79fb)] -&gt; xpath: //body/div[@id=&apos;template__page&apos;]/div[1]/section[2]/div[1]/div[2]/div[4]/a[1]/div[1]/div[1]/div[1]/picture[1]/img[1]]
Session ID: 2aca2bffb5cd4decf96ba431ba5a79fb
	at org.openqa.selenium.remote.codec.w3c.W3CHttpResponseCodec.createException(W3CHttpResponseCodec.java:200)
	at org.openqa.selenium.remote.codec.w3c.W3CHttpResponseCodec.decode(W3CHttpResponseCodec.java:133)
	at org.openqa.selenium.remote.codec.w3c.W3CHttpResponseCodec.decode(W3CHttpResponseCodec.java:53)
	at org.openqa.selenium.remote.HttpCommandExecutor.execute(HttpCommandExecutor.java:184)
	at org.openqa.selenium.remote.service.DriverCommandExecutor.invokeExecute(DriverCommandExecutor.java:167)
	at org.openqa.selenium.remote.service.DriverCommandExecutor.execute(DriverCommandExecutor.java:142)
	at org.openqa.selenium.remote.RemoteWebDriver.execute(RemoteWebDriver.java:567)
	at org.openqa.selenium.remote.RemoteWebElement.execute(RemoteWebElement.java:251)
	at org.openqa.selenium.remote.RemoteWebElement.click(RemoteWebElement.java:77)
	at org.openqa.selenium.support.pagefactory.internal.LocatingElementHandler.invoke(LocatingElementHandler.java:52)
	at com.sun.proxy.$Proxy17.click(Unknown Source)
	at base.CommonAPI.click(CommonAPI.java:218)
	at saucedemopages.SauceLabsPage.clickErrorReporting(SauceLabsPage.java:105)
	at saucedemotests.ClickFunctionality.clickErrorReportingTest(ClickFunctionality.java:68)
... Removed 36 stack frames
</div> <!-- stack-trace -->
                </div> <!-- method-content -->
              </div> <!-- method -->
              <div class="method">
                <div class="method-content">
                  <a name="clickPrivacyTest">
                  </a> <!-- clickPrivacyTest -->
                  <span class="method-name">clickPrivacyTest</span>
                  <div class="stack-trace">org.openqa.selenium.ElementClickInterceptedException: element click intercepted: Element is not clickable at point (603, 5860)
  (Session info: chrome=102.0.5005.115)
Build info: version: &apos;4.1.4&apos;, revision: &apos;535d840ee2&apos;
System info: host: &apos;DESKTOP-DNJOJAA&apos;, ip: &apos;172.16.225.38&apos;, os.name: &apos;Windows 11&apos;, os.arch: &apos;amd64&apos;, os.version: &apos;10.0&apos;, java.version: &apos;11.0.15.1&apos;
Driver info: org.openqa.selenium.chrome.ChromeDriver
Command: [4b17fd30a16ad8d76c97a5fac763ebaf, clickElement {id=f37d042f-e88a-4a09-81a7-071646fbda3f}]
Capabilities {acceptInsecureCerts: false, browserName: chrome, browserVersion: 102.0.5005.115, chrome: {chromedriverVersion: 102.0.5005.61 (0e59bcc00cc4..., userDataDir: C:\Users\EvilT\AppData\Loca...}, goog:chromeOptions: {debuggerAddress: localhost:57118}, javascriptEnabled: true, networkConnectionEnabled: false, pageLoadStrategy: normal, platform: WINDOWS, platformName: WINDOWS, proxy: Proxy(), se:cdp: ws://localhost:57118/devtoo..., se:cdpVersion: 102.0.5005.115, setWindowRect: true, strictFileInteractability: false, timeouts: {implicit: 0, pageLoad: 300000, script: 30000}, unhandledPromptBehavior: dismiss and notify, webauthn:extension:credBlob: true, webauthn:extension:largeBlob: true, webauthn:virtualAuthenticators: true}
Element: [[ChromeDriver: chrome on WINDOWS (4b17fd30a16ad8d76c97a5fac763ebaf)] -&gt; xpath: //span[contains(text(),&apos;Privacy&apos;)]]
Session ID: 4b17fd30a16ad8d76c97a5fac763ebaf
	at org.openqa.selenium.remote.codec.w3c.W3CHttpResponseCodec.createException(W3CHttpResponseCodec.java:200)
	at org.openqa.selenium.remote.codec.w3c.W3CHttpResponseCodec.decode(W3CHttpResponseCodec.java:133)
	at org.openqa.selenium.remote.codec.w3c.W3CHttpResponseCodec.decode(W3CHttpResponseCodec.java:53)
	at org.openqa.selenium.remote.HttpCommandExecutor.execute(HttpCommandExecutor.java:184)
	at org.openqa.selenium.remote.service.DriverCommandExecutor.invokeExecute(DriverCommandExecutor.java:167)
	at org.openqa.selenium.remote.service.DriverCommandExecutor.execute(DriverCommandExecutor.java:142)
	at org.openqa.selenium.remote.RemoteWebDriver.execute(RemoteWebDriver.java:567)
	at org.openqa.selenium.remote.RemoteWebElement.execute(RemoteWebElement.java:251)
	at org.openqa.selenium.remote.RemoteWebElement.click(RemoteWebElement.java:77)
	at org.openqa.selenium.support.pagefactory.internal.LocatingElementHandler.invoke(LocatingElementHandler.java:52)
	at com.sun.proxy.$Proxy17.click(Unknown Source)
	at base.CommonAPI.click(CommonAPI.java:218)
	at saucedemopages.SauceLabsPage.clickPrivacy(SauceLabsPage.java:118)
	at saucedemotests.ClickFunctionality.clickPrivacyTest(ClickFunctionality.java:149)
... Removed 36 stack frames
</div> <!-- stack-trace -->
                </div> <!-- method-content -->
              </div> <!-- method -->
              <div class="method">
                <div class="method-content">
                  <a name="clickSignUpPrivacyPolicyTest">
                  </a> <!-- clickSignUpPrivacyPolicyTest -->
                  <span class="method-name">clickSignUpPrivacyPolicyTest</span>
                  <div class="stack-trace">org.openqa.selenium.NoSuchElementException: no such element: Unable to locate element: {&quot;method&quot;:&quot;xpath&quot;,&quot;selector&quot;:&quot;//span[contains(text(),&apos;Privacy&apos;)]&quot;}
  (Session info: chrome=102.0.5005.115)
For documentation on this error, please visit: https://selenium.dev/exceptions/#no_such_element
Build info: version: &apos;4.1.4&apos;, revision: &apos;535d840ee2&apos;
System info: host: &apos;DESKTOP-DNJOJAA&apos;, ip: &apos;172.16.225.38&apos;, os.name: &apos;Windows 11&apos;, os.arch: &apos;amd64&apos;, os.version: &apos;10.0&apos;, java.version: &apos;11.0.15.1&apos;
Driver info: org.openqa.selenium.chrome.ChromeDriver
Command: [8b961800adaeb33a4b1fb74a9fe497dc, findElement {using=xpath, value=//span[contains(text(),&apos;Privacy&apos;)]}]
Capabilities {acceptInsecureCerts: false, browserName: chrome, browserVersion: 102.0.5005.115, chrome: {chromedriverVersion: 102.0.5005.61 (0e59bcc00cc4..., userDataDir: C:\Users\EvilT\AppData\Loca...}, goog:chromeOptions: {debuggerAddress: localhost:57217}, javascriptEnabled: true, networkConnectionEnabled: false, pageLoadStrategy: normal, platform: WINDOWS, platformName: WINDOWS, proxy: Proxy(), se:cdp: ws://localhost:57217/devtoo..., se:cdpVersion: 102.0.5005.115, setWindowRect: true, strictFileInteractability: false, timeouts: {implicit: 0, pageLoad: 300000, script: 30000}, unhandledPromptBehavior: dismiss and notify, webauthn:extension:credBlob: true, webauthn:extension:largeBlob: true, webauthn:virtualAuthenticators: true}
Session ID: 8b961800adaeb33a4b1fb74a9fe497dc
	at org.openqa.selenium.remote.codec.w3c.W3CHttpResponseCodec.createException(W3CHttpResponseCodec.java:200)
	at org.openqa.selenium.remote.codec.w3c.W3CHttpResponseCodec.decode(W3CHttpResponseCodec.java:133)
	at org.openqa.selenium.remote.codec.w3c.W3CHttpResponseCodec.decode(W3CHttpResponseCodec.java:53)
	at org.openqa.selenium.remote.HttpCommandExecutor.execute(HttpCommandExecutor.java:184)
	at org.openqa.selenium.remote.service.DriverCommandExecutor.invokeExecute(DriverCommandExecutor.java:167)
	at org.openqa.selenium.remote.service.DriverCommandExecutor.execute(DriverCommandExecutor.java:142)
	at org.openqa.selenium.remote.RemoteWebDriver.execute(RemoteWebDriver.java:567)
	at org.openqa.selenium.remote.ElementLocation$ElementFinder$2.findElement(ElementLocation.java:162)
	at org.openqa.selenium.remote.ElementLocation.findElement(ElementLocation.java:60)
	at org.openqa.selenium.remote.RemoteWebDriver.findElement(RemoteWebDriver.java:385)
	at org.openqa.selenium.remote.RemoteWebDriver.findElement(RemoteWebDriver.java:377)
	at org.openqa.selenium.support.pagefactory.DefaultElementLocator.findElement(DefaultElementLocator.java:70)
	at org.openqa.selenium.support.pagefactory.internal.LocatingElementHandler.invoke(LocatingElementHandler.java:39)
	at com.sun.proxy.$Proxy17.click(Unknown Source)
	at base.CommonAPI.click(CommonAPI.java:218)
	at saucedemopages.SauceLabsPage.clickPrivacy(SauceLabsPage.java:118)
	at saucedemotests.ClickFunctionality.clickSignUpPrivacyPolicyTest(ClickFunctionality.java:325)
... Removed 33 stack frames
</div> <!-- stack-trace -->
                </div> <!-- method-content -->
              </div> <!-- method -->
              <div class="method">
                <div class="method-content">
                  <a name="clickSignUpTermsAndConditionsTest">
                  </a> <!-- clickSignUpTermsAndConditionsTest -->
                  <span class="method-name">clickSignUpTermsAndConditionsTest</span>
                  <div class="stack-trace">org.openqa.selenium.TimeoutException: Expected condition failed: waiting for url to be &quot;https://saucelabs.com/terms-of-service&quot;. Current url: &quot;https://saucelabs.com/sign-up&quot; (tried for 15 second(s) with 500 milliseconds interval)
Build info: version: &apos;4.1.4&apos;, revision: &apos;535d840ee2&apos;
System info: host: &apos;DESKTOP-DNJOJAA&apos;, ip: &apos;172.16.225.38&apos;, os.name: &apos;Windows 11&apos;, os.arch: &apos;amd64&apos;, os.version: &apos;10.0&apos;, java.version: &apos;11.0.15.1&apos;
Driver info: org.openqa.selenium.chrome.ChromeDriver
Capabilities {acceptInsecureCerts: false, browserName: chrome, browserVersion: 102.0.5005.115, chrome: {chromedriverVersion: 102.0.5005.61 (0e59bcc00cc4..., userDataDir: C:\Users\EvilT\AppData\Loca...}, goog:chromeOptions: {debuggerAddress: localhost:57387}, javascriptEnabled: true, networkConnectionEnabled: false, pageLoadStrategy: normal, platform: WINDOWS, platformName: WINDOWS, proxy: Proxy(), se:cdp: ws://localhost:57387/devtoo..., se:cdpVersion: 102.0.5005.115, setWindowRect: true, strictFileInteractability: false, timeouts: {implicit: 0, pageLoad: 300000, script: 30000}, unhandledPromptBehavior: dismiss and notify, webauthn:extension:credBlob: true, webauthn:extension:largeBlob: true, webauthn:virtualAuthenticators: true}
Session ID: b3042e457fb3f68a4d217ce2c158f4cf
	at org.openqa.selenium.support.ui.WebDriverWait.timeoutException(WebDriverWait.java:87)
	at org.openqa.selenium.support.ui.FluentWait.until(FluentWait.java:231)
	at saucedemotests.ClickFunctionality.clickSignUpTermsAndConditionsTest(ClickFunctionality.java:294)
... Removed 29 stack frames
</div> <!-- stack-trace -->
                </div> <!-- method-content -->
              </div> <!-- method -->
              <div class="method">
                <div class="method-content">
                  <a name="clickSignUpWithEmailTest">
                  </a> <!-- clickSignUpWithEmailTest -->
                  <span class="method-name">clickSignUpWithEmailTest</span>
                  <div class="stack-trace">org.openqa.selenium.TimeoutException: Expected condition failed: waiting for url to be &quot;https://saucelabs.com/register&quot;. Current url: &quot;https://saucelabs.com/sign-up/register&quot; (tried for 15 second(s) with 500 milliseconds interval)
Build info: version: &apos;4.1.4&apos;, revision: &apos;535d840ee2&apos;
System info: host: &apos;DESKTOP-DNJOJAA&apos;, ip: &apos;172.16.225.38&apos;, os.name: &apos;Windows 11&apos;, os.arch: &apos;amd64&apos;, os.version: &apos;10.0&apos;, java.version: &apos;11.0.15.1&apos;
Driver info: org.openqa.selenium.chrome.ChromeDriver
Capabilities {acceptInsecureCerts: false, browserName: chrome, browserVersion: 102.0.5005.115, chrome: {chromedriverVersion: 102.0.5005.61 (0e59bcc00cc4..., userDataDir: C:\Users\EvilT\AppData\Loca...}, goog:chromeOptions: {debuggerAddress: localhost:57574}, javascriptEnabled: true, networkConnectionEnabled: false, pageLoadStrategy: normal, platform: WINDOWS, platformName: WINDOWS, proxy: Proxy(), se:cdp: ws://localhost:57574/devtoo..., se:cdpVersion: 102.0.5005.115, setWindowRect: true, strictFileInteractability: false, timeouts: {implicit: 0, pageLoad: 300000, script: 30000}, unhandledPromptBehavior: dismiss and notify, webauthn:extension:credBlob: true, webauthn:extension:largeBlob: true, webauthn:virtualAuthenticators: true}
Session ID: d46e89b0fe8e1e249dc71c921b078f22
	at org.openqa.selenium.support.ui.WebDriverWait.timeoutException(WebDriverWait.java:87)
	at org.openqa.selenium.support.ui.FluentWait.until(FluentWait.java:231)
	at saucedemotests.ClickFunctionality.clickSignUpWithEmailTest(ClickFunctionality.java:361)
... Removed 29 stack frames
</div> <!-- stack-trace -->
                </div> <!-- method-content -->
              </div> <!-- method -->
              <div class="method">
                <div class="method-content">
                  <a name="clickTermsOfServiceTest">
                  </a> <!-- clickTermsOfServiceTest -->
                  <span class="method-name">clickTermsOfServiceTest</span>
                  <div class="stack-trace">org.openqa.selenium.ElementClickInterceptedException: element click intercepted: Element is not clickable at point (680, 5860)
  (Session info: chrome=102.0.5005.115)
Build info: version: &apos;4.1.4&apos;, revision: &apos;535d840ee2&apos;
System info: host: &apos;DESKTOP-DNJOJAA&apos;, ip: &apos;172.16.225.38&apos;, os.name: &apos;Windows 11&apos;, os.arch: &apos;amd64&apos;, os.version: &apos;10.0&apos;, java.version: &apos;11.0.15.1&apos;
Driver info: org.openqa.selenium.chrome.ChromeDriver
Command: [add7decdda4835fbe6f678946f2a96a8, clickElement {id=b3eb000a-cefd-43ec-8147-610bf303015d}]
Capabilities {acceptInsecureCerts: false, browserName: chrome, browserVersion: 102.0.5005.115, chrome: {chromedriverVersion: 102.0.5005.61 (0e59bcc00cc4..., userDataDir: C:\Users\EvilT\AppData\Loca...}, goog:chromeOptions: {debuggerAddress: localhost:57776}, javascriptEnabled: true, networkConnectionEnabled: false, pageLoadStrategy: normal, platform: WINDOWS, platformName: WINDOWS, proxy: Proxy(), se:cdp: ws://localhost:57776/devtoo..., se:cdpVersion: 102.0.5005.115, setWindowRect: true, strictFileInteractability: false, timeouts: {implicit: 0, pageLoad: 300000, script: 30000}, unhandledPromptBehavior: dismiss and notify, webauthn:extension:credBlob: true, webauthn:extension:largeBlob: true, webauthn:virtualAuthenticators: true}
Element: [[ChromeDriver: chrome on WINDOWS (add7decdda4835fbe6f678946f2a96a8)] -&gt; xpath: //span[contains(text(),&apos;Terms of Service&apos;)]]
Session ID: add7decdda4835fbe6f678946f2a96a8
	at org.openqa.selenium.remote.codec.w3c.W3CHttpResponseCodec.createException(W3CHttpResponseCodec.java:200)
	at org.openqa.selenium.remote.codec.w3c.W3CHttpResponseCodec.decode(W3CHttpResponseCodec.java:133)
	at org.openqa.selenium.remote.codec.w3c.W3CHttpResponseCodec.decode(W3CHttpResponseCodec.java:53)
	at org.openqa.selenium.remote.HttpCommandExecutor.execute(HttpCommandExecutor.java:184)
	at org.openqa.selenium.remote.service.DriverCommandExecutor.invokeExecute(DriverCommandExecutor.java:167)
	at org.openqa.selenium.remote.service.DriverCommandExecutor.execute(DriverCommandExecutor.java:142)
	at org.openqa.selenium.remote.RemoteWebDriver.execute(RemoteWebDriver.java:567)
	at org.openqa.selenium.remote.RemoteWebElement.execute(RemoteWebElement.java:251)
	at org.openqa.selenium.remote.RemoteWebElement.click(RemoteWebElement.java:77)
	at org.openqa.selenium.support.pagefactory.internal.LocatingElementHandler.invoke(LocatingElementHandler.java:52)
	at com.sun.proxy.$Proxy17.click(Unknown Source)
	at base.CommonAPI.click(CommonAPI.java:218)
	at saucedemopages.SauceLabsPage.clickTermsOfService(SauceLabsPage.java:114)
	at saucedemotests.ClickFunctionality.clickTermsOfServiceTest(ClickFunctionality.java:122)
... Removed 36 stack frames
</div> <!-- stack-trace -->
                </div> <!-- method-content -->
              </div> <!-- method -->
              <div class="method">
                <div class="method-content">
                  <a name="clickTestAutomationTest">
                  </a> <!-- clickTestAutomationTest -->
                  <span class="method-name">clickTestAutomationTest</span>
                  <div class="stack-trace">org.openqa.selenium.ElementClickInterceptedException: element click intercepted: Element is not clickable at point (760, 1055)
  (Session info: chrome=102.0.5005.115)
Build info: version: &apos;4.1.4&apos;, revision: &apos;535d840ee2&apos;
System info: host: &apos;DESKTOP-DNJOJAA&apos;, ip: &apos;172.16.225.38&apos;, os.name: &apos;Windows 11&apos;, os.arch: &apos;amd64&apos;, os.version: &apos;10.0&apos;, java.version: &apos;11.0.15.1&apos;
Driver info: org.openqa.selenium.chrome.ChromeDriver
Command: [1f28ed26b72fb78f2945fc0b574e8e33, clickElement {id=25ba48f2-ca2f-4504-a592-e8734cbbef9b}]
Capabilities {acceptInsecureCerts: false, browserName: chrome, browserVersion: 102.0.5005.115, chrome: {chromedriverVersion: 102.0.5005.61 (0e59bcc00cc4..., userDataDir: C:\Users\EvilT\AppData\Loca...}, goog:chromeOptions: {debuggerAddress: localhost:57880}, javascriptEnabled: true, networkConnectionEnabled: false, pageLoadStrategy: normal, platform: WINDOWS, platformName: WINDOWS, proxy: Proxy(), se:cdp: ws://localhost:57880/devtoo..., se:cdpVersion: 102.0.5005.115, setWindowRect: true, strictFileInteractability: false, timeouts: {implicit: 0, pageLoad: 300000, script: 30000}, unhandledPromptBehavior: dismiss and notify, webauthn:extension:credBlob: true, webauthn:extension:largeBlob: true, webauthn:virtualAuthenticators: true}
Element: [[ChromeDriver: chrome on WINDOWS (1f28ed26b72fb78f2945fc0b574e8e33)] -&gt; xpath: //h2[contains(text(),&apos;Test Automation&apos;)]]
Session ID: 1f28ed26b72fb78f2945fc0b574e8e33
	at org.openqa.selenium.remote.codec.w3c.W3CHttpResponseCodec.createException(W3CHttpResponseCodec.java:200)
	at org.openqa.selenium.remote.codec.w3c.W3CHttpResponseCodec.decode(W3CHttpResponseCodec.java:133)
	at org.openqa.selenium.remote.codec.w3c.W3CHttpResponseCodec.decode(W3CHttpResponseCodec.java:53)
	at org.openqa.selenium.remote.HttpCommandExecutor.execute(HttpCommandExecutor.java:184)
	at org.openqa.selenium.remote.service.DriverCommandExecutor.invokeExecute(DriverCommandExecutor.java:167)
	at org.openqa.selenium.remote.service.DriverCommandExecutor.execute(DriverCommandExecutor.java:142)
	at org.openqa.selenium.remote.RemoteWebDriver.execute(RemoteWebDriver.java:567)
	at org.openqa.selenium.remote.RemoteWebElement.execute(RemoteWebElement.java:251)
	at org.openqa.selenium.remote.RemoteWebElement.click(RemoteWebElement.java:77)
	at org.openqa.selenium.support.pagefactory.internal.LocatingElementHandler.invoke(LocatingElementHandler.java:52)
	at com.sun.proxy.$Proxy17.click(Unknown Source)
	at base.CommonAPI.click(CommonAPI.java:218)
	at saucedemopages.SauceLabsPage.clickTestAutomation(SauceLabsPage.java:110)
	at saucedemotests.ClickFunctionality.clickTestAutomationTest(ClickFunctionality.java:95)
... Removed 36 stack frames
</div> <!-- stack-trace -->
                </div> <!-- method-content -->
              </div> <!-- method -->
              <div class="method">
                <div class="method-content">
                  <a name="clickVisualTestingTest">
                  </a> <!-- clickVisualTestingTest -->
                  <span class="method-name">clickVisualTestingTest</span>
                  <div class="stack-trace">org.openqa.selenium.ElementClickInterceptedException: element click intercepted: Element is not clickable at point (289, 1076)
  (Session info: chrome=102.0.5005.115)
Build info: version: &apos;4.1.4&apos;, revision: &apos;535d840ee2&apos;
System info: host: &apos;DESKTOP-DNJOJAA&apos;, ip: &apos;172.16.225.38&apos;, os.name: &apos;Windows 11&apos;, os.arch: &apos;amd64&apos;, os.version: &apos;10.0&apos;, java.version: &apos;11.0.15.1&apos;
Driver info: org.openqa.selenium.chrome.ChromeDriver
Command: [a2ee0044b7c1ca63f442780b24c5eeb2, clickElement {id=42025472-cce1-4098-8fdd-ab0819a89491}]
Capabilities {acceptInsecureCerts: false, browserName: chrome, browserVersion: 102.0.5005.115, chrome: {chromedriverVersion: 102.0.5005.61 (0e59bcc00cc4..., userDataDir: C:\Users\EvilT\AppData\Loca...}, goog:chromeOptions: {debuggerAddress: localhost:58127}, javascriptEnabled: true, networkConnectionEnabled: false, pageLoadStrategy: normal, platform: WINDOWS, platformName: WINDOWS, proxy: Proxy(), se:cdp: ws://localhost:58127/devtoo..., se:cdpVersion: 102.0.5005.115, setWindowRect: true, strictFileInteractability: false, timeouts: {implicit: 0, pageLoad: 300000, script: 30000}, unhandledPromptBehavior: dismiss and notify, webauthn:extension:credBlob: true, webauthn:extension:largeBlob: true, webauthn:virtualAuthenticators: true}
Element: [[ChromeDriver: chrome on WINDOWS (a2ee0044b7c1ca63f442780b24c5eeb2)] -&gt; xpath: //body/div[@id=&apos;template__page&apos;]/div[1]/section[2]/div[1]/div[2]/div[7]/a[1]]
Session ID: a2ee0044b7c1ca63f442780b24c5eeb2
	at org.openqa.selenium.remote.codec.w3c.W3CHttpResponseCodec.createException(W3CHttpResponseCodec.java:200)
	at org.openqa.selenium.remote.codec.w3c.W3CHttpResponseCodec.decode(W3CHttpResponseCodec.java:133)
	at org.openqa.selenium.remote.codec.w3c.W3CHttpResponseCodec.decode(W3CHttpResponseCodec.java:53)
	at org.openqa.selenium.remote.HttpCommandExecutor.execute(HttpCommandExecutor.java:184)
	at org.openqa.selenium.remote.service.DriverCommandExecutor.invokeExecute(DriverCommandExecutor.java:167)
	at org.openqa.selenium.remote.service.DriverCommandExecutor.execute(DriverCommandExecutor.java:142)
	at org.openqa.selenium.remote.RemoteWebDriver.execute(RemoteWebDriver.java:567)
	at org.openqa.selenium.remote.RemoteWebElement.execute(RemoteWebElement.java:251)
	at org.openqa.selenium.remote.RemoteWebElement.click(RemoteWebElement.java:77)
	at org.openqa.selenium.support.pagefactory.internal.LocatingElementHandler.invoke(LocatingElementHandler.java:52)
	at com.sun.proxy.$Proxy17.click(Unknown Source)
	at base.CommonAPI.click(CommonAPI.java:218)
	at saucedemopages.SauceLabsPage.clickVisualTesting(SauceLabsPage.java:101)
	at saucedemotests.ClickFunctionality.clickVisualTestingTest(ClickFunctionality.java:39)
... Removed 36 stack frames
</div> <!-- stack-trace -->
                </div> <!-- method-content -->
              </div> <!-- method -->
            </div> <!-- main-panel-content rounded-window-bottom -->
          </div> <!-- suite-CRIP_Automation_Script-class-failed -->
          <div class="suite-CRIP_Automation_Script-class-passed">
            <div class="main-panel-header rounded-window-top">
              <img src="passed.png"/>
              <span class="class-name">saucedemotests.Icons</span>
            </div> <!-- main-panel-header rounded-window-top -->
            <div class="main-panel-content rounded-window-bottom">
              <div class="method">
                <div class="method-content">
                  <a name="facebookIconTest">
                  </a> <!-- facebookIconTest -->
                  <span class="method-name">facebookIconTest</span>
                </div> <!-- method-content -->
              </div> <!-- method -->
              <div class="method">
                <div class="method-content">
                  <a name="linkedInIconTest">
                  </a> <!-- linkedInIconTest -->
                  <span class="method-name">linkedInIconTest</span>
                </div> <!-- method-content -->
              </div> <!-- method -->
              <div class="method">
                <div class="method-content">
                  <a name="twitterIconTest">
                  </a> <!-- twitterIconTest -->
                  <span class="method-name">twitterIconTest</span>
                </div> <!-- method-content -->
              </div> <!-- method -->
            </div> <!-- main-panel-content rounded-window-bottom -->
          </div> <!-- suite-CRIP_Automation_Script-class-passed -->
          <div class="suite-CRIP_Automation_Script-class-passed">
            <div class="main-panel-header rounded-window-top">
              <img src="passed.png"/>
              <span class="class-name">globalsqatests.AddCustomer</span>
            </div> <!-- main-panel-header rounded-window-top -->
            <div class="main-panel-content rounded-window-bottom">
              <div class="method">
                <div class="method-content">
                  <a name="addCustomerTest">
                  </a> <!-- addCustomerTest -->
                  <span class="method-name">addCustomerTest</span>
                </div> <!-- method-content -->
              </div> <!-- method -->
            </div> <!-- main-panel-content rounded-window-bottom -->
          </div> <!-- suite-CRIP_Automation_Script-class-passed -->
          <div class="suite-CRIP_Automation_Script-class-passed">
            <div class="main-panel-header rounded-window-top">
              <img src="passed.png"/>
              <span class="class-name">saucedemotests.HoverOver</span>
            </div> <!-- main-panel-header rounded-window-top -->
            <div class="main-panel-content rounded-window-bottom">
              <div class="method">
                <div class="method-content">
                  <a name="hoverOverCompanyTest">
                  </a> <!-- hoverOverCompanyTest -->
                  <span class="method-name">hoverOverCompanyTest</span>
                </div> <!-- method-content -->
              </div> <!-- method -->
              <div class="method">
                <div class="method-content">
                  <a name="hoverOverCrossBrowserTestingAndClickTest">
                  </a> <!-- hoverOverCrossBrowserTestingAndClickTest -->
                  <span class="method-name">hoverOverCrossBrowserTestingAndClickTest</span>
                </div> <!-- method-content -->
              </div> <!-- method -->
              <div class="method">
                <div class="method-content">
                  <a name="hoverOverLowCodeTestingAndClickTest">
                  </a> <!-- hoverOverLowCodeTestingAndClickTest -->
                  <span class="method-name">hoverOverLowCodeTestingAndClickTest</span>
                </div> <!-- method-content -->
              </div> <!-- method -->
              <div class="method">
                <div class="method-content">
                  <a name="hoverOverMobileTestingTest">
                  </a> <!-- hoverOverMobileTestingTest -->
                  <span class="method-name">hoverOverMobileTestingTest</span>
                </div> <!-- method-content -->
              </div> <!-- method -->
              <div class="method">
                <div class="method-content">
                  <a name="hoverOverPlatformTest">
                  </a> <!-- hoverOverPlatformTest -->
                  <span class="method-name">hoverOverPlatformTest</span>
                </div> <!-- method-content -->
              </div> <!-- method -->
              <div class="method">
                <div class="method-content">
                  <a name="hoverOverPricingTest">
                  </a> <!-- hoverOverPricingTest -->
                  <span class="method-name">hoverOverPricingTest</span>
                </div> <!-- method-content -->
              </div> <!-- method -->
              <div class="method">
                <div class="method-content">
                  <a name="hoverOverResourcesTest">
                  </a> <!-- hoverOverResourcesTest -->
                  <span class="method-name">hoverOverResourcesTest</span>
                </div> <!-- method-content -->
              </div> <!-- method -->
              <div class="method">
                <div class="method-content">
                  <a name="hoverOverSolutionsTest">
                  </a> <!-- hoverOverSolutionsTest -->
                  <span class="method-name">hoverOverSolutionsTest</span>
                </div> <!-- method-content -->
              </div> <!-- method -->
            </div> <!-- main-panel-content rounded-window-bottom -->
          </div> <!-- suite-CRIP_Automation_Script-class-passed -->
          <div class="suite-CRIP_Automation_Script-class-passed">
            <div class="main-panel-header rounded-window-top">
              <img src="passed.png"/>
              <span class="class-name">globalsqatests.BackButton</span>
            </div> <!-- main-panel-header rounded-window-top -->
            <div class="main-panel-content rounded-window-bottom">
              <div class="method">
                <div class="method-content">
                  <a name="backButtonTest">
                  </a> <!-- backButtonTest -->
                  <span class="method-name">backButtonTest</span>
                </div> <!-- method-content -->
              </div> <!-- method -->
            </div> <!-- main-panel-content rounded-window-bottom -->
          </div> <!-- suite-CRIP_Automation_Script-class-passed -->
          <div class="suite-CRIP_Automation_Script-class-passed">
            <div class="main-panel-header rounded-window-top">
              <img src="passed.png"/>
              <span class="class-name">globalsqatests.AccountNumberDropDown</span>
            </div> <!-- main-panel-header rounded-window-top -->
            <div class="main-panel-content rounded-window-bottom">
              <div class="method">
                <div class="method-content">
                  <a name="accountNumberDropDownTest">
                  </a> <!-- accountNumberDropDownTest -->
                  <span class="method-name">accountNumberDropDownTest</span>
                </div> <!-- method-content -->
              </div> <!-- method -->
            </div> <!-- main-panel-content rounded-window-bottom -->
          </div> <!-- suite-CRIP_Automation_Script-class-passed -->
          <div class="suite-CRIP_Automation_Script-class-passed">
            <div class="main-panel-header rounded-window-top">
              <img src="passed.png"/>
              <span class="class-name">saucedemotests.AddItemsToCart</span>
            </div> <!-- main-panel-header rounded-window-top -->
            <div class="main-panel-content rounded-window-bottom">
              <div class="method">
                <div class="method-content">
                  <a name="addBackPackToCartTest">
                  </a> <!-- addBackPackToCartTest -->
                  <span class="method-name">addBackPackToCartTest</span>
                </div> <!-- method-content -->
              </div> <!-- method -->
              <div class="method">
                <div class="method-content">
                  <a name="addBikeLightToCartTest">
                  </a> <!-- addBikeLightToCartTest -->
                  <span class="method-name">addBikeLightToCartTest</span>
                </div> <!-- method-content -->
              </div> <!-- method -->
              <div class="method">
                <div class="method-content">
                  <a name="addBoltShirtToCartTest">
                  </a> <!-- addBoltShirtToCartTest -->
                  <span class="method-name">addBoltShirtToCartTest</span>
                </div> <!-- method-content -->
              </div> <!-- method -->
              <div class="method">
                <div class="method-content">
                  <a name="addFleeceJacketToCartTest">
                  </a> <!-- addFleeceJacketToCartTest -->
                  <span class="method-name">addFleeceJacketToCartTest</span>
                </div> <!-- method-content -->
              </div> <!-- method -->
              <div class="method">
                <div class="method-content">
                  <a name="addMultipleItemsToCartTest">
                  </a> <!-- addMultipleItemsToCartTest -->
                  <span class="method-name">addMultipleItemsToCartTest</span>
                </div> <!-- method-content -->
              </div> <!-- method -->
              <div class="method">
                <div class="method-content">
                  <a name="addOnesieToCartTest">
                  </a> <!-- addOnesieToCartTest -->
                  <span class="method-name">addOnesieToCartTest</span>
                </div> <!-- method-content -->
              </div> <!-- method -->
              <div class="method">
                <div class="method-content">
                  <a name="addRedShirtToCartTest">
                  </a> <!-- addRedShirtToCartTest -->
                  <span class="method-name">addRedShirtToCartTest</span>
                </div> <!-- method-content -->
              </div> <!-- method -->
            </div> <!-- main-panel-content rounded-window-bottom -->
          </div> <!-- suite-CRIP_Automation_Script-class-passed -->
          <div class="suite-CRIP_Automation_Script-class-passed">
            <div class="main-panel-header rounded-window-top">
              <img src="passed.png"/>
              <span class="class-name">globalsqatests.DeleteButton</span>
            </div> <!-- main-panel-header rounded-window-top -->
            <div class="main-panel-content rounded-window-bottom">
              <div class="method">
                <div class="method-content">
                  <a name="deleteCustomerTest">
                  </a> <!-- deleteCustomerTest -->
                  <span class="method-name">deleteCustomerTest</span>
                </div> <!-- method-content -->
              </div> <!-- method -->
            </div> <!-- main-panel-content rounded-window-bottom -->
          </div> <!-- suite-CRIP_Automation_Script-class-passed -->
          <div class="suite-CRIP_Automation_Script-class-passed">
            <div class="main-panel-header rounded-window-top">
              <img src="passed.png"/>
              <span class="class-name">globalsqatests.WithdrawlButton</span>
            </div> <!-- main-panel-header rounded-window-top -->
            <div class="main-panel-content rounded-window-bottom">
              <div class="method">
                <div class="method-content">
                  <a name="withdrawlButtonTest">
                  </a> <!-- withdrawlButtonTest -->
                  <span class="method-name">withdrawlButtonTest</span>
                </div> <!-- method-content -->
              </div> <!-- method -->
            </div> <!-- main-panel-content rounded-window-bottom -->
          </div> <!-- suite-CRIP_Automation_Script-class-passed -->
          <div class="suite-CRIP_Automation_Script-class-passed">
            <div class="main-panel-header rounded-window-top">
              <img src="passed.png"/>
              <span class="class-name">globalsqatests.SearchCustomer</span>
            </div> <!-- main-panel-header rounded-window-top -->
            <div class="main-panel-content rounded-window-bottom">
              <div class="method">
                <div class="method-content">
                  <a name="searchCustomerTest">
                  </a> <!-- searchCustomerTest -->
                  <span class="method-name">searchCustomerTest</span>
                </div> <!-- method-content -->
              </div> <!-- method -->
            </div> <!-- main-panel-content rounded-window-bottom -->
          </div> <!-- suite-CRIP_Automation_Script-class-passed -->
          <div class="suite-CRIP_Automation_Script-class-passed">
            <div class="main-panel-header rounded-window-top">
              <img src="passed.png"/>
              <span class="class-name">globalsqatests.DepositButton</span>
            </div> <!-- main-panel-header rounded-window-top -->
            <div class="main-panel-content rounded-window-bottom">
              <div class="method">
                <div class="method-content">
                  <a name="depositButtonTest">
                  </a> <!-- depositButtonTest -->
                  <span class="method-name">depositButtonTest</span>
                </div> <!-- method-content -->
              </div> <!-- method -->
            </div> <!-- main-panel-content rounded-window-bottom -->
          </div> <!-- suite-CRIP_Automation_Script-class-passed -->
          <div class="suite-CRIP_Automation_Script-class-passed">
            <div class="main-panel-header rounded-window-top">
              <img src="passed.png"/>
              <span class="class-name">globalsqatests.TransactionsButton</span>
            </div> <!-- main-panel-header rounded-window-top -->
            <div class="main-panel-content rounded-window-bottom">
              <div class="method">
                <div class="method-content">
                  <a name="transactionsButton">
                  </a> <!-- transactionsButton -->
                  <span class="method-name">transactionsButton</span>
                </div> <!-- method-content -->
              </div> <!-- method -->
            </div> <!-- main-panel-content rounded-window-bottom -->
          </div> <!-- suite-CRIP_Automation_Script-class-passed -->
          <div class="suite-CRIP_Automation_Script-class-passed">
            <div class="main-panel-header rounded-window-top">
              <img src="passed.png"/>
              <span class="class-name">saucedemotests.ResetAddToCart</span>
            </div> <!-- main-panel-header rounded-window-top -->
            <div class="main-panel-content rounded-window-bottom">
              <div class="method">
                <div class="method-content">
                  <a name="menuBarLogoutTest">
                  </a> <!-- menuBarLogoutTest -->
                  <span class="method-name">menuBarLogoutTest</span>
                </div> <!-- method-content -->
              </div> <!-- method -->
            </div> <!-- main-panel-content rounded-window-bottom -->
          </div> <!-- suite-CRIP_Automation_Script-class-passed -->
          <div class="suite-CRIP_Automation_Script-class-passed">
            <div class="main-panel-header rounded-window-top">
              <img src="passed.png"/>
              <span class="class-name">saucedemotests.DropDown</span>
            </div> <!-- main-panel-header rounded-window-top -->
            <div class="main-panel-content rounded-window-bottom">
              <div class="method">
                <div class="method-content">
                  <a name="dragDownAtoZTest">
                  </a> <!-- dragDownAtoZTest -->
                  <span class="method-name">dragDownAtoZTest</span>
                </div> <!-- method-content -->
              </div> <!-- method -->
              <div class="method">
                <div class="method-content">
                  <a name="dragDownHightoLowTest">
                  </a> <!-- dragDownHightoLowTest -->
                  <span class="method-name">dragDownHightoLowTest</span>
                </div> <!-- method-content -->
              </div> <!-- method -->
              <div class="method">
                <div class="method-content">
                  <a name="dragDownLowtoHighTest">
                  </a> <!-- dragDownLowtoHighTest -->
                  <span class="method-name">dragDownLowtoHighTest</span>
                </div> <!-- method-content -->
              </div> <!-- method -->
              <div class="method">
                <div class="method-content">
                  <a name="dragDownZtoATest">
                  </a> <!-- dragDownZtoATest -->
                  <span class="method-name">dragDownZtoATest</span>
                </div> <!-- method-content -->
              </div> <!-- method -->
            </div> <!-- main-panel-content rounded-window-bottom -->
          </div> <!-- suite-CRIP_Automation_Script-class-passed -->
          <div class="suite-CRIP_Automation_Script-class-passed">
            <div class="main-panel-header rounded-window-top">
              <img src="passed.png"/>
              <span class="class-name">globalsqatests.BankManagerLoginButton</span>
            </div> <!-- main-panel-header rounded-window-top -->
            <div class="main-panel-content rounded-window-bottom">
              <div class="method">
                <div class="method-content">
                  <a name="bankManagerLoginButtonTest">
                  </a> <!-- bankManagerLoginButtonTest -->
                  <span class="method-name">bankManagerLoginButtonTest</span>
                </div> <!-- method-content -->
              </div> <!-- method -->
            </div> <!-- main-panel-content rounded-window-bottom -->
          </div> <!-- suite-CRIP_Automation_Script-class-passed -->
          <div class="suite-CRIP_Automation_Script-class-passed">
            <div class="main-panel-header rounded-window-top">
              <img src="passed.png"/>
              <span class="class-name">saucedemotests.ClickFunctionality</span>
            </div> <!-- main-panel-header rounded-window-top -->
            <div class="main-panel-content rounded-window-bottom">
              <div class="method">
                <div class="method-content">
                  <a name="clickTryItFreeTest">
                  </a> <!-- clickTryItFreeTest -->
                  <span class="method-name">clickTryItFreeTest</span>
                </div> <!-- method-content -->
              </div> <!-- method -->
            </div> <!-- main-panel-content rounded-window-bottom -->
          </div> <!-- suite-CRIP_Automation_Script-class-passed -->
          <div class="suite-CRIP_Automation_Script-class-passed">
            <div class="main-panel-header rounded-window-top">
              <img src="passed.png"/>
              <span class="class-name">globalsqatests.LogoutButton</span>
            </div> <!-- main-panel-header rounded-window-top -->
            <div class="main-panel-content rounded-window-bottom">
              <div class="method">
                <div class="method-content">
                  <a name="logOutTest">
                  </a> <!-- logOutTest -->
                  <span class="method-name">logOutTest</span>
                </div> <!-- method-content -->
              </div> <!-- method -->
            </div> <!-- main-panel-content rounded-window-bottom -->
          </div> <!-- suite-CRIP_Automation_Script-class-passed -->
          <div class="suite-CRIP_Automation_Script-class-passed">
            <div class="main-panel-header rounded-window-top">
              <img src="passed.png"/>
              <span class="class-name">saucedemotests.Login</span>
            </div> <!-- main-panel-header rounded-window-top -->
            <div class="main-panel-content rounded-window-bottom">
              <div class="method">
                <div class="method-content">
                  <a name="invalidLogInTest">
                  </a> <!-- invalidLogInTest -->
                  <span class="method-name">invalidLogInTest</span>
                </div> <!-- method-content -->
              </div> <!-- method -->
              <div class="method">
                <div class="method-content">
                  <a name="logInTest">
                  </a> <!-- logInTest -->
                  <span class="method-name">logInTest</span>
                </div> <!-- method-content -->
              </div> <!-- method -->
              <div class="method">
                <div class="method-content">
                  <a name="validateLogInButton">
                  </a> <!-- validateLogInButton -->
                  <span class="method-name">validateLogInButton</span>
                </div> <!-- method-content -->
              </div> <!-- method -->
            </div> <!-- main-panel-content rounded-window-bottom -->
          </div> <!-- suite-CRIP_Automation_Script-class-passed -->
          <div class="suite-CRIP_Automation_Script-class-passed">
            <div class="main-panel-header rounded-window-top">
              <img src="passed.png"/>
              <span class="class-name">globalsqatests.UserLogin</span>
            </div> <!-- main-panel-header rounded-window-top -->
            <div class="main-panel-content rounded-window-bottom">
              <div class="method">
                <div class="method-content">
                  <a name="harryPotterLoginTest">
                  </a> <!-- harryPotterLoginTest -->
                  <span class="method-name">harryPotterLoginTest</span>
                </div> <!-- method-content -->
              </div> <!-- method -->
              <div class="method">
                <div class="method-content">
                  <a name="ronWeaslyLoginTest">
                  </a> <!-- ronWeaslyLoginTest -->
                  <span class="method-name">ronWeaslyLoginTest</span>
                </div> <!-- method-content -->
              </div> <!-- method -->
            </div> <!-- main-panel-content rounded-window-bottom -->
          </div> <!-- suite-CRIP_Automation_Script-class-passed -->
          <div class="suite-CRIP_Automation_Script-class-passed">
            <div class="main-panel-header rounded-window-top">
              <img src="passed.png"/>
              <span class="class-name">globalsqatests.ResetButton</span>
            </div> <!-- main-panel-header rounded-window-top -->
            <div class="main-panel-content rounded-window-bottom">
              <div class="method">
                <div class="method-content">
                  <a name="resetButtonTest">
                  </a> <!-- resetButtonTest -->
                  <span class="method-name">resetButtonTest</span>
                </div> <!-- method-content -->
              </div> <!-- method -->
            </div> <!-- main-panel-content rounded-window-bottom -->
          </div> <!-- suite-CRIP_Automation_Script-class-passed -->
          <div class="suite-CRIP_Automation_Script-class-passed">
            <div class="main-panel-header rounded-window-top">
              <img src="passed.png"/>
              <span class="class-name">globalsqatests.HomeButton</span>
            </div> <!-- main-panel-header rounded-window-top -->
            <div class="main-panel-content rounded-window-bottom">
              <div class="method">
                <div class="method-content">
                  <a name="bankManagerHomeButtonTest">
                  </a> <!-- bankManagerHomeButtonTest -->
                  <span class="method-name">bankManagerHomeButtonTest</span>
                </div> <!-- method-content -->
              </div> <!-- method -->
              <div class="method">
                <div class="method-content">
                  <a name="customerHomeButtonTest">
                  </a> <!-- customerHomeButtonTest -->
                  <span class="method-name">customerHomeButtonTest</span>
                </div> <!-- method-content -->
              </div> <!-- method -->
            </div> <!-- main-panel-content rounded-window-bottom -->
          </div> <!-- suite-CRIP_Automation_Script-class-passed -->
          <div class="suite-CRIP_Automation_Script-class-passed">
            <div class="main-panel-header rounded-window-top">
              <img src="passed.png"/>
              <span class="class-name">globalsqatests.CustomerLoginButton</span>
            </div> <!-- main-panel-header rounded-window-top -->
            <div class="main-panel-content rounded-window-bottom">
              <div class="method">
                <div class="method-content">
                  <a name="customerLoginButtonTest">
                  </a> <!-- customerLoginButtonTest -->
                  <span class="method-name">customerLoginButtonTest</span>
                </div> <!-- method-content -->
              </div> <!-- method -->
            </div> <!-- main-panel-content rounded-window-bottom -->
          </div> <!-- suite-CRIP_Automation_Script-class-passed -->
          <div class="suite-CRIP_Automation_Script-class-passed">
            <div class="main-panel-header rounded-window-top">
              <img src="passed.png"/>
              <span class="class-name">saucedemotests.SearchBar</span>
            </div> <!-- main-panel-header rounded-window-top -->
            <div class="main-panel-content rounded-window-bottom">
              <div class="method">
                <div class="method-content">
                  <a name="searchBarTest">
                  </a> <!-- searchBarTest -->
                  <span class="method-name">searchBarTest</span>
                </div> <!-- method-content -->
              </div> <!-- method -->
            </div> <!-- main-panel-content rounded-window-bottom -->
          </div> <!-- suite-CRIP_Automation_Script-class-passed -->
          <div class="suite-CRIP_Automation_Script-class-passed">
            <div class="main-panel-header rounded-window-top">
              <img src="passed.png"/>
              <span class="class-name">globalsqatests.OpenAccount</span>
            </div> <!-- main-panel-header rounded-window-top -->
            <div class="main-panel-content rounded-window-bottom">
              <div class="method">
                <div class="method-content">
                  <a name="openAccountTest">
                  </a> <!-- openAccountTest -->
                  <span class="method-name">openAccountTest</span>
                </div> <!-- method-content -->
              </div> <!-- method -->
            </div> <!-- main-panel-content rounded-window-bottom -->
          </div> <!-- suite-CRIP_Automation_Script-class-passed -->
          <div class="suite-CRIP_Automation_Script-class-passed">
            <div class="main-panel-header rounded-window-top">
              <img src="passed.png"/>
              <span class="class-name">saucedemotests.MenuBar</span>
            </div> <!-- main-panel-header rounded-window-top -->
            <div class="main-panel-content rounded-window-bottom">
              <div class="method">
                <div class="method-content">
                  <a name="menuBarAboutTest">
                  </a> <!-- menuBarAboutTest -->
                  <span class="method-name">menuBarAboutTest</span>
                </div> <!-- method-content -->
              </div> <!-- method -->
              <div class="method">
                <div class="method-content">
                  <a name="menuBarAllItemsTest">
                  </a> <!-- menuBarAllItemsTest -->
                  <span class="method-name">menuBarAllItemsTest</span>
                </div> <!-- method-content -->
              </div> <!-- method -->
              <div class="method">
                <div class="method-content">
                  <a name="menuBarLogoutTest">
                  </a> <!-- menuBarLogoutTest -->
                  <span class="method-name">menuBarLogoutTest</span>
                </div> <!-- method-content -->
              </div> <!-- method -->
            </div> <!-- main-panel-content rounded-window-bottom -->
          </div> <!-- suite-CRIP_Automation_Script-class-passed -->
          <div class="suite-CRIP_Automation_Script-class-passed">
            <div class="main-panel-header rounded-window-top">
              <img src="passed.png"/>
              <span class="class-name">saucedemotests.CheckOut</span>
            </div> <!-- main-panel-header rounded-window-top -->
            <div class="main-panel-content rounded-window-bottom">
              <div class="method">
                <div class="method-content">
                  <a name="mulipleItemsCheckOutTest">
                  </a> <!-- mulipleItemsCheckOutTest -->
                  <span class="method-name">mulipleItemsCheckOutTest</span>
                </div> <!-- method-content -->
              </div> <!-- method -->
              <div class="method">
                <div class="method-content">
                  <a name="singleItemCheckOutTest">
                  </a> <!-- singleItemCheckOutTest -->
                  <span class="method-name">singleItemCheckOutTest</span>
                </div> <!-- method-content -->
              </div> <!-- method -->
            </div> <!-- main-panel-content rounded-window-bottom -->
          </div> <!-- suite-CRIP_Automation_Script-class-passed -->
        </div> <!-- panel CRIP_Automation_Script -->
        <div panel-name="test-xml-CRIP_Automation_Script" class="panel">
          <div class="main-panel-header rounded-window-top">
            <span class="header-content">C:\Users\EvilT\IdeaProjects\FinalFrameworkProject\web-automation-framework-crip\src\test\resources\runner.xml</span>
          </div> <!-- main-panel-header rounded-window-top -->
          <div class="main-panel-content rounded-window-bottom">
            <pre>
&lt;?xml version=&quot;1.0&quot; encoding=&quot;UTF-8&quot;?&gt;
&lt;!DOCTYPE suite SYSTEM &quot;http://testng.org/testng-1.0.dtd&quot;&gt;
&lt;suite name=&quot;CRIP Automation Script&quot; guice-stage=&quot;DEVELOPMENT&quot; verbose=&quot;0&quot;&gt;
  &lt;test thread-count=&quot;5&quot; name=&quot;com.SauceDemo Tests&quot; verbose=&quot;0&quot;&gt;
    &lt;parameter name=&quot;useCloudEnv&quot; value=&quot;false&quot;/&gt;
    &lt;parameter name=&quot;os&quot; value=&quot;windows&quot;/&gt;
    &lt;parameter name=&quot;osVersion&quot; value=&quot;11&quot;/&gt;
    &lt;parameter name=&quot;envName&quot; value=&quot;browserstack&quot;/&gt;
    &lt;parameter name=&quot;browserVersion&quot; value=&quot;102&quot;/&gt;
    &lt;parameter name=&quot;browserName&quot; value=&quot;chrome&quot;/&gt;
    &lt;parameter name=&quot;url&quot; value=&quot;http://saucedemo.com/&quot;/&gt;
    &lt;classes&gt;
      &lt;class name=&quot;saucedemotests.AddItemsToCart&quot;/&gt;
      &lt;class name=&quot;saucedemotests.CheckOut&quot;/&gt;
      &lt;class name=&quot;saucedemotests.ClickFunctionality&quot;/&gt;
      &lt;class name=&quot;saucedemotests.DropDown&quot;/&gt;
      &lt;class name=&quot;saucedemotests.HoverOver&quot;/&gt;
      &lt;class name=&quot;saucedemotests.Icons&quot;/&gt;
      &lt;class name=&quot;saucedemotests.Login&quot;/&gt;
      &lt;class name=&quot;saucedemotests.MenuBar&quot;/&gt;
      &lt;class name=&quot;saucedemotests.PlayVideo&quot;/&gt;
      &lt;class name=&quot;saucedemotests.ResetAddToCart&quot;/&gt;
      &lt;class name=&quot;saucedemotests.SearchBar&quot;/&gt;
    &lt;/classes&gt;
  &lt;/test&gt; &lt;!-- com.SauceDemo Tests --&gt;
  &lt;test thread-count=&quot;5&quot; name=&quot;com.GlobalSQA Tests&quot; verbose=&quot;0&quot;&gt;
    &lt;parameter name=&quot;useCloudEnv&quot; value=&quot;false&quot;/&gt;
    &lt;parameter name=&quot;os&quot; value=&quot;windows&quot;/&gt;
    &lt;parameter name=&quot;osVersion&quot; value=&quot;11&quot;/&gt;
    &lt;parameter name=&quot;envName&quot; value=&quot;browserstack&quot;/&gt;
    &lt;parameter name=&quot;browserVersion&quot; value=&quot;102&quot;/&gt;
    &lt;parameter name=&quot;browserName&quot; value=&quot;chrome&quot;/&gt;
    &lt;parameter name=&quot;url&quot; value=&quot;https://www.globalsqa.com/angularJs-protractor/BankingProject/#/login&quot;/&gt;
    &lt;classes&gt;
      &lt;class name=&quot;globalsqatests.DeleteButton&quot;/&gt;
      &lt;class name=&quot;globalsqatests.ResetButton&quot;/&gt;
      &lt;class name=&quot;globalsqatests.BackButton&quot;/&gt;
      &lt;class name=&quot;globalsqatests.AccountNumberDropDown&quot;/&gt;
      &lt;class name=&quot;globalsqatests.TransactionsButton&quot;/&gt;
      &lt;class name=&quot;globalsqatests.SearchCustomer&quot;/&gt;
      &lt;class name=&quot;globalsqatests.AddCustomer&quot;/&gt;
      &lt;class name=&quot;globalsqatests.WithdrawlButton&quot;/&gt;
      &lt;class name=&quot;globalsqatests.DepositButton&quot;/&gt;
      &lt;class name=&quot;globalsqatests.OpenAccount&quot;/&gt;
      &lt;class name=&quot;globalsqatests.UserLogin&quot;/&gt;
      &lt;class name=&quot;globalsqatests.LogoutButton&quot;/&gt;
      &lt;class name=&quot;globalsqatests.HomeButton&quot;/&gt;
      &lt;class name=&quot;globalsqatests.CustomerLoginButton&quot;/&gt;
      &lt;class name=&quot;globalsqatests.BankManagerLoginButton&quot;/&gt;
    &lt;/classes&gt;
  &lt;/test&gt; &lt;!-- com.GlobalSQA Tests --&gt;
&lt;/suite&gt; &lt;!-- CRIP Automation Script --&gt;
            </pre>
          </div> <!-- main-panel-content rounded-window-bottom -->
        </div> <!-- panel -->
        <div panel-name="testlist-CRIP_Automation_Script" class="panel">
          <div class="main-panel-header rounded-window-top">
            <span class="header-content">Tests for CRIP Automation Script</span>
          </div> <!-- main-panel-header rounded-window-top -->
          <div class="main-panel-content rounded-window-bottom">
            <ul>
              <li>
                <span class="test-name">com.SauceDemo Tests (11 classes)</span>
              </li>
              <li>
                <span class="test-name">com.GlobalSQA Tests (15 classes)</span>
              </li>
            </ul>
          </div> <!-- main-panel-content rounded-window-bottom -->
        </div> <!-- panel -->
        <div panel-name="group-CRIP_Automation_Script" class="panel">
          <div class="main-panel-header rounded-window-top">
            <span class="header-content">Groups for CRIP Automation Script</span>
          </div> <!-- main-panel-header rounded-window-top -->
          <div class="main-panel-content rounded-window-bottom">
          </div> <!-- main-panel-content rounded-window-bottom -->
        </div> <!-- panel -->
        <div panel-name="times-CRIP_Automation_Script" class="panel">
          <div class="main-panel-header rounded-window-top">
            <span class="header-content">Times for CRIP Automation Script</span>
          </div> <!-- main-panel-header rounded-window-top -->
          <div class="main-panel-content rounded-window-bottom">
            <div class="times-div">
              <script type="text/javascript">
suiteTableInitFunctions.push('tableData_CRIP_Automation_Script');
function tableData_CRIP_Automation_Script() {
var data = new google.visualization.DataTable();
data.addColumn('number', 'Number');
data.addColumn('string', 'Method');
data.addColumn('string', 'Class');
data.addColumn('number', 'Time (ms)');
data.addRows(64);
data.setCell(0, 0, 0)
data.setCell(0, 1, 'clickSignUpWithEmailTest')
data.setCell(0, 2, 'saucedemotests.ClickFunctionality')
data.setCell(0, 3, 24511);
data.setCell(1, 0, 1)
data.setCell(1, 1, 'clickSignUpTermsAndConditionsTest')
data.setCell(1, 2, 'saucedemotests.ClickFunctionality')
data.setCell(1, 3, 23361);
data.setCell(2, 0, 2)
data.setCell(2, 1, 'clickSignUpPrivacyPolicyTest')
data.setCell(2, 2, 'saucedemotests.ClickFunctionality')
data.setCell(2, 3, 18806);
data.setCell(3, 0, 3)
data.setCell(3, 1, 'hoverOverContactTest')
data.setCell(3, 2, 'saucedemotests.HoverOver')
data.setCell(3, 3, 15307);
data.setCell(4, 0, 4)
data.setCell(4, 1, 'menuBarLogoutTest')
data.setCell(4, 2, 'saucedemotests.ResetAddToCart')
data.setCell(4, 3, 10758);
data.setCell(5, 0, 5)
data.setCell(5, 1, 'hoverOverMobileTestingTest')
data.setCell(5, 2, 'saucedemotests.HoverOver')
data.setCell(5, 3, 9968);
data.setCell(6, 0, 6)
data.setCell(6, 1, 'searchBarTest')
data.setCell(6, 2, 'saucedemotests.SearchBar')
data.setCell(6, 3, 9767);
data.setCell(7, 0, 7)
data.setCell(7, 1, 'clickTryItFreeTest')
data.setCell(7, 2, 'saucedemotests.ClickFunctionality')
data.setCell(7, 3, 9483);
data.setCell(8, 0, 8)
data.setCell(8, 1, 'hoverOverPricingTest')
data.setCell(8, 2, 'saucedemotests.HoverOver')
data.setCell(8, 3, 9231);
data.setCell(9, 0, 9)
data.setCell(9, 1, 'clickVisualTestingTest')
data.setCell(9, 2, 'saucedemotests.ClickFunctionality')
data.setCell(9, 3, 8563);
data.setCell(10, 0, 10)
data.setCell(10, 1, 'clickCookiesSettingAndConfirmTest')
data.setCell(10, 2, 'saucedemotests.ClickFunctionality')
data.setCell(10, 3, 8491);
data.setCell(11, 0, 11)
data.setCell(11, 1, 'playVideoTest')
data.setCell(11, 2, 'saucedemotests.PlayVideo')
data.setCell(11, 3, 8421);
data.setCell(12, 0, 12)
data.setCell(12, 1, 'clickErrorReportingTest')
data.setCell(12, 2, 'saucedemotests.ClickFunctionality')
data.setCell(12, 3, 8330);
data.setCell(13, 0, 13)
data.setCell(13, 1, 'clickTestAutomationTest')
data.setCell(13, 2, 'saucedemotests.ClickFunctionality')
data.setCell(13, 3, 8322);
data.setCell(14, 0, 14)
data.setCell(14, 1, 'clickEEATest')
data.setCell(14, 2, 'saucedemotests.ClickFunctionality')
data.setCell(14, 3, 8169);
data.setCell(15, 0, 15)
data.setCell(15, 1, 'clickTermsOfServiceTest')
data.setCell(15, 2, 'saucedemotests.ClickFunctionality')
data.setCell(15, 3, 7978);
data.setCell(16, 0, 16)
data.setCell(16, 1, 'hoverOverLowCodeTestingAndClickTest')
data.setCell(16, 2, 'saucedemotests.HoverOver')
data.setCell(16, 3, 7823);
data.setCell(17, 0, 17)
data.setCell(17, 1, 'hoverOverCrossBrowserTestingAndClickTest')
data.setCell(17, 2, 'saucedemotests.HoverOver')
data.setCell(17, 3, 7739);
data.setCell(18, 0, 18)
data.setCell(18, 1, 'hoverOverPlatformTest')
data.setCell(18, 2, 'saucedemotests.HoverOver')
data.setCell(18, 3, 7550);
data.setCell(19, 0, 19)
data.setCell(19, 1, 'hoverOverCompanyTest')
data.setCell(19, 2, 'saucedemotests.HoverOver')
data.setCell(19, 3, 7500);
data.setCell(20, 0, 20)
data.setCell(20, 1, 'clickCCPATest')
data.setCell(20, 2, 'saucedemotests.ClickFunctionality')
data.setCell(20, 3, 7466);
data.setCell(21, 0, 21)
data.setCell(21, 1, 'hoverOverAPITestingAndClickTest')
data.setCell(21, 2, 'saucedemotests.HoverOver')
data.setCell(21, 3, 7325);
data.setCell(22, 0, 22)
data.setCell(22, 1, 'clickPrivacyTest')
data.setCell(22, 2, 'saucedemotests.ClickFunctionality')
data.setCell(22, 3, 7276);
data.setCell(23, 0, 23)
data.setCell(23, 1, 'hoverOverResourcesTest')
data.setCell(23, 2, 'saucedemotests.HoverOver')
data.setCell(23, 3, 7098);
data.setCell(24, 0, 24)
data.setCell(24, 1, 'logOutTest')
data.setCell(24, 2, 'globalsqatests.LogoutButton')
data.setCell(24, 3, 6564);
data.setCell(25, 0, 25)
data.setCell(25, 1, 'hoverOverSolutionsTest')
data.setCell(25, 2, 'saucedemotests.HoverOver')
data.setCell(25, 3, 6319);
data.setCell(26, 0, 26)
data.setCell(26, 1, 'linkedInIconTest')
data.setCell(26, 2, 'saucedemotests.Icons')
data.setCell(26, 3, 5464);
data.setCell(27, 0, 27)
data.setCell(27, 1, 'facebookIconTest')
data.setCell(27, 2, 'saucedemotests.Icons')
data.setCell(27, 3, 5353);
data.setCell(28, 0, 28)
data.setCell(28, 1, 'twitterIconTest')
data.setCell(28, 2, 'saucedemotests.Icons')
data.setCell(28, 3, 5341);
data.setCell(29, 0, 29)
data.setCell(29, 1, 'bankManagerLoginButtonTest')
data.setCell(29, 2, 'globalsqatests.BankManagerLoginButton')
data.setCell(29, 3, 3285);
data.setCell(30, 0, 30)
data.setCell(30, 1, 'customerLoginButtonTest')
data.setCell(30, 2, 'globalsqatests.CustomerLoginButton')
data.setCell(30, 3, 3283);
data.setCell(31, 0, 31)
data.setCell(31, 1, 'menuBarAboutTest')
data.setCell(31, 2, 'saucedemotests.MenuBar')
data.setCell(31, 3, 2746);
data.setCell(32, 0, 32)
data.setCell(32, 1, 'withdrawlButtonTest')
data.setCell(32, 2, 'globalsqatests.WithdrawlButton')
data.setCell(32, 3, 1092);
data.setCell(33, 0, 33)
data.setCell(33, 1, 'depositButtonTest')
data.setCell(33, 2, 'globalsqatests.DepositButton')
data.setCell(33, 3, 1017);
data.setCell(34, 0, 34)
data.setCell(34, 1, 'backButtonTest')
data.setCell(34, 2, 'globalsqatests.BackButton')
data.setCell(34, 3, 986);
data.setCell(35, 0, 35)
data.setCell(35, 1, 'transactionsButton')
data.setCell(35, 2, 'globalsqatests.TransactionsButton')
data.setCell(35, 3, 950);
data.setCell(36, 0, 36)
data.setCell(36, 1, 'resetButtonTest')
data.setCell(36, 2, 'globalsqatests.ResetButton')
data.setCell(36, 3, 938);
data.setCell(37, 0, 37)
data.setCell(37, 1, 'mulipleItemsCheckOutTest')
data.setCell(37, 2, 'saucedemotests.CheckOut')
data.setCell(37, 3, 886);
data.setCell(38, 0, 38)
data.setCell(38, 1, 'addCustomerTest')
data.setCell(38, 2, 'globalsqatests.AddCustomer')
data.setCell(38, 3, 858);
data.setCell(39, 0, 39)
data.setCell(39, 1, 'singleItemCheckOutTest')
data.setCell(39, 2, 'saucedemotests.CheckOut')
data.setCell(39, 3, 796);
data.setCell(40, 0, 40)
data.setCell(40, 1, 'openAccountTest')
data.setCell(40, 2, 'globalsqatests.OpenAccount')
data.setCell(40, 3, 794);
data.setCell(41, 0, 41)
data.setCell(41, 1, 'accountNumberDropDownTest')
data.setCell(41, 2, 'globalsqatests.AccountNumberDropDown')
data.setCell(41, 3, 790);
data.setCell(42, 0, 42)
data.setCell(42, 1, 'deleteCustomerTest')
data.setCell(42, 2, 'globalsqatests.DeleteButton')
data.setCell(42, 3, 754);
data.setCell(43, 0, 43)
data.setCell(43, 1, 'ronWeaslyLoginTest')
data.setCell(43, 2, 'globalsqatests.UserLogin')
data.setCell(43, 3, 725);
data.setCell(44, 0, 44)
data.setCell(44, 1, 'harryPotterLoginTest')
data.setCell(44, 2, 'globalsqatests.UserLogin')
data.setCell(44, 3, 721);
data.setCell(45, 0, 45)
data.setCell(45, 1, 'searchCustomerTest')
data.setCell(45, 2, 'globalsqatests.SearchCustomer')
data.setCell(45, 3, 700);
data.setCell(46, 0, 46)
data.setCell(46, 1, 'menuBarAllItemsTest')
data.setCell(46, 2, 'saucedemotests.MenuBar')
data.setCell(46, 3, 658);
data.setCell(47, 0, 47)
data.setCell(47, 1, 'bankManagerHomeButtonTest')
data.setCell(47, 2, 'globalsqatests.HomeButton')
data.setCell(47, 3, 653);
data.setCell(48, 0, 48)
data.setCell(48, 1, 'addMultipleItemsToCartTest')
data.setCell(48, 2, 'saucedemotests.AddItemsToCart')
data.setCell(48, 3, 641);
data.setCell(49, 0, 49)
data.setCell(49, 1, 'customerHomeButtonTest')
data.setCell(49, 2, 'globalsqatests.HomeButton')
data.setCell(49, 3, 630);
data.setCell(50, 0, 50)
data.setCell(50, 1, 'menuBarLogoutTest')
data.setCell(50, 2, 'saucedemotests.MenuBar')
data.setCell(50, 3, 586);
data.setCell(51, 0, 51)
data.setCell(51, 1, 'addBoltShirtToCartTest')
data.setCell(51, 2, 'saucedemotests.AddItemsToCart')
data.setCell(51, 3, 466);
data.setCell(52, 0, 52)
data.setCell(52, 1, 'addRedShirtToCartTest')
data.setCell(52, 2, 'saucedemotests.AddItemsToCart')
data.setCell(52, 3, 458);
data.setCell(53, 0, 53)
data.setCell(53, 1, 'addBikeLightToCartTest')
data.setCell(53, 2, 'saucedemotests.AddItemsToCart')
data.setCell(53, 3, 440);
data.setCell(54, 0, 54)
data.setCell(54, 1, 'addBackPackToCartTest')
data.setCell(54, 2, 'saucedemotests.AddItemsToCart')
data.setCell(54, 3, 407);
data.setCell(55, 0, 55)
data.setCell(55, 1, 'addFleeceJacketToCartTest')
data.setCell(55, 2, 'saucedemotests.AddItemsToCart')
data.setCell(55, 3, 397);
data.setCell(56, 0, 56)
data.setCell(56, 1, 'dragDownHightoLowTest')
data.setCell(56, 2, 'saucedemotests.DropDown')
data.setCell(56, 3, 392);
data.setCell(57, 0, 57)
data.setCell(57, 1, 'dragDownLowtoHighTest')
data.setCell(57, 2, 'saucedemotests.DropDown')
data.setCell(57, 3, 390);
data.setCell(58, 0, 58)
data.setCell(58, 1, 'dragDownAtoZTest')
data.setCell(58, 2, 'saucedemotests.DropDown')
data.setCell(58, 3, 363);
data.setCell(59, 0, 59)
data.setCell(59, 1, 'dragDownZtoATest')
data.setCell(59, 2, 'saucedemotests.DropDown')
data.setCell(59, 3, 340);
data.setCell(60, 0, 60)
data.setCell(60, 1, 'addOnesieToCartTest')
data.setCell(60, 2, 'saucedemotests.AddItemsToCart')
data.setCell(60, 3, 298);
data.setCell(61, 0, 61)
data.setCell(61, 1, 'logInTest')
data.setCell(61, 2, 'saucedemotests.Login')
data.setCell(61, 3, 277);
data.setCell(62, 0, 62)
data.setCell(62, 1, 'invalidLogInTest')
data.setCell(62, 2, 'saucedemotests.Login')
data.setCell(62, 3, 235);
data.setCell(63, 0, 63)
data.setCell(63, 1, 'validateLogInButton')
data.setCell(63, 2, 'saucedemotests.Login')
data.setCell(63, 3, 29);
window.suiteTableData['CRIP_Automation_Script']= { tableData: data, tableDiv: 'times-div-CRIP_Automation_Script'}
return data;
}
              </script>
              <span class="suite-total-time">Total running time: 5 minutes</span>
              <div id="times-div-CRIP_Automation_Script">
              </div> <!-- times-div-CRIP_Automation_Script -->
            </div> <!-- times-div -->
          </div> <!-- main-panel-content rounded-window-bottom -->
        </div> <!-- panel -->
        <div panel-name="reporter-CRIP_Automation_Script" class="panel">
          <div class="main-panel-header rounded-window-top">
            <span class="header-content">Reporter output for CRIP Automation Script</span>
          </div> <!-- main-panel-header rounded-window-top -->
          <div class="main-panel-content rounded-window-bottom">
          </div> <!-- main-panel-content rounded-window-bottom -->
        </div> <!-- panel -->
        <div panel-name="ignored-methods-CRIP_Automation_Script" class="panel">
          <div class="main-panel-header rounded-window-top">
            <span class="header-content">48 ignored methods</span>
          </div> <!-- main-panel-header rounded-window-top -->
          <div class="main-panel-content rounded-window-bottom">
            <div class="ignored-class-div">
              <span class="ignored-class-name">saucedemotests.Icons</span>
              <div class="ignored-methods-div">
                <span class="ignored-method-name">generateReport</span>
                <br/>
                <span class="ignored-method-name">extentSetup</span>
                <br/>
              </div> <!-- ignored-methods-div -->
            </div> <!-- ignored-class-div -->
            <div class="ignored-class-div">
              <span class="ignored-class-name">globalsqatests.AddCustomer</span>
              <div class="ignored-methods-div">
                <span class="ignored-method-name">generateReport</span>
                <br/>
                <span class="ignored-method-name">extentSetup</span>
                <br/>
              </div> <!-- ignored-methods-div -->
            </div> <!-- ignored-class-div -->
            <div class="ignored-class-div">
              <span class="ignored-class-name">saucedemotests.HoverOver</span>
              <div class="ignored-methods-div">
                <span class="ignored-method-name">generateReport</span>
                <br/>
                <span class="ignored-method-name">extentSetup</span>
                <br/>
              </div> <!-- ignored-methods-div -->
            </div> <!-- ignored-class-div -->
            <div class="ignored-class-div">
              <span class="ignored-class-name">globalsqatests.BackButton</span>
              <div class="ignored-methods-div">
                <span class="ignored-method-name">generateReport</span>
                <br/>
                <span class="ignored-method-name">extentSetup</span>
                <br/>
              </div> <!-- ignored-methods-div -->
            </div> <!-- ignored-class-div -->
            <div class="ignored-class-div">
              <span class="ignored-class-name">globalsqatests.AccountNumberDropDown</span>
              <div class="ignored-methods-div">
                <span class="ignored-method-name">generateReport</span>
                <br/>
                <span class="ignored-method-name">extentSetup</span>
                <br/>
              </div> <!-- ignored-methods-div -->
            </div> <!-- ignored-class-div -->
            <div class="ignored-class-div">
              <span class="ignored-class-name">globalsqatests.WithdrawlButton</span>
              <div class="ignored-methods-div">
                <span class="ignored-method-name">generateReport</span>
                <br/>
                <span class="ignored-method-name">extentSetup</span>
                <br/>
              </div> <!-- ignored-methods-div -->
            </div> <!-- ignored-class-div -->
            <div class="ignored-class-div">
              <span class="ignored-class-name">globalsqatests.SearchCustomer</span>
              <div class="ignored-methods-div">
                <span class="ignored-method-name">generateReport</span>
                <br/>
                <span class="ignored-method-name">extentSetup</span>
                <br/>
              </div> <!-- ignored-methods-div -->
            </div> <!-- ignored-class-div -->
            <div class="ignored-class-div">
              <span class="ignored-class-name">globalsqatests.DepositButton</span>
              <div class="ignored-methods-div">
                <span class="ignored-method-name">generateReport</span>
                <br/>
                <span class="ignored-method-name">extentSetup</span>
                <br/>
              </div> <!-- ignored-methods-div -->
            </div> <!-- ignored-class-div -->
            <div class="ignored-class-div">
              <span class="ignored-class-name">globalsqatests.TransactionsButton</span>
              <div class="ignored-methods-div">
                <span class="ignored-method-name">generateReport</span>
                <br/>
                <span class="ignored-method-name">extentSetup</span>
                <br/>
              </div> <!-- ignored-methods-div -->
            </div> <!-- ignored-class-div -->
            <div class="ignored-class-div">
              <span class="ignored-class-name">saucedemotests.ResetAddToCart</span>
              <div class="ignored-methods-div">
                <span class="ignored-method-name">generateReport</span>
                <br/>
                <span class="ignored-method-name">extentSetup</span>
                <br/>
              </div> <!-- ignored-methods-div -->
            </div> <!-- ignored-class-div -->
            <div class="ignored-class-div">
              <span class="ignored-class-name">saucedemotests.DropDown</span>
              <div class="ignored-methods-div">
                <span class="ignored-method-name">generateReport</span>
                <br/>
                <span class="ignored-method-name">extentSetup</span>
                <br/>
              </div> <!-- ignored-methods-div -->
            </div> <!-- ignored-class-div -->
            <div class="ignored-class-div">
              <span class="ignored-class-name">globalsqatests.BankManagerLoginButton</span>
              <div class="ignored-methods-div">
                <span class="ignored-method-name">generateReport</span>
                <br/>
                <span class="ignored-method-name">extentSetup</span>
                <br/>
              </div> <!-- ignored-methods-div -->
            </div> <!-- ignored-class-div -->
            <div class="ignored-class-div">
              <span class="ignored-class-name">saucedemotests.ClickFunctionality</span>
              <div class="ignored-methods-div">
                <span class="ignored-method-name">generateReport</span>
                <br/>
                <span class="ignored-method-name">extentSetup</span>
                <br/>
              </div> <!-- ignored-methods-div -->
            </div> <!-- ignored-class-div -->
            <div class="ignored-class-div">
              <span class="ignored-class-name">globalsqatests.LogoutButton</span>
              <div class="ignored-methods-div">
                <span class="ignored-method-name">generateReport</span>
                <br/>
                <span class="ignored-method-name">extentSetup</span>
                <br/>
              </div> <!-- ignored-methods-div -->
            </div> <!-- ignored-class-div -->
            <div class="ignored-class-div">
              <span class="ignored-class-name">saucedemotests.Login</span>
              <div class="ignored-methods-div">
                <span class="ignored-method-name">generateReport</span>
                <br/>
                <span class="ignored-method-name">extentSetup</span>
                <br/>
              </div> <!-- ignored-methods-div -->
            </div> <!-- ignored-class-div -->
            <div class="ignored-class-div">
              <span class="ignored-class-name">globalsqatests.UserLogin</span>
              <div class="ignored-methods-div">
                <span class="ignored-method-name">generateReport</span>
                <br/>
                <span class="ignored-method-name">extentSetup</span>
                <br/>
              </div> <!-- ignored-methods-div -->
            </div> <!-- ignored-class-div -->
            <div class="ignored-class-div">
              <span class="ignored-class-name">globalsqatests.ResetButton</span>
              <div class="ignored-methods-div">
                <span class="ignored-method-name">generateReport</span>
                <br/>
                <span class="ignored-method-name">extentSetup</span>
                <br/>
              </div> <!-- ignored-methods-div -->
            </div> <!-- ignored-class-div -->
            <div class="ignored-class-div">
              <span class="ignored-class-name">globalsqatests.HomeButton</span>
              <div class="ignored-methods-div">
                <span class="ignored-method-name">generateReport</span>
                <br/>
                <span class="ignored-method-name">extentSetup</span>
                <br/>
              </div> <!-- ignored-methods-div -->
            </div> <!-- ignored-class-div -->
            <div class="ignored-class-div">
              <span class="ignored-class-name">globalsqatests.CustomerLoginButton</span>
              <div class="ignored-methods-div">
                <span class="ignored-method-name">generateReport</span>
                <br/>
                <span class="ignored-method-name">extentSetup</span>
                <br/>
              </div> <!-- ignored-methods-div -->
            </div> <!-- ignored-class-div -->
            <div class="ignored-class-div">
              <span class="ignored-class-name">saucedemotests.PlayVideo</span>
              <div class="ignored-methods-div">
                <span class="ignored-method-name">generateReport</span>
                <br/>
                <span class="ignored-method-name">extentSetup</span>
                <br/>
              </div> <!-- ignored-methods-div -->
            </div> <!-- ignored-class-div -->
            <div class="ignored-class-div">
              <span class="ignored-class-name">saucedemotests.SearchBar</span>
              <div class="ignored-methods-div">
                <span class="ignored-method-name">generateReport</span>
                <br/>
                <span class="ignored-method-name">extentSetup</span>
                <br/>
              </div> <!-- ignored-methods-div -->
            </div> <!-- ignored-class-div -->
            <div class="ignored-class-div">
              <span class="ignored-class-name">globalsqatests.OpenAccount</span>
              <div class="ignored-methods-div">
                <span class="ignored-method-name">generateReport</span>
                <br/>
                <span class="ignored-method-name">extentSetup</span>
                <br/>
              </div> <!-- ignored-methods-div -->
            </div> <!-- ignored-class-div -->
            <div class="ignored-class-div">
              <span class="ignored-class-name">saucedemotests.MenuBar</span>
              <div class="ignored-methods-div">
                <span class="ignored-method-name">generateReport</span>
                <br/>
                <span class="ignored-method-name">extentSetup</span>
                <br/>
              </div> <!-- ignored-methods-div -->
            </div> <!-- ignored-class-div -->
            <div class="ignored-class-div">
              <span class="ignored-class-name">saucedemotests.CheckOut</span>
              <div class="ignored-methods-div">
                <span class="ignored-method-name">generateReport</span>
                <br/>
                <span class="ignored-method-name">extentSetup</span>
                <br/>
              </div> <!-- ignored-methods-div -->
            </div> <!-- ignored-class-div -->
          </div> <!-- main-panel-content rounded-window-bottom -->
        </div> <!-- panel -->
        <div panel-name="chronological-CRIP_Automation_Script" class="panel">
          <div class="main-panel-header rounded-window-top">
            <span class="header-content">Methods in chronological order</span>
          </div> <!-- main-panel-header rounded-window-top -->
          <div class="main-panel-content rounded-window-bottom">
            <div class="chronological-class">
              <div class="chronological-class-name">globalsqatests.DeleteButton</div> <!-- chronological-class-name -->
              <div class="configuration-suite before">
                <span class="method-name">extentSetup(org.testng.TestRunner@1bf3af3d)</span>
                <span class="method-start">0 ms</span>
              </div> <!-- configuration-suite before -->
            </div> <!-- chronological-class -->
            <div class="chronological-class">
              <div class="chronological-class-name">saucedemotests.AddItemsToCart</div> <!-- chronological-class-name -->
              <div class="configuration-method before">
                <span class="method-name">setUp(false, browserstack, windows, 11, chrome, 102, http://saucedemo.com/)</span>
                <span class="method-start">158 ms</span>
              </div> <!-- configuration-method before -->
              <div class="configuration-method before">
                <span class="method-name">startExtent(public void saucedemotests.AddItemsToCart.addBackPackToCartTest())</span>
                <span class="method-start">3239 ms</span>
              </div> <!-- configuration-method before -->
              <div class="test-method">
                <span class="method-name">addBackPackToCartTest</span>
                <span class="method-start">3245 ms</span>
              </div> <!-- test-method -->
              <div class="configuration-method after">
                <span class="method-name">afterEachTestMethod([TestResult name=addBackPackToCartTest status=SUCCESS method=AddItemsToCart.addBackPackToCartTest()[...)</span>
                <span class="method-start">3653 ms</span>
              </div> <!-- configuration-method after -->
              <div class="configuration-method after">
                <span class="method-name">tearDown</span>
                <span class="method-start">4544 ms</span>
              </div> <!-- configuration-method after -->
              <div class="configuration-method before">
                <span class="method-name">setUp(false, browserstack, windows, 11, chrome, 102, http://saucedemo.com/)</span>
                <span class="method-start">4545 ms</span>
              </div> <!-- configuration-method before -->
              <div class="configuration-method before">
                <span class="method-name">startExtent(public void saucedemotests.AddItemsToCart.addBikeLightToCartTest())</span>
                <span class="method-start">6385 ms</span>
              </div> <!-- configuration-method before -->
              <div class="test-method">
                <span class="method-name">addBikeLightToCartTest</span>
                <span class="method-start">6386 ms</span>
              </div> <!-- test-method -->
              <div class="configuration-method after">
                <span class="method-name">afterEachTestMethod([TestResult name=addBikeLightToCartTest status=SUCCESS method=AddItemsToCart.addBikeLightToCartTest(...)</span>
                <span class="method-start">6826 ms</span>
              </div> <!-- configuration-method after -->
              <div class="configuration-method after">
                <span class="method-name">tearDown</span>
                <span class="method-start">7557 ms</span>
              </div> <!-- configuration-method after -->
              <div class="configuration-method before">
                <span class="method-name">setUp(false, browserstack, windows, 11, chrome, 102, http://saucedemo.com/)</span>
                <span class="method-start">7557 ms</span>
              </div> <!-- configuration-method before -->
              <div class="configuration-method before">
                <span class="method-name">startExtent(public void saucedemotests.AddItemsToCart.addBoltShirtToCartTest())</span>
                <span class="method-start">9159 ms</span>
              </div> <!-- configuration-method before -->
              <div class="test-method">
                <span class="method-name">addBoltShirtToCartTest</span>
                <span class="method-start">9160 ms</span>
              </div> <!-- test-method -->
              <div class="configuration-method after">
                <span class="method-name">afterEachTestMethod([TestResult name=addBoltShirtToCartTest status=SUCCESS method=AddItemsToCart.addBoltShirtToCartTest(...)</span>
                <span class="method-start">9626 ms</span>
              </div> <!-- configuration-method after -->
              <div class="configuration-method after">
                <span class="method-name">tearDown</span>
                <span class="method-start">10344 ms</span>
              </div> <!-- configuration-method after -->
              <div class="configuration-method before">
                <span class="method-name">setUp(false, browserstack, windows, 11, chrome, 102, http://saucedemo.com/)</span>
                <span class="method-start">10345 ms</span>
              </div> <!-- configuration-method before -->
              <div class="configuration-method before">
                <span class="method-name">startExtent(public void saucedemotests.AddItemsToCart.addFleeceJacketToCartTest())</span>
                <span class="method-start">11975 ms</span>
              </div> <!-- configuration-method before -->
              <div class="test-method">
                <span class="method-name">addFleeceJacketToCartTest</span>
                <span class="method-start">11976 ms</span>
              </div> <!-- test-method -->
              <div class="configuration-method after">
                <span class="method-name">afterEachTestMethod([TestResult name=addFleeceJacketToCartTest status=SUCCESS method=AddItemsToCart.addFleeceJacketToCar...)</span>
                <span class="method-start">12374 ms</span>
              </div> <!-- configuration-method after -->
              <div class="configuration-method after">
                <span class="method-name">tearDown</span>
                <span class="method-start">13066 ms</span>
              </div> <!-- configuration-method after -->
              <div class="configuration-method before">
                <span class="method-name">setUp(false, browserstack, windows, 11, chrome, 102, http://saucedemo.com/)</span>
                <span class="method-start">13067 ms</span>
              </div> <!-- configuration-method before -->
              <div class="configuration-method before">
                <span class="method-name">startExtent(public void saucedemotests.AddItemsToCart.addMultipleItemsToCartTest())</span>
                <span class="method-start">14640 ms</span>
              </div> <!-- configuration-method before -->
              <div class="test-method">
                <span class="method-name">addMultipleItemsToCartTest</span>
                <span class="method-start">14641 ms</span>
              </div> <!-- test-method -->
              <div class="configuration-method after">
                <span class="method-name">afterEachTestMethod([TestResult name=addMultipleItemsToCartTest status=SUCCESS method=AddItemsToCart.addMultipleItemsToC...)</span>
                <span class="method-start">15282 ms</span>
              </div> <!-- configuration-method after -->
              <div class="configuration-method after">
                <span class="method-name">tearDown</span>
                <span class="method-start">15979 ms</span>
              </div> <!-- configuration-method after -->
              <div class="configuration-method before">
                <span class="method-name">setUp(false, browserstack, windows, 11, chrome, 102, http://saucedemo.com/)</span>
                <span class="method-start">15979 ms</span>
              </div> <!-- configuration-method before -->
              <div class="configuration-method before">
                <span class="method-name">startExtent(public void saucedemotests.AddItemsToCart.addOnesieToCartTest())</span>
                <span class="method-start">17490 ms</span>
              </div> <!-- configuration-method before -->
              <div class="test-method">
                <span class="method-name">addOnesieToCartTest</span>
                <span class="method-start">17490 ms</span>
              </div> <!-- test-method -->
              <div class="configuration-method after">
                <span class="method-name">afterEachTestMethod([TestResult name=addOnesieToCartTest status=SUCCESS method=AddItemsToCart.addOnesieToCartTest()[pri:...)</span>
                <span class="method-start">17789 ms</span>
              </div> <!-- configuration-method after -->
              <div class="configuration-method after">
                <span class="method-name">tearDown</span>
                <span class="method-start">18487 ms</span>
              </div> <!-- configuration-method after -->
              <div class="configuration-method before">
                <span class="method-name">setUp(false, browserstack, windows, 11, chrome, 102, http://saucedemo.com/)</span>
                <span class="method-start">18488 ms</span>
              </div> <!-- configuration-method before -->
              <div class="configuration-method before">
                <span class="method-name">startExtent(public void saucedemotests.AddItemsToCart.addRedShirtToCartTest())</span>
                <span class="method-start">20162 ms</span>
              </div> <!-- configuration-method before -->
              <div class="test-method">
                <span class="method-name">addRedShirtToCartTest</span>
                <span class="method-start">20162 ms</span>
              </div> <!-- test-method -->
              <div class="configuration-method after">
                <span class="method-name">afterEachTestMethod([TestResult name=addRedShirtToCartTest status=SUCCESS method=AddItemsToCart.addRedShirtToCartTest()[...)</span>
                <span class="method-start">20621 ms</span>
              </div> <!-- configuration-method after -->
              <div class="configuration-method after">
                <span class="method-name">tearDown</span>
                <span class="method-start">21322 ms</span>
              </div> <!-- configuration-method after -->
            </div> <!-- chronological-class -->
            <div class="chronological-class">
              <div class="chronological-class-name">saucedemotests.CheckOut</div> <!-- chronological-class-name -->
              <div class="configuration-method before">
                <span class="method-name">setUp(false, browserstack, windows, 11, chrome, 102, http://saucedemo.com/)</span>
                <span class="method-start">21324 ms</span>
              </div> <!-- configuration-method before -->
              <div class="configuration-method before">
                <span class="method-name">startExtent(public void saucedemotests.CheckOut.mulipleItemsCheckOutTest())</span>
                <span class="method-start">22759 ms</span>
              </div> <!-- configuration-method before -->
              <div class="test-method">
                <span class="method-name">mulipleItemsCheckOutTest</span>
                <span class="method-start">22760 ms</span>
              </div> <!-- test-method -->
              <div class="configuration-method after">
                <span class="method-name">afterEachTestMethod([TestResult name=mulipleItemsCheckOutTest status=SUCCESS method=CheckOut.mulipleItemsCheckOutTest()[...)</span>
                <span class="method-start">23646 ms</span>
              </div> <!-- configuration-method after -->
              <div class="configuration-method after">
                <span class="method-name">tearDown</span>
                <span class="method-start">24324 ms</span>
              </div> <!-- configuration-method after -->
              <div class="configuration-method before">
                <span class="method-name">setUp(false, browserstack, windows, 11, chrome, 102, http://saucedemo.com/)</span>
                <span class="method-start">24325 ms</span>
              </div> <!-- configuration-method before -->
              <div class="configuration-method before">
                <span class="method-name">startExtent(public void saucedemotests.CheckOut.singleItemCheckOutTest())</span>
                <span class="method-start">25740 ms</span>
              </div> <!-- configuration-method before -->
              <div class="test-method">
                <span class="method-name">singleItemCheckOutTest</span>
                <span class="method-start">25740 ms</span>
              </div> <!-- test-method -->
              <div class="configuration-method after">
                <span class="method-name">afterEachTestMethod([TestResult name=singleItemCheckOutTest status=SUCCESS method=CheckOut.singleItemCheckOutTest()[pri:...)</span>
                <span class="method-start">26536 ms</span>
              </div> <!-- configuration-method after -->
              <div class="configuration-method after">
                <span class="method-name">tearDown</span>
                <span class="method-start">27209 ms</span>
              </div> <!-- configuration-method after -->
            </div> <!-- chronological-class -->
            <div class="chronological-class">
              <div class="chronological-class-name">saucedemotests.ClickFunctionality</div> <!-- chronological-class-name -->
              <div class="configuration-method before">
                <span class="method-name">setUp(false, browserstack, windows, 11, chrome, 102, http://saucedemo.com/)</span>
                <span class="method-start">27212 ms</span>
              </div> <!-- configuration-method before -->
              <div class="configuration-method before">
                <span class="method-name">startExtent(public void saucedemotests.ClickFunctionality.clickCCPATest())</span>
                <span class="method-start">28772 ms</span>
              </div> <!-- configuration-method before -->
              <div class="test-method">
                <img src="failed.png">
                </img>
                <span class="method-name">clickCCPATest</span>
                <span class="method-start">28772 ms</span>
              </div> <!-- test-method -->
              <div class="configuration-method after">
                <span class="method-name">afterEachTestMethod([TestResult name=clickCCPATest status=FAILURE method=ClickFunctionality.clickCCPATest()[pri:0, insta...)</span>
                <span class="method-start">36256 ms</span>
              </div> <!-- configuration-method after -->
              <div class="configuration-method after">
                <span class="method-name">tearDown</span>
                <span class="method-start">37008 ms</span>
              </div> <!-- configuration-method after -->
              <div class="configuration-method before">
                <span class="method-name">setUp(false, browserstack, windows, 11, chrome, 102, http://saucedemo.com/)</span>
                <span class="method-start">37009 ms</span>
              </div> <!-- configuration-method before -->
              <div class="configuration-method before">
                <span class="method-name">startExtent(public void saucedemotests.ClickFunctionality.clickCookiesSettingAndConfirmTest())</span>
                <span class="method-start">38511 ms</span>
              </div> <!-- configuration-method before -->
              <div class="test-method">
                <img src="failed.png">
                </img>
                <span class="method-name">clickCookiesSettingAndConfirmTest</span>
                <span class="method-start">38512 ms</span>
              </div> <!-- test-method -->
              <div class="configuration-method after">
                <span class="method-name">afterEachTestMethod([TestResult name=clickCookiesSettingAndConfirmTest status=FAILURE method=ClickFunctionality.clickCoo...)</span>
                <span class="method-start">47004 ms</span>
              </div> <!-- configuration-method after -->
              <div class="configuration-method after">
                <span class="method-name">tearDown</span>
                <span class="method-start">47729 ms</span>
              </div> <!-- configuration-method after -->
              <div class="configuration-method before">
                <span class="method-name">setUp(false, browserstack, windows, 11, chrome, 102, http://saucedemo.com/)</span>
                <span class="method-start">47730 ms</span>
              </div> <!-- configuration-method before -->
              <div class="configuration-method before">
                <span class="method-name">startExtent(public void saucedemotests.ClickFunctionality.clickEEATest())</span>
                <span class="method-start">49203 ms</span>
              </div> <!-- configuration-method before -->
              <div class="test-method">
                <img src="failed.png">
                </img>
                <span class="method-name">clickEEATest</span>
                <span class="method-start">49203 ms</span>
              </div> <!-- test-method -->
              <div class="configuration-method after">
                <span class="method-name">afterEachTestMethod([TestResult name=clickEEATest status=FAILURE method=ClickFunctionality.clickEEATest()[pri:0, instanc...)</span>
                <span class="method-start">57373 ms</span>
              </div> <!-- configuration-method after -->
              <div class="configuration-method after">
                <span class="method-name">tearDown</span>
                <span class="method-start">58083 ms</span>
              </div> <!-- configuration-method after -->
              <div class="configuration-method before">
                <span class="method-name">setUp(false, browserstack, windows, 11, chrome, 102, http://saucedemo.com/)</span>
                <span class="method-start">58084 ms</span>
              </div> <!-- configuration-method before -->
              <div class="configuration-method before">
                <span class="method-name">startExtent(public void saucedemotests.ClickFunctionality.clickErrorReportingTest())</span>
                <span class="method-start">59622 ms</span>
              </div> <!-- configuration-method before -->
              <div class="test-method">
                <img src="failed.png">
                </img>
                <span class="method-name">clickErrorReportingTest</span>
                <span class="method-start">59622 ms</span>
              </div> <!-- test-method -->
              <div class="configuration-method after">
                <span class="method-name">afterEachTestMethod([TestResult name=clickErrorReportingTest status=FAILURE method=ClickFunctionality.clickErrorReportin...)</span>
                <span class="method-start">67953 ms</span>
              </div> <!-- configuration-method after -->
              <div class="configuration-method after">
                <span class="method-name">tearDown</span>
                <span class="method-start">68677 ms</span>
              </div> <!-- configuration-method after -->
              <div class="configuration-method before">
                <span class="method-name">setUp(false, browserstack, windows, 11, chrome, 102, http://saucedemo.com/)</span>
                <span class="method-start">68677 ms</span>
              </div> <!-- configuration-method before -->
              <div class="configuration-method before">
                <span class="method-name">startExtent(public void saucedemotests.ClickFunctionality.clickPrivacyTest())</span>
                <span class="method-start">70179 ms</span>
              </div> <!-- configuration-method before -->
              <div class="test-method">
                <img src="failed.png">
                </img>
                <span class="method-name">clickPrivacyTest</span>
                <span class="method-start">70179 ms</span>
              </div> <!-- test-method -->
              <div class="configuration-method after">
                <span class="method-name">afterEachTestMethod([TestResult name=clickPrivacyTest status=FAILURE method=ClickFunctionality.clickPrivacyTest()[pri:0,...)</span>
                <span class="method-start">77455 ms</span>
              </div> <!-- configuration-method after -->
              <div class="configuration-method after">
                <span class="method-name">tearDown</span>
                <span class="method-start">78179 ms</span>
              </div> <!-- configuration-method after -->
              <div class="configuration-method before">
                <span class="method-name">setUp(false, browserstack, windows, 11, chrome, 102, http://saucedemo.com/)</span>
                <span class="method-start">78180 ms</span>
              </div> <!-- configuration-method before -->
              <div class="configuration-method before">
                <span class="method-name">startExtent(public void saucedemotests.ClickFunctionality.clickSignUpPrivacyPolicyTest())</span>
                <span class="method-start">79732 ms</span>
              </div> <!-- configuration-method before -->
              <div class="test-method">
                <img src="failed.png">
                </img>
                <span class="method-name">clickSignUpPrivacyPolicyTest</span>
                <span class="method-start">79732 ms</span>
              </div> <!-- test-method -->
              <div class="configuration-method after">
                <span class="method-name">afterEachTestMethod([TestResult name=clickSignUpPrivacyPolicyTest status=FAILURE method=ClickFunctionality.clickSignUpPr...)</span>
                <span class="method-start">98539 ms</span>
              </div> <!-- configuration-method after -->
              <div class="configuration-method after">
                <span class="method-name">tearDown</span>
                <span class="method-start">99300 ms</span>
              </div> <!-- configuration-method after -->
              <div class="configuration-method before">
                <span class="method-name">setUp(false, browserstack, windows, 11, chrome, 102, http://saucedemo.com/)</span>
                <span class="method-start">99301 ms</span>
              </div> <!-- configuration-method before -->
              <div class="configuration-method before">
                <span class="method-name">startExtent(public void saucedemotests.ClickFunctionality.clickSignUpTermsAndConditionsTest())</span>
                <span class="method-start">100834 ms</span>
              </div> <!-- configuration-method before -->
              <div class="test-method">
                <img src="failed.png">
                </img>
                <span class="method-name">clickSignUpTermsAndConditionsTest</span>
                <span class="method-start">100834 ms</span>
              </div> <!-- test-method -->
              <div class="configuration-method after">
                <span class="method-name">afterEachTestMethod([TestResult name=clickSignUpTermsAndConditionsTest status=FAILURE method=ClickFunctionality.clickSig...)</span>
                <span class="method-start">124196 ms</span>
              </div> <!-- configuration-method after -->
              <div class="configuration-method after">
                <span class="method-name">tearDown</span>
                <span class="method-start">124961 ms</span>
              </div> <!-- configuration-method after -->
              <div class="configuration-method before">
                <span class="method-name">setUp(false, browserstack, windows, 11, chrome, 102, http://saucedemo.com/)</span>
                <span class="method-start">124962 ms</span>
              </div> <!-- configuration-method before -->
              <div class="configuration-method before">
                <span class="method-name">startExtent(public void saucedemotests.ClickFunctionality.clickSignUpWithEmailTest())</span>
                <span class="method-start">126461 ms</span>
              </div> <!-- configuration-method before -->
              <div class="test-method">
                <img src="failed.png">
                </img>
                <span class="method-name">clickSignUpWithEmailTest</span>
                <span class="method-start">126462 ms</span>
              </div> <!-- test-method -->
              <div class="configuration-method after">
                <span class="method-name">afterEachTestMethod([TestResult name=clickSignUpWithEmailTest status=FAILURE method=ClickFunctionality.clickSignUpWithEm...)</span>
                <span class="method-start">150974 ms</span>
              </div> <!-- configuration-method after -->
              <div class="configuration-method after">
                <span class="method-name">tearDown</span>
                <span class="method-start">151728 ms</span>
              </div> <!-- configuration-method after -->
              <div class="configuration-method before">
                <span class="method-name">setUp(false, browserstack, windows, 11, chrome, 102, http://saucedemo.com/)</span>
                <span class="method-start">151729 ms</span>
              </div> <!-- configuration-method before -->
              <div class="configuration-method before">
                <span class="method-name">startExtent(public void saucedemotests.ClickFunctionality.clickTermsOfServiceTest())</span>
                <span class="method-start">153132 ms</span>
              </div> <!-- configuration-method before -->
              <div class="test-method">
                <img src="failed.png">
                </img>
                <span class="method-name">clickTermsOfServiceTest</span>
                <span class="method-start">153132 ms</span>
              </div> <!-- test-method -->
              <div class="configuration-method after">
                <span class="method-name">afterEachTestMethod([TestResult name=clickTermsOfServiceTest status=FAILURE method=ClickFunctionality.clickTermsOfServic...)</span>
                <span class="method-start">161112 ms</span>
              </div> <!-- configuration-method after -->
              <div class="configuration-method after">
                <span class="method-name">tearDown</span>
                <span class="method-start">161852 ms</span>
              </div> <!-- configuration-method after -->
              <div class="configuration-method before">
                <span class="method-name">setUp(false, browserstack, windows, 11, chrome, 102, http://saucedemo.com/)</span>
                <span class="method-start">161852 ms</span>
              </div> <!-- configuration-method before -->
              <div class="configuration-method before">
                <span class="method-name">startExtent(public void saucedemotests.ClickFunctionality.clickTestAutomationTest())</span>
                <span class="method-start">163605 ms</span>
              </div> <!-- configuration-method before -->
              <div class="test-method">
                <img src="failed.png">
                </img>
                <span class="method-name">clickTestAutomationTest</span>
                <span class="method-start">163606 ms</span>
              </div> <!-- test-method -->
              <div class="configuration-method after">
                <span class="method-name">afterEachTestMethod([TestResult name=clickTestAutomationTest status=FAILURE method=ClickFunctionality.clickTestAutomatio...)</span>
                <span class="method-start">171929 ms</span>
              </div> <!-- configuration-method after -->
              <div class="configuration-method after">
                <span class="method-name">tearDown</span>
                <span class="method-start">172638 ms</span>
              </div> <!-- configuration-method after -->
              <div class="configuration-method before">
                <span class="method-name">setUp(false, browserstack, windows, 11, chrome, 102, http://saucedemo.com/)</span>
                <span class="method-start">172639 ms</span>
              </div> <!-- configuration-method before -->
              <div class="configuration-method before">
                <span class="method-name">startExtent(public void saucedemotests.ClickFunctionality.clickTryItFreeTest())</span>
                <span class="method-start">174117 ms</span>
              </div> <!-- configuration-method before -->
              <div class="test-method">
                <span class="method-name">clickTryItFreeTest</span>
                <span class="method-start">174117 ms</span>
              </div> <!-- test-method -->
              <div class="configuration-method after">
                <span class="method-name">afterEachTestMethod([TestResult name=clickTryItFreeTest status=SUCCESS method=ClickFunctionality.clickTryItFreeTest()[pr...)</span>
                <span class="method-start">183600 ms</span>
              </div> <!-- configuration-method after -->
              <div class="configuration-method after">
                <span class="method-name">tearDown</span>
                <span class="method-start">184312 ms</span>
              </div> <!-- configuration-method after -->
              <div class="configuration-method before">
                <span class="method-name">setUp(false, browserstack, windows, 11, chrome, 102, http://saucedemo.com/)</span>
                <span class="method-start">184312 ms</span>
              </div> <!-- configuration-method before -->
              <div class="configuration-method before">
                <span class="method-name">startExtent(public void saucedemotests.ClickFunctionality.clickVisualTestingTest())</span>
                <span class="method-start">185833 ms</span>
              </div> <!-- configuration-method before -->
              <div class="test-method">
                <img src="failed.png">
                </img>
                <span class="method-name">clickVisualTestingTest</span>
                <span class="method-start">185833 ms</span>
              </div> <!-- test-method -->
              <div class="configuration-method after">
                <span class="method-name">afterEachTestMethod([TestResult name=clickVisualTestingTest status=FAILURE method=ClickFunctionality.clickVisualTestingT...)</span>
                <span class="method-start">194398 ms</span>
              </div> <!-- configuration-method after -->
              <div class="configuration-method after">
                <span class="method-name">tearDown</span>
                <span class="method-start">195105 ms</span>
              </div> <!-- configuration-method after -->
            </div> <!-- chronological-class -->
            <div class="chronological-class">
              <div class="chronological-class-name">saucedemotests.DropDown</div> <!-- chronological-class-name -->
              <div class="configuration-method before">
                <span class="method-name">setUp(false, browserstack, windows, 11, chrome, 102, http://saucedemo.com/)</span>
                <span class="method-start">195106 ms</span>
              </div> <!-- configuration-method before -->
              <div class="configuration-method before">
                <span class="method-name">startExtent(public void saucedemotests.DropDown.dragDownAtoZTest())</span>
                <span class="method-start">196780 ms</span>
              </div> <!-- configuration-method before -->
              <div class="test-method">
                <span class="method-name">dragDownAtoZTest</span>
                <span class="method-start">196780 ms</span>
              </div> <!-- test-method -->
              <div class="configuration-method after">
                <span class="method-name">afterEachTestMethod([TestResult name=dragDownAtoZTest status=SUCCESS method=DropDown.dragDownAtoZTest()[pri:0, instance:...)</span>
                <span class="method-start">197144 ms</span>
              </div> <!-- configuration-method after -->
              <div class="configuration-method after">
                <span class="method-name">tearDown</span>
                <span class="method-start">197827 ms</span>
              </div> <!-- configuration-method after -->
              <div class="configuration-method before">
                <span class="method-name">setUp(false, browserstack, windows, 11, chrome, 102, http://saucedemo.com/)</span>
                <span class="method-start">197827 ms</span>
              </div> <!-- configuration-method before -->
              <div class="configuration-method before">
                <span class="method-name">startExtent(public void saucedemotests.DropDown.dragDownHightoLowTest())</span>
                <span class="method-start">199328 ms</span>
              </div> <!-- configuration-method before -->
              <div class="test-method">
                <span class="method-name">dragDownHightoLowTest</span>
                <span class="method-start">199328 ms</span>
              </div> <!-- test-method -->
              <div class="configuration-method after">
                <span class="method-name">afterEachTestMethod([TestResult name=dragDownHightoLowTest status=SUCCESS method=DropDown.dragDownHightoLowTest()[pri:0,...)</span>
                <span class="method-start">199721 ms</span>
              </div> <!-- configuration-method after -->
              <div class="configuration-method after">
                <span class="method-name">tearDown</span>
                <span class="method-start">200413 ms</span>
              </div> <!-- configuration-method after -->
              <div class="configuration-method before">
                <span class="method-name">setUp(false, browserstack, windows, 11, chrome, 102, http://saucedemo.com/)</span>
                <span class="method-start">200413 ms</span>
              </div> <!-- configuration-method before -->
              <div class="configuration-method before">
                <span class="method-name">startExtent(public void saucedemotests.DropDown.dragDownLowtoHighTest())</span>
                <span class="method-start">201782 ms</span>
              </div> <!-- configuration-method before -->
              <div class="test-method">
                <span class="method-name">dragDownLowtoHighTest</span>
                <span class="method-start">201783 ms</span>
              </div> <!-- test-method -->
              <div class="configuration-method after">
                <span class="method-name">afterEachTestMethod([TestResult name=dragDownLowtoHighTest status=SUCCESS method=DropDown.dragDownLowtoHighTest()[pri:0,...)</span>
                <span class="method-start">202173 ms</span>
              </div> <!-- configuration-method after -->
              <div class="configuration-method after">
                <span class="method-name">tearDown</span>
                <span class="method-start">202826 ms</span>
              </div> <!-- configuration-method after -->
              <div class="configuration-method before">
                <span class="method-name">setUp(false, browserstack, windows, 11, chrome, 102, http://saucedemo.com/)</span>
                <span class="method-start">202826 ms</span>
              </div> <!-- configuration-method before -->
              <div class="configuration-method before">
                <span class="method-name">startExtent(public void saucedemotests.DropDown.dragDownZtoATest())</span>
                <span class="method-start">204388 ms</span>
              </div> <!-- configuration-method before -->
              <div class="test-method">
                <span class="method-name">dragDownZtoATest</span>
                <span class="method-start">204388 ms</span>
              </div> <!-- test-method -->
              <div class="configuration-method after">
                <span class="method-name">afterEachTestMethod([TestResult name=dragDownZtoATest status=SUCCESS method=DropDown.dragDownZtoATest()[pri:0, instance:...)</span>
                <span class="method-start">204728 ms</span>
              </div> <!-- configuration-method after -->
              <div class="configuration-method after">
                <span class="method-name">tearDown</span>
                <span class="method-start">205413 ms</span>
              </div> <!-- configuration-method after -->
            </div> <!-- chronological-class -->
            <div class="chronological-class">
              <div class="chronological-class-name">saucedemotests.HoverOver</div> <!-- chronological-class-name -->
              <div class="configuration-method before">
                <span class="method-name">setUp(false, browserstack, windows, 11, chrome, 102, http://saucedemo.com/)</span>
                <span class="method-start">205415 ms</span>
              </div> <!-- configuration-method before -->
              <div class="configuration-method before">
                <span class="method-name">startExtent(public void saucedemotests.HoverOver.hoverOverAPITestingAndClickTest())</span>
                <span class="method-start">207079 ms</span>
              </div> <!-- configuration-method before -->
              <div class="test-method">
                <img src="failed.png">
                </img>
                <span class="method-name">hoverOverAPITestingAndClickTest</span>
                <span class="method-start">207080 ms</span>
              </div> <!-- test-method -->
              <div class="configuration-method after">
                <span class="method-name">afterEachTestMethod([TestResult name=hoverOverAPITestingAndClickTest status=FAILURE method=HoverOver.hoverOverAPITesting...)</span>
                <span class="method-start">214406 ms</span>
              </div> <!-- configuration-method after -->
              <div class="configuration-method after">
                <span class="method-name">tearDown</span>
                <span class="method-start">215106 ms</span>
              </div> <!-- configuration-method after -->
              <div class="configuration-method before">
                <span class="method-name">setUp(false, browserstack, windows, 11, chrome, 102, http://saucedemo.com/)</span>
                <span class="method-start">215107 ms</span>
              </div> <!-- configuration-method before -->
              <div class="configuration-method before">
                <span class="method-name">startExtent(public void saucedemotests.HoverOver.hoverOverCompanyTest())</span>
                <span class="method-start">216589 ms</span>
              </div> <!-- configuration-method before -->
              <div class="test-method">
                <span class="method-name">hoverOverCompanyTest</span>
                <span class="method-start">216589 ms</span>
              </div> <!-- test-method -->
              <div class="configuration-method after">
                <span class="method-name">afterEachTestMethod([TestResult name=hoverOverCompanyTest status=SUCCESS method=HoverOver.hoverOverCompanyTest()[pri:0, ...)</span>
                <span class="method-start">224090 ms</span>
              </div> <!-- configuration-method after -->
              <div class="configuration-method after">
                <span class="method-name">tearDown</span>
                <span class="method-start">224786 ms</span>
              </div> <!-- configuration-method after -->
              <div class="configuration-method before">
                <span class="method-name">setUp(false, browserstack, windows, 11, chrome, 102, http://saucedemo.com/)</span>
                <span class="method-start">224787 ms</span>
              </div> <!-- configuration-method before -->
              <div class="configuration-method before">
                <span class="method-name">startExtent(public void saucedemotests.HoverOver.hoverOverContactTest())</span>
                <span class="method-start">226304 ms</span>
              </div> <!-- configuration-method before -->
              <div class="test-method">
                <img src="failed.png">
                </img>
                <span class="method-name">hoverOverContactTest</span>
                <span class="method-start">226306 ms</span>
              </div> <!-- test-method -->
              <div class="configuration-method after">
                <span class="method-name">afterEachTestMethod([TestResult name=hoverOverContactTest status=FAILURE method=HoverOver.hoverOverContactTest()[pri:0, ...)</span>
                <span class="method-start">241614 ms</span>
              </div> <!-- configuration-method after -->
              <div class="configuration-method after">
                <span class="method-name">tearDown</span>
                <span class="method-start">242314 ms</span>
              </div> <!-- configuration-method after -->
              <div class="configuration-method before">
                <span class="method-name">setUp(false, browserstack, windows, 11, chrome, 102, http://saucedemo.com/)</span>
                <span class="method-start">242315 ms</span>
              </div> <!-- configuration-method before -->
              <div class="configuration-method before">
                <span class="method-name">startExtent(public void saucedemotests.HoverOver.hoverOverCrossBrowserTestingAndClickTest())</span>
                <span class="method-start">243695 ms</span>
              </div> <!-- configuration-method before -->
              <div class="test-method">
                <span class="method-name">hoverOverCrossBrowserTestingAndClickTest</span>
                <span class="method-start">243695 ms</span>
              </div> <!-- test-method -->
              <div class="configuration-method after">
                <span class="method-name">afterEachTestMethod([TestResult name=hoverOverCrossBrowserTestingAndClickTest status=SUCCESS method=HoverOver.hoverOverC...)</span>
                <span class="method-start">251434 ms</span>
              </div> <!-- configuration-method after -->
              <div class="configuration-method after">
                <span class="method-name">tearDown</span>
                <span class="method-start">252167 ms</span>
              </div> <!-- configuration-method after -->
              <div class="configuration-method before">
                <span class="method-name">setUp(false, browserstack, windows, 11, chrome, 102, http://saucedemo.com/)</span>
                <span class="method-start">252167 ms</span>
              </div> <!-- configuration-method before -->
              <div class="configuration-method before">
                <span class="method-name">startExtent(public void saucedemotests.HoverOver.hoverOverLowCodeTestingAndClickTest())</span>
                <span class="method-start">253721 ms</span>
              </div> <!-- configuration-method before -->
              <div class="test-method">
                <span class="method-name">hoverOverLowCodeTestingAndClickTest</span>
                <span class="method-start">253721 ms</span>
              </div> <!-- test-method -->
              <div class="configuration-method after">
                <span class="method-name">afterEachTestMethod([TestResult name=hoverOverLowCodeTestingAndClickTest status=SUCCESS method=HoverOver.hoverOverLowCod...)</span>
                <span class="method-start">261544 ms</span>
              </div> <!-- configuration-method after -->
              <div class="configuration-method after">
                <span class="method-name">tearDown</span>
                <span class="method-start">262237 ms</span>
              </div> <!-- configuration-method after -->
              <div class="configuration-method before">
                <span class="method-name">setUp(false, browserstack, windows, 11, chrome, 102, http://saucedemo.com/)</span>
                <span class="method-start">262238 ms</span>
              </div> <!-- configuration-method before -->
              <div class="configuration-method before">
                <span class="method-name">startExtent(public void saucedemotests.HoverOver.hoverOverMobileTestingTest())</span>
                <span class="method-start">263706 ms</span>
              </div> <!-- configuration-method before -->
              <div class="test-method">
                <span class="method-name">hoverOverMobileTestingTest</span>
                <span class="method-start">263706 ms</span>
              </div> <!-- test-method -->
              <div class="configuration-method after">
                <span class="method-name">afterEachTestMethod([TestResult name=hoverOverMobileTestingTest status=SUCCESS method=HoverOver.hoverOverMobileTestingTe...)</span>
                <span class="method-start">273674 ms</span>
              </div> <!-- configuration-method after -->
              <div class="configuration-method after">
                <span class="method-name">tearDown</span>
                <span class="method-start">274385 ms</span>
              </div> <!-- configuration-method after -->
              <div class="configuration-method before">
                <span class="method-name">setUp(false, browserstack, windows, 11, chrome, 102, http://saucedemo.com/)</span>
                <span class="method-start">274385 ms</span>
              </div> <!-- configuration-method before -->
              <div class="configuration-method before">
                <span class="method-name">startExtent(public void saucedemotests.HoverOver.hoverOverPlatformTest())</span>
                <span class="method-start">275883 ms</span>
              </div> <!-- configuration-method before -->
              <div class="test-method">
                <span class="method-name">hoverOverPlatformTest</span>
                <span class="method-start">275883 ms</span>
              </div> <!-- test-method -->
              <div class="configuration-method after">
                <span class="method-name">afterEachTestMethod([TestResult name=hoverOverPlatformTest status=SUCCESS method=HoverOver.hoverOverPlatformTest()[pri:0...)</span>
                <span class="method-start">283433 ms</span>
              </div> <!-- configuration-method after -->
              <div class="configuration-method after">
                <span class="method-name">tearDown</span>
                <span class="method-start">284133 ms</span>
              </div> <!-- configuration-method after -->
              <div class="configuration-method before">
                <span class="method-name">setUp(false, browserstack, windows, 11, chrome, 102, http://saucedemo.com/)</span>
                <span class="method-start">284133 ms</span>
              </div> <!-- configuration-method before -->
              <div class="configuration-method before">
                <span class="method-name">startExtent(public void saucedemotests.HoverOver.hoverOverPricingTest())</span>
                <span class="method-start">285552 ms</span>
              </div> <!-- configuration-method before -->
              <div class="test-method">
                <span class="method-name">hoverOverPricingTest</span>
                <span class="method-start">285552 ms</span>
              </div> <!-- test-method -->
              <div class="configuration-method after">
                <span class="method-name">afterEachTestMethod([TestResult name=hoverOverPricingTest status=SUCCESS method=HoverOver.hoverOverPricingTest()[pri:0, ...)</span>
                <span class="method-start">294784 ms</span>
              </div> <!-- configuration-method after -->
              <div class="configuration-method after">
                <span class="method-name">tearDown</span>
                <span class="method-start">295567 ms</span>
              </div> <!-- configuration-method after -->
              <div class="configuration-method before">
                <span class="method-name">setUp(false, browserstack, windows, 11, chrome, 102, http://saucedemo.com/)</span>
                <span class="method-start">295568 ms</span>
              </div> <!-- configuration-method before -->
              <div class="configuration-method before">
                <span class="method-name">startExtent(public void saucedemotests.HoverOver.hoverOverResourcesTest())</span>
                <span class="method-start">297196 ms</span>
              </div> <!-- configuration-method before -->
              <div class="test-method">
                <span class="method-name">hoverOverResourcesTest</span>
                <span class="method-start">297196 ms</span>
              </div> <!-- test-method -->
              <div class="configuration-method after">
                <span class="method-name">afterEachTestMethod([TestResult name=hoverOverResourcesTest status=SUCCESS method=HoverOver.hoverOverResourcesTest()[pri...)</span>
                <span class="method-start">304294 ms</span>
              </div> <!-- configuration-method after -->
              <div class="configuration-method after">
                <span class="method-name">tearDown</span>
                <span class="method-start">305030 ms</span>
              </div> <!-- configuration-method after -->
              <div class="configuration-method before">
                <span class="method-name">setUp(false, browserstack, windows, 11, chrome, 102, http://saucedemo.com/)</span>
                <span class="method-start">305030 ms</span>
              </div> <!-- configuration-method before -->
              <div class="configuration-method before">
                <span class="method-name">startExtent(public void saucedemotests.HoverOver.hoverOverSolutionsTest())</span>
                <span class="method-start">306546 ms</span>
              </div> <!-- configuration-method before -->
              <div class="test-method">
                <span class="method-name">hoverOverSolutionsTest</span>
                <span class="method-start">306546 ms</span>
              </div> <!-- test-method -->
              <div class="configuration-method after">
                <span class="method-name">afterEachTestMethod([TestResult name=hoverOverSolutionsTest status=SUCCESS method=HoverOver.hoverOverSolutionsTest()[pri...)</span>
                <span class="method-start">312865 ms</span>
              </div> <!-- configuration-method after -->
              <div class="configuration-method after">
                <span class="method-name">tearDown</span>
                <span class="method-start">313579 ms</span>
              </div> <!-- configuration-method after -->
            </div> <!-- chronological-class -->
            <div class="chronological-class">
              <div class="chronological-class-name">saucedemotests.Icons</div> <!-- chronological-class-name -->
              <div class="configuration-method before">
                <span class="method-name">setUp(false, browserstack, windows, 11, chrome, 102, http://saucedemo.com/)</span>
                <span class="method-start">313580 ms</span>
              </div> <!-- configuration-method before -->
              <div class="configuration-method before">
                <span class="method-name">startExtent(public void saucedemotests.Icons.facebookIconTest())</span>
                <span class="method-start">315137 ms</span>
              </div> <!-- configuration-method before -->
              <div class="test-method">
                <span class="method-name">facebookIconTest</span>
                <span class="method-start">315138 ms</span>
              </div> <!-- test-method -->
              <div class="configuration-method after">
                <span class="method-name">afterEachTestMethod([TestResult name=facebookIconTest status=SUCCESS method=Icons.facebookIconTest()[pri:0, instance:sau...)</span>
                <span class="method-start">320491 ms</span>
              </div> <!-- configuration-method after -->
              <div class="configuration-method after">
                <span class="method-name">tearDown</span>
                <span class="method-start">321160 ms</span>
              </div> <!-- configuration-method after -->
              <div class="configuration-method before">
                <span class="method-name">setUp(false, browserstack, windows, 11, chrome, 102, http://saucedemo.com/)</span>
                <span class="method-start">321160 ms</span>
              </div> <!-- configuration-method before -->
              <div class="configuration-method before">
                <span class="method-name">startExtent(public void saucedemotests.Icons.linkedInIconTest())</span>
                <span class="method-start">322704 ms</span>
              </div> <!-- configuration-method before -->
              <div class="test-method">
                <span class="method-name">linkedInIconTest</span>
                <span class="method-start">322705 ms</span>
              </div> <!-- test-method -->
              <div class="configuration-method after">
                <span class="method-name">afterEachTestMethod([TestResult name=linkedInIconTest status=SUCCESS method=Icons.linkedInIconTest()[pri:0, instance:sau...)</span>
                <span class="method-start">328170 ms</span>
              </div> <!-- configuration-method after -->
              <div class="configuration-method after">
                <span class="method-name">tearDown</span>
                <span class="method-start">328845 ms</span>
              </div> <!-- configuration-method after -->
              <div class="configuration-method before">
                <span class="method-name">setUp(false, browserstack, windows, 11, chrome, 102, http://saucedemo.com/)</span>
                <span class="method-start">328845 ms</span>
              </div> <!-- configuration-method before -->
              <div class="configuration-method before">
                <span class="method-name">startExtent(public void saucedemotests.Icons.twitterIconTest())</span>
                <span class="method-start">330306 ms</span>
              </div> <!-- configuration-method before -->
              <div class="test-method">
                <span class="method-name">twitterIconTest</span>
                <span class="method-start">330306 ms</span>
              </div> <!-- test-method -->
              <div class="configuration-method after">
                <span class="method-name">afterEachTestMethod([TestResult name=twitterIconTest status=SUCCESS method=Icons.twitterIconTest()[pri:0, instance:sauce...)</span>
                <span class="method-start">335647 ms</span>
              </div> <!-- configuration-method after -->
              <div class="configuration-method after">
                <span class="method-name">tearDown</span>
                <span class="method-start">336324 ms</span>
              </div> <!-- configuration-method after -->
            </div> <!-- chronological-class -->
            <div class="chronological-class">
              <div class="chronological-class-name">saucedemotests.Login</div> <!-- chronological-class-name -->
              <div class="configuration-method before">
                <span class="method-name">setUp(false, browserstack, windows, 11, chrome, 102, http://saucedemo.com/)</span>
                <span class="method-start">336325 ms</span>
              </div> <!-- configuration-method before -->
              <div class="configuration-method before">
                <span class="method-name">startExtent(public void saucedemotests.Login.invalidLogInTest())</span>
                <span class="method-start">337717 ms</span>
              </div> <!-- configuration-method before -->
              <div class="test-method">
                <span class="method-name">invalidLogInTest</span>
                <span class="method-start">337717 ms</span>
              </div> <!-- test-method -->
              <div class="configuration-method after">
                <span class="method-name">afterEachTestMethod([TestResult name=invalidLogInTest status=SUCCESS method=Login.invalidLogInTest()[pri:0, instance:sau...)</span>
                <span class="method-start">337952 ms</span>
              </div> <!-- configuration-method after -->
              <div class="configuration-method after">
                <span class="method-name">tearDown</span>
                <span class="method-start">338623 ms</span>
              </div> <!-- configuration-method after -->
              <div class="configuration-method before">
                <span class="method-name">setUp(false, browserstack, windows, 11, chrome, 102, http://saucedemo.com/)</span>
                <span class="method-start">338624 ms</span>
              </div> <!-- configuration-method before -->
              <div class="configuration-method before">
                <span class="method-name">startExtent(public void saucedemotests.Login.logInTest())</span>
                <span class="method-start">340216 ms</span>
              </div> <!-- configuration-method before -->
              <div class="test-method">
                <span class="method-name">logInTest</span>
                <span class="method-start">340216 ms</span>
              </div> <!-- test-method -->
              <div class="configuration-method after">
                <span class="method-name">afterEachTestMethod([TestResult name=logInTest status=SUCCESS method=Login.logInTest()[pri:0, instance:saucedemotests.Lo...)</span>
                <span class="method-start">340495 ms</span>
              </div> <!-- configuration-method after -->
              <div class="configuration-method after">
                <span class="method-name">tearDown</span>
                <span class="method-start">341189 ms</span>
              </div> <!-- configuration-method after -->
              <div class="configuration-method before">
                <span class="method-name">setUp(false, browserstack, windows, 11, chrome, 102, http://saucedemo.com/)</span>
                <span class="method-start">341190 ms</span>
              </div> <!-- configuration-method before -->
              <div class="configuration-method before">
                <span class="method-name">startExtent(public void saucedemotests.Login.validateLogInButton())</span>
                <span class="method-start">342688 ms</span>
              </div> <!-- configuration-method before -->
              <div class="test-method">
                <span class="method-name">validateLogInButton</span>
                <span class="method-start">342689 ms</span>
              </div> <!-- test-method -->
              <div class="configuration-method after">
                <span class="method-name">afterEachTestMethod([TestResult name=validateLogInButton status=SUCCESS method=Login.validateLogInButton()[pri:0, instan...)</span>
                <span class="method-start">342718 ms</span>
              </div> <!-- configuration-method after -->
              <div class="configuration-method after">
                <span class="method-name">tearDown</span>
                <span class="method-start">343386 ms</span>
              </div> <!-- configuration-method after -->
            </div> <!-- chronological-class -->
            <div class="chronological-class">
              <div class="chronological-class-name">saucedemotests.MenuBar</div> <!-- chronological-class-name -->
              <div class="configuration-method before">
                <span class="method-name">setUp(false, browserstack, windows, 11, chrome, 102, http://saucedemo.com/)</span>
                <span class="method-start">343389 ms</span>
              </div> <!-- configuration-method before -->
              <div class="configuration-method before">
                <span class="method-name">startExtent(public void saucedemotests.MenuBar.menuBarAboutTest())</span>
                <span class="method-start">344753 ms</span>
              </div> <!-- configuration-method before -->
              <div class="test-method">
                <span class="method-name">menuBarAboutTest</span>
                <span class="method-start">344753 ms</span>
              </div> <!-- test-method -->
              <div class="configuration-method after">
                <span class="method-name">afterEachTestMethod([TestResult name=menuBarAboutTest status=SUCCESS method=MenuBar.menuBarAboutTest()[pri:0, instance:s...)</span>
                <span class="method-start">347499 ms</span>
              </div> <!-- configuration-method after -->
              <div class="configuration-method after">
                <span class="method-name">tearDown</span>
                <span class="method-start">348222 ms</span>
              </div> <!-- configuration-method after -->
              <div class="configuration-method before">
                <span class="method-name">setUp(false, browserstack, windows, 11, chrome, 102, http://saucedemo.com/)</span>
                <span class="method-start">348223 ms</span>
              </div> <!-- configuration-method before -->
              <div class="configuration-method before">
                <span class="method-name">startExtent(public void saucedemotests.MenuBar.menuBarAllItemsTest())</span>
                <span class="method-start">349587 ms</span>
              </div> <!-- configuration-method before -->
              <div class="test-method">
                <span class="method-name">menuBarAllItemsTest</span>
                <span class="method-start">349587 ms</span>
              </div> <!-- test-method -->
              <div class="configuration-method after">
                <span class="method-name">afterEachTestMethod([TestResult name=menuBarAllItemsTest status=SUCCESS method=MenuBar.menuBarAllItemsTest()[pri:0, inst...)</span>
                <span class="method-start">350245 ms</span>
              </div> <!-- configuration-method after -->
              <div class="configuration-method after">
                <span class="method-name">tearDown</span>
                <span class="method-start">350946 ms</span>
              </div> <!-- configuration-method after -->
              <div class="configuration-method before">
                <span class="method-name">setUp(false, browserstack, windows, 11, chrome, 102, http://saucedemo.com/)</span>
                <span class="method-start">350946 ms</span>
              </div> <!-- configuration-method before -->
              <div class="configuration-method before">
                <span class="method-name">startExtent(public void saucedemotests.MenuBar.menuBarLogoutTest())</span>
                <span class="method-start">352461 ms</span>
              </div> <!-- configuration-method before -->
              <div class="test-method">
                <span class="method-name">menuBarLogoutTest</span>
                <span class="method-start">352461 ms</span>
              </div> <!-- test-method -->
              <div class="configuration-method after">
                <span class="method-name">afterEachTestMethod([TestResult name=menuBarLogoutTest status=SUCCESS method=MenuBar.menuBarLogoutTest()[pri:0, instance...)</span>
                <span class="method-start">353048 ms</span>
              </div> <!-- configuration-method after -->
              <div class="configuration-method after">
                <span class="method-name">tearDown</span>
                <span class="method-start">353729 ms</span>
              </div> <!-- configuration-method after -->
            </div> <!-- chronological-class -->
            <div class="chronological-class">
              <div class="chronological-class-name">saucedemotests.PlayVideo</div> <!-- chronological-class-name -->
              <div class="configuration-method before">
                <span class="method-name">setUp(false, browserstack, windows, 11, chrome, 102, http://saucedemo.com/)</span>
                <span class="method-start">353730 ms</span>
              </div> <!-- configuration-method before -->
              <div class="configuration-method before">
                <span class="method-name">startExtent(public void saucedemotests.PlayVideo.playVideoTest())</span>
                <span class="method-start">355186 ms</span>
              </div> <!-- configuration-method before -->
              <div class="test-method">
                <img src="failed.png">
                </img>
                <span class="method-name">playVideoTest</span>
                <span class="method-start">355186 ms</span>
              </div> <!-- test-method -->
              <div class="configuration-method after">
                <span class="method-name">afterEachTestMethod([TestResult name=playVideoTest status=FAILURE method=PlayVideo.playVideoTest()[pri:0, instance:sauce...)</span>
                <span class="method-start">363608 ms</span>
              </div> <!-- configuration-method after -->
              <div class="configuration-method after">
                <span class="method-name">tearDown</span>
                <span class="method-start">364335 ms</span>
              </div> <!-- configuration-method after -->
            </div> <!-- chronological-class -->
            <div class="chronological-class">
              <div class="chronological-class-name">saucedemotests.ResetAddToCart</div> <!-- chronological-class-name -->
              <div class="configuration-method before">
                <span class="method-name">setUp(false, browserstack, windows, 11, chrome, 102, http://saucedemo.com/)</span>
                <span class="method-start">364336 ms</span>
              </div> <!-- configuration-method before -->
              <div class="configuration-method before">
                <span class="method-name">startExtent(public void saucedemotests.ResetAddToCart.menuBarLogoutTest())</span>
                <span class="method-start">365758 ms</span>
              </div> <!-- configuration-method before -->
              <div class="test-method">
                <span class="method-name">menuBarLogoutTest</span>
                <span class="method-start">365758 ms</span>
              </div> <!-- test-method -->
              <div class="configuration-method after">
                <span class="method-name">afterEachTestMethod([TestResult name=menuBarLogoutTest status=SUCCESS method=ResetAddToCart.menuBarLogoutTest()[pri:0, i...)</span>
                <span class="method-start">376516 ms</span>
              </div> <!-- configuration-method after -->
              <div class="configuration-method after">
                <span class="method-name">tearDown</span>
                <span class="method-start">377182 ms</span>
              </div> <!-- configuration-method after -->
            </div> <!-- chronological-class -->
            <div class="chronological-class">
              <div class="chronological-class-name">saucedemotests.SearchBar</div> <!-- chronological-class-name -->
              <div class="configuration-method before">
                <span class="method-name">setUp(false, browserstack, windows, 11, chrome, 102, http://saucedemo.com/)</span>
                <span class="method-start">377183 ms</span>
              </div> <!-- configuration-method before -->
              <div class="configuration-method before">
                <span class="method-name">startExtent(public void saucedemotests.SearchBar.searchBarTest())</span>
                <span class="method-start">378669 ms</span>
              </div> <!-- configuration-method before -->
              <div class="test-method">
                <span class="method-name">searchBarTest</span>
                <span class="method-start">378670 ms</span>
              </div> <!-- test-method -->
              <div class="configuration-method after">
                <span class="method-name">afterEachTestMethod([TestResult name=searchBarTest status=SUCCESS method=SearchBar.searchBarTest()[pri:0, instance:sauce...)</span>
                <span class="method-start">388437 ms</span>
              </div> <!-- configuration-method after -->
              <div class="configuration-method after">
                <span class="method-name">tearDown</span>
                <span class="method-start">389270 ms</span>
              </div> <!-- configuration-method after -->
            </div> <!-- chronological-class -->
            <div class="chronological-class">
              <div class="chronological-class-name">globalsqatests.DeleteButton</div> <!-- chronological-class-name -->
              <div class="configuration-method before">
                <span class="method-name">setUp(false, browserstack, windows, 11, chrome, 102, https://www.globalsqa.com/angularJs-protractor/Bankin...)</span>
                <span class="method-start">389347 ms</span>
              </div> <!-- configuration-method before -->
              <div class="configuration-method before">
                <span class="method-name">startExtent(public void globalsqatests.DeleteButton.deleteCustomerTest())</span>
                <span class="method-start">391393 ms</span>
              </div> <!-- configuration-method before -->
              <div class="test-method">
                <span class="method-name">deleteCustomerTest</span>
                <span class="method-start">391394 ms</span>
              </div> <!-- test-method -->
              <div class="configuration-method after">
                <span class="method-name">afterEachTestMethod([TestResult name=deleteCustomerTest status=SUCCESS method=DeleteButton.deleteCustomerTest()[pri:0, i...)</span>
                <span class="method-start">392148 ms</span>
              </div> <!-- configuration-method after -->
              <div class="configuration-method after">
                <span class="method-name">tearDown</span>
                <span class="method-start">392833 ms</span>
              </div> <!-- configuration-method after -->
            </div> <!-- chronological-class -->
            <div class="chronological-class">
              <div class="chronological-class-name">globalsqatests.ResetButton</div> <!-- chronological-class-name -->
              <div class="configuration-method before">
                <span class="method-name">setUp(false, browserstack, windows, 11, chrome, 102, https://www.globalsqa.com/angularJs-protractor/Bankin...)</span>
                <span class="method-start">392834 ms</span>
              </div> <!-- configuration-method before -->
              <div class="configuration-method before">
                <span class="method-name">startExtent(public void globalsqatests.ResetButton.resetButtonTest())</span>
                <span class="method-start">394557 ms</span>
              </div> <!-- configuration-method before -->
              <div class="test-method">
                <span class="method-name">resetButtonTest</span>
                <span class="method-start">394558 ms</span>
              </div> <!-- test-method -->
              <div class="configuration-method after">
                <span class="method-name">afterEachTestMethod([TestResult name=resetButtonTest status=SUCCESS method=ResetButton.resetButtonTest()[pri:0, instance...)</span>
                <span class="method-start">395497 ms</span>
              </div> <!-- configuration-method after -->
              <div class="configuration-method after">
                <span class="method-name">tearDown</span>
                <span class="method-start">396175 ms</span>
              </div> <!-- configuration-method after -->
            </div> <!-- chronological-class -->
            <div class="chronological-class">
              <div class="chronological-class-name">globalsqatests.BackButton</div> <!-- chronological-class-name -->
              <div class="configuration-method before">
                <span class="method-name">setUp(false, browserstack, windows, 11, chrome, 102, https://www.globalsqa.com/angularJs-protractor/Bankin...)</span>
                <span class="method-start">396176 ms</span>
              </div> <!-- configuration-method before -->
              <div class="configuration-method before">
                <span class="method-name">startExtent(public void globalsqatests.BackButton.backButtonTest())</span>
                <span class="method-start">397754 ms</span>
              </div> <!-- configuration-method before -->
              <div class="test-method">
                <span class="method-name">backButtonTest</span>
                <span class="method-start">397754 ms</span>
              </div> <!-- test-method -->
              <div class="configuration-method after">
                <span class="method-name">afterEachTestMethod([TestResult name=backButtonTest status=SUCCESS method=BackButton.backButtonTest()[pri:0, instance:gl...)</span>
                <span class="method-start">398740 ms</span>
              </div> <!-- configuration-method after -->
              <div class="configuration-method after">
                <span class="method-name">tearDown</span>
                <span class="method-start">399410 ms</span>
              </div> <!-- configuration-method after -->
            </div> <!-- chronological-class -->
            <div class="chronological-class">
              <div class="chronological-class-name">globalsqatests.AccountNumberDropDown</div> <!-- chronological-class-name -->
              <div class="configuration-method before">
                <span class="method-name">setUp(false, browserstack, windows, 11, chrome, 102, https://www.globalsqa.com/angularJs-protractor/Bankin...)</span>
                <span class="method-start">399411 ms</span>
              </div> <!-- configuration-method before -->
              <div class="configuration-method before">
                <span class="method-name">startExtent(public void globalsqatests.AccountNumberDropDown.accountNumberDropDownTest())</span>
                <span class="method-start">401148 ms</span>
              </div> <!-- configuration-method before -->
              <div class="test-method">
                <span class="method-name">accountNumberDropDownTest</span>
                <span class="method-start">401148 ms</span>
              </div> <!-- test-method -->
              <div class="configuration-method after">
                <span class="method-name">afterEachTestMethod([TestResult name=accountNumberDropDownTest status=SUCCESS method=AccountNumberDropDown.accountNumber...)</span>
                <span class="method-start">401939 ms</span>
              </div> <!-- configuration-method after -->
              <div class="configuration-method after">
                <span class="method-name">tearDown</span>
                <span class="method-start">402601 ms</span>
              </div> <!-- configuration-method after -->
            </div> <!-- chronological-class -->
            <div class="chronological-class">
              <div class="chronological-class-name">globalsqatests.TransactionsButton</div> <!-- chronological-class-name -->
              <div class="configuration-method before">
                <span class="method-name">setUp(false, browserstack, windows, 11, chrome, 102, https://www.globalsqa.com/angularJs-protractor/Bankin...)</span>
                <span class="method-start">402605 ms</span>
              </div> <!-- configuration-method before -->
              <div class="configuration-method before">
                <span class="method-name">startExtent(public void globalsqatests.TransactionsButton.transactionsButton())</span>
                <span class="method-start">404345 ms</span>
              </div> <!-- configuration-method before -->
              <div class="test-method">
                <span class="method-name">transactionsButton</span>
                <span class="method-start">404345 ms</span>
              </div> <!-- test-method -->
              <div class="configuration-method after">
                <span class="method-name">afterEachTestMethod([TestResult name=transactionsButton status=SUCCESS method=TransactionsButton.transactionsButton()[pr...)</span>
                <span class="method-start">405295 ms</span>
              </div> <!-- configuration-method after -->
              <div class="configuration-method after">
                <span class="method-name">tearDown</span>
                <span class="method-start">405937 ms</span>
              </div> <!-- configuration-method after -->
            </div> <!-- chronological-class -->
            <div class="chronological-class">
              <div class="chronological-class-name">globalsqatests.SearchCustomer</div> <!-- chronological-class-name -->
              <div class="configuration-method before">
                <span class="method-name">setUp(false, browserstack, windows, 11, chrome, 102, https://www.globalsqa.com/angularJs-protractor/Bankin...)</span>
                <span class="method-start">405938 ms</span>
              </div> <!-- configuration-method before -->
              <div class="configuration-method before">
                <span class="method-name">startExtent(public void globalsqatests.SearchCustomer.searchCustomerTest())</span>
                <span class="method-start">407600 ms</span>
              </div> <!-- configuration-method before -->
              <div class="test-method">
                <span class="method-name">searchCustomerTest</span>
                <span class="method-start">407600 ms</span>
              </div> <!-- test-method -->
              <div class="configuration-method after">
                <span class="method-name">afterEachTestMethod([TestResult name=searchCustomerTest status=SUCCESS method=SearchCustomer.searchCustomerTest()[pri:0,...)</span>
                <span class="method-start">408300 ms</span>
              </div> <!-- configuration-method after -->
              <div class="configuration-method after">
                <span class="method-name">tearDown</span>
                <span class="method-start">408965 ms</span>
              </div> <!-- configuration-method after -->
            </div> <!-- chronological-class -->
            <div class="chronological-class">
              <div class="chronological-class-name">globalsqatests.AddCustomer</div> <!-- chronological-class-name -->
              <div class="configuration-method before">
                <span class="method-name">setUp(false, browserstack, windows, 11, chrome, 102, https://www.globalsqa.com/angularJs-protractor/Bankin...)</span>
                <span class="method-start">408966 ms</span>
              </div> <!-- configuration-method before -->
              <div class="configuration-method before">
                <span class="method-name">startExtent(public void globalsqatests.AddCustomer.addCustomerTest())</span>
                <span class="method-start">410729 ms</span>
              </div> <!-- configuration-method before -->
              <div class="test-method">
                <span class="method-name">addCustomerTest</span>
                <span class="method-start">410729 ms</span>
              </div> <!-- test-method -->
              <div class="configuration-method after">
                <span class="method-name">afterEachTestMethod([TestResult name=addCustomerTest status=SUCCESS method=AddCustomer.addCustomerTest()[pri:0, instance...)</span>
                <span class="method-start">411587 ms</span>
              </div> <!-- configuration-method after -->
              <div class="configuration-method after">
                <span class="method-name">tearDown</span>
                <span class="method-start">412252 ms</span>
              </div> <!-- configuration-method after -->
            </div> <!-- chronological-class -->
            <div class="chronological-class">
              <div class="chronological-class-name">globalsqatests.WithdrawlButton</div> <!-- chronological-class-name -->
              <div class="configuration-method before">
                <span class="method-name">setUp(false, browserstack, windows, 11, chrome, 102, https://www.globalsqa.com/angularJs-protractor/Bankin...)</span>
                <span class="method-start">412253 ms</span>
              </div> <!-- configuration-method before -->
              <div class="configuration-method before">
                <span class="method-name">startExtent(public void globalsqatests.WithdrawlButton.withdrawlButtonTest())</span>
                <span class="method-start">414004 ms</span>
              </div> <!-- configuration-method before -->
              <div class="test-method">
                <span class="method-name">withdrawlButtonTest</span>
                <span class="method-start">414004 ms</span>
              </div> <!-- test-method -->
              <div class="configuration-method after">
                <span class="method-name">afterEachTestMethod([TestResult name=withdrawlButtonTest status=SUCCESS method=WithdrawlButton.withdrawlButtonTest()[pri...)</span>
                <span class="method-start">415097 ms</span>
              </div> <!-- configuration-method after -->
              <div class="configuration-method after">
                <span class="method-name">tearDown</span>
                <span class="method-start">415762 ms</span>
              </div> <!-- configuration-method after -->
            </div> <!-- chronological-class -->
            <div class="chronological-class">
              <div class="chronological-class-name">globalsqatests.DepositButton</div> <!-- chronological-class-name -->
              <div class="configuration-method before">
                <span class="method-name">setUp(false, browserstack, windows, 11, chrome, 102, https://www.globalsqa.com/angularJs-protractor/Bankin...)</span>
                <span class="method-start">415763 ms</span>
              </div> <!-- configuration-method before -->
              <div class="configuration-method before">
                <span class="method-name">startExtent(public void globalsqatests.DepositButton.depositButtonTest())</span>
                <span class="method-start">417300 ms</span>
              </div> <!-- configuration-method before -->
              <div class="test-method">
                <span class="method-name">depositButtonTest</span>
                <span class="method-start">417300 ms</span>
              </div> <!-- test-method -->
              <div class="configuration-method after">
                <span class="method-name">afterEachTestMethod([TestResult name=depositButtonTest status=SUCCESS method=DepositButton.depositButtonTest()[pri:0, in...)</span>
                <span class="method-start">418317 ms</span>
              </div> <!-- configuration-method after -->
              <div class="configuration-method after">
                <span class="method-name">tearDown</span>
                <span class="method-start">419023 ms</span>
              </div> <!-- configuration-method after -->
            </div> <!-- chronological-class -->
            <div class="chronological-class">
              <div class="chronological-class-name">globalsqatests.OpenAccount</div> <!-- chronological-class-name -->
              <div class="configuration-method before">
                <span class="method-name">setUp(false, browserstack, windows, 11, chrome, 102, https://www.globalsqa.com/angularJs-protractor/Bankin...)</span>
                <span class="method-start">419024 ms</span>
              </div> <!-- configuration-method before -->
              <div class="configuration-method before">
                <span class="method-name">startExtent(public void globalsqatests.OpenAccount.openAccountTest())</span>
                <span class="method-start">420656 ms</span>
              </div> <!-- configuration-method before -->
              <div class="test-method">
                <span class="method-name">openAccountTest</span>
                <span class="method-start">420656 ms</span>
              </div> <!-- test-method -->
              <div class="configuration-method after">
                <span class="method-name">afterEachTestMethod([TestResult name=openAccountTest status=SUCCESS method=OpenAccount.openAccountTest()[pri:0, instance...)</span>
                <span class="method-start">421450 ms</span>
              </div> <!-- configuration-method after -->
              <div class="configuration-method after">
                <span class="method-name">tearDown</span>
                <span class="method-start">422131 ms</span>
              </div> <!-- configuration-method after -->
            </div> <!-- chronological-class -->
            <div class="chronological-class">
              <div class="chronological-class-name">globalsqatests.UserLogin</div> <!-- chronological-class-name -->
              <div class="configuration-method before">
                <span class="method-name">setUp(false, browserstack, windows, 11, chrome, 102, https://www.globalsqa.com/angularJs-protractor/Bankin...)</span>
                <span class="method-start">422132 ms</span>
              </div> <!-- configuration-method before -->
              <div class="configuration-method before">
                <span class="method-name">startExtent(public void globalsqatests.UserLogin.harryPotterLoginTest())</span>
                <span class="method-start">423650 ms</span>
              </div> <!-- configuration-method before -->
              <div class="test-method">
                <span class="method-name">harryPotterLoginTest</span>
                <span class="method-start">423650 ms</span>
              </div> <!-- test-method -->
              <div class="configuration-method after">
                <span class="method-name">afterEachTestMethod([TestResult name=harryPotterLoginTest status=SUCCESS method=UserLogin.harryPotterLoginTest()[pri:0, ...)</span>
                <span class="method-start">424371 ms</span>
              </div> <!-- configuration-method after -->
              <div class="configuration-method after">
                <span class="method-name">tearDown</span>
                <span class="method-start">425067 ms</span>
              </div> <!-- configuration-method after -->
              <div class="configuration-method before">
                <span class="method-name">setUp(false, browserstack, windows, 11, chrome, 102, https://www.globalsqa.com/angularJs-protractor/Bankin...)</span>
                <span class="method-start">425068 ms</span>
              </div> <!-- configuration-method before -->
              <div class="configuration-method before">
                <span class="method-name">startExtent(public void globalsqatests.UserLogin.ronWeaslyLoginTest())</span>
                <span class="method-start">426962 ms</span>
              </div> <!-- configuration-method before -->
              <div class="test-method">
                <span class="method-name">ronWeaslyLoginTest</span>
                <span class="method-start">426962 ms</span>
              </div> <!-- test-method -->
              <div class="configuration-method after">
                <span class="method-name">afterEachTestMethod([TestResult name=ronWeaslyLoginTest status=SUCCESS method=UserLogin.ronWeaslyLoginTest()[pri:0, inst...)</span>
                <span class="method-start">427687 ms</span>
              </div> <!-- configuration-method after -->
              <div class="configuration-method after">
                <span class="method-name">tearDown</span>
                <span class="method-start">428352 ms</span>
              </div> <!-- configuration-method after -->
            </div> <!-- chronological-class -->
            <div class="chronological-class">
              <div class="chronological-class-name">globalsqatests.LogoutButton</div> <!-- chronological-class-name -->
              <div class="configuration-method before">
                <span class="method-name">setUp(false, browserstack, windows, 11, chrome, 102, https://www.globalsqa.com/angularJs-protractor/Bankin...)</span>
                <span class="method-start">428353 ms</span>
              </div> <!-- configuration-method before -->
              <div class="configuration-method before">
                <span class="method-name">startExtent(public void globalsqatests.LogoutButton.logOutTest())</span>
                <span class="method-start">429877 ms</span>
              </div> <!-- configuration-method before -->
              <div class="test-method">
                <span class="method-name">logOutTest</span>
                <span class="method-start">429877 ms</span>
              </div> <!-- test-method -->
              <div class="configuration-method after">
                <span class="method-name">afterEachTestMethod([TestResult name=logOutTest status=SUCCESS method=LogoutButton.logOutTest()[pri:0, instance:globalsq...)</span>
                <span class="method-start">436442 ms</span>
              </div> <!-- configuration-method after -->
              <div class="configuration-method after">
                <span class="method-name">tearDown</span>
                <span class="method-start">437103 ms</span>
              </div> <!-- configuration-method after -->
            </div> <!-- chronological-class -->
            <div class="chronological-class">
              <div class="chronological-class-name">globalsqatests.HomeButton</div> <!-- chronological-class-name -->
              <div class="configuration-method before">
                <span class="method-name">setUp(false, browserstack, windows, 11, chrome, 102, https://www.globalsqa.com/angularJs-protractor/Bankin...)</span>
                <span class="method-start">437103 ms</span>
              </div> <!-- configuration-method before -->
              <div class="configuration-method before">
                <span class="method-name">startExtent(public void globalsqatests.HomeButton.bankManagerHomeButtonTest())</span>
                <span class="method-start">438769 ms</span>
              </div> <!-- configuration-method before -->
              <div class="test-method">
                <span class="method-name">bankManagerHomeButtonTest</span>
                <span class="method-start">438769 ms</span>
              </div> <!-- test-method -->
              <div class="configuration-method after">
                <span class="method-name">afterEachTestMethod([TestResult name=bankManagerHomeButtonTest status=SUCCESS method=HomeButton.bankManagerHomeButtonTes...)</span>
                <span class="method-start">439423 ms</span>
              </div> <!-- configuration-method after -->
              <div class="configuration-method after">
                <span class="method-name">tearDown</span>
                <span class="method-start">440080 ms</span>
              </div> <!-- configuration-method after -->
              <div class="configuration-method before">
                <span class="method-name">setUp(false, browserstack, windows, 11, chrome, 102, https://www.globalsqa.com/angularJs-protractor/Bankin...)</span>
                <span class="method-start">440080 ms</span>
              </div> <!-- configuration-method before -->
              <div class="configuration-method before">
                <span class="method-name">startExtent(public void globalsqatests.HomeButton.customerHomeButtonTest())</span>
                <span class="method-start">441568 ms</span>
              </div> <!-- configuration-method before -->
              <div class="test-method">
                <span class="method-name">customerHomeButtonTest</span>
                <span class="method-start">441569 ms</span>
              </div> <!-- test-method -->
              <div class="configuration-method after">
                <span class="method-name">afterEachTestMethod([TestResult name=customerHomeButtonTest status=SUCCESS method=HomeButton.customerHomeButtonTest()[pr...)</span>
                <span class="method-start">442199 ms</span>
              </div> <!-- configuration-method after -->
              <div class="configuration-method after">
                <span class="method-name">tearDown</span>
                <span class="method-start">442859 ms</span>
              </div> <!-- configuration-method after -->
            </div> <!-- chronological-class -->
            <div class="chronological-class">
              <div class="chronological-class-name">globalsqatests.CustomerLoginButton</div> <!-- chronological-class-name -->
              <div class="configuration-method before">
                <span class="method-name">setUp(false, browserstack, windows, 11, chrome, 102, https://www.globalsqa.com/angularJs-protractor/Bankin...)</span>
                <span class="method-start">442860 ms</span>
              </div> <!-- configuration-method before -->
              <div class="configuration-method before">
                <span class="method-name">startExtent(public void globalsqatests.CustomerLoginButton.customerLoginButtonTest())</span>
                <span class="method-start">444509 ms</span>
              </div> <!-- configuration-method before -->
              <div class="test-method">
                <span class="method-name">customerLoginButtonTest</span>
                <span class="method-start">444510 ms</span>
              </div> <!-- test-method -->
              <div class="configuration-method after">
                <span class="method-name">afterEachTestMethod([TestResult name=customerLoginButtonTest status=SUCCESS method=CustomerLoginButton.customerLoginButt...)</span>
                <span class="method-start">447793 ms</span>
              </div> <!-- configuration-method after -->
              <div class="configuration-method after">
                <span class="method-name">tearDown</span>
                <span class="method-start">448458 ms</span>
              </div> <!-- configuration-method after -->
            </div> <!-- chronological-class -->
            <div class="chronological-class">
              <div class="chronological-class-name">globalsqatests.BankManagerLoginButton</div> <!-- chronological-class-name -->
              <div class="configuration-method before">
                <span class="method-name">setUp(false, browserstack, windows, 11, chrome, 102, https://www.globalsqa.com/angularJs-protractor/Bankin...)</span>
                <span class="method-start">448458 ms</span>
              </div> <!-- configuration-method before -->
              <div class="configuration-method before">
                <span class="method-name">startExtent(public void globalsqatests.BankManagerLoginButton.bankManagerLoginButtonTest())</span>
                <span class="method-start">450137 ms</span>
              </div> <!-- configuration-method before -->
              <div class="test-method">
                <span class="method-name">bankManagerLoginButtonTest</span>
                <span class="method-start">450137 ms</span>
              </div> <!-- test-method -->
              <div class="configuration-method after">
                <span class="method-name">afterEachTestMethod([TestResult name=bankManagerLoginButtonTest status=SUCCESS method=BankManagerLoginButton.bankManager...)</span>
                <span class="method-start">453422 ms</span>
              </div> <!-- configuration-method after -->
              <div class="configuration-method after">
                <span class="method-name">tearDown</span>
                <span class="method-start">454102 ms</span>
              </div> <!-- configuration-method after -->
            </div> <!-- chronological-class -->
            <div class="chronological-class">
              <div class="chronological-class-name">globalsqatests.DeleteButton</div> <!-- chronological-class-name -->
              <div class="configuration-suite after">
                <span class="method-name">generateReport</span>
                <span class="method-start">454111 ms</span>
              </div> <!-- configuration-suite after -->
          </div> <!-- main-panel-content rounded-window-bottom -->
        </div> <!-- panel -->
      </div> <!-- main-panel-root -->
    </div> <!-- wrapper -->
  </body>
</html>
