<?xml version="1.0" encoding="UTF-8"?>
<!-- Generated by org.testng.reporters.JUnitXMLReporter -->
<testsuite ignored="30" hostname="DESKTOP-DNJOJAA" failures="1" tests="67" name="com.GlobalSQA Tests" time="348.131" errors="0" timestamp="19 Jun 2022 21:14:34 GMT">
  <testcase classname="globalsqatests.CustomerAccounts" name="CustomerDropDownOptionsVisibilityTest" time="0.715"/>
  <testcase classname="globalsqatests.DeleteButton" name="deleteCustomerTest" time="0.698"/>
  <testcase classname="globalsqatests.ResetButton" name="resetButtonTest" time="1.058"/>
  <testcase classname="globalsqatests.BackButton" name="harryPotterBackButtonTest" time="1.044"/>
  <testcase classname="globalsqatests.BackButton" name="hermoineGrangerBackButtonTest" time="1.072"/>
  <testcase classname="globalsqatests.BackButton" name="nevilleLongbottomBackButtonTest" time="0.941"/>
  <testcase classname="globalsqatests.BackButton" name="ronWeaslyBackButtonTest" time="0.982"/>
  <testcase classname="globalsqatests.AccountNumber" name="createAccountAndVerifyAccountNumberTest" time="1.93"/>
  <testcase classname="globalsqatests.AccountNumber" name="selectAccountNumberTest" time="0.781"/>
  <testcase classname="globalsqatests.AccountNumber" name="selectMultipleAccountsForAlbusTest" time="0.991"/>
  <testcase classname="globalsqatests.AccountNumber" name="selectMultipleAccountsForHarryTest" time="0.98"/>
  <testcase classname="globalsqatests.AccountNumber" name="selectMultipleAccountsForHermoineTest" time="0.915"/>
  <testcase classname="globalsqatests.AccountNumber" name="selectMultipleAccountsForNevilleTest" time="1.099"/>
  <testcase classname="globalsqatests.AccountNumber" name="selectMultipleAccountsForRonTest" time="0.991"/>
  <testcase classname="globalsqatests.TransactionsButton" name="albusTransactionsButtonTest" time="50.578">
    <failure type="org.openqa.selenium.NoSuchElementException" message="Cannot locate option with value: ALbus Dumbledore
For documentation on this error, please visit: https://selenium.dev/exceptions/#no_such_element
Build info: version: &amp;apos;4.1.4&amp;apos;, revision: &amp;apos;535d840ee2&amp;apos;
System info: host: &amp;apos;DESKTOP-DNJOJAA&amp;apos;, ip: &amp;apos;172.16.226.186&amp;apos;, os.name: &amp;apos;Windows 11&amp;apos;, os.arch: &amp;apos;amd64&amp;apos;, os.version: &amp;apos;10.0&amp;apos;, java.version: &amp;apos;11.0.15.1&amp;apos;
Driver info: driver.version: unknown">
      <![CDATA[org.openqa.selenium.NoSuchElementException: Cannot locate option with value: ALbus Dumbledore
For documentation on this error, please visit: https://selenium.dev/exceptions/#no_such_element
Build info: version: '4.1.4', revision: '535d840ee2'
System info: host: 'DESKTOP-DNJOJAA', ip: '172.16.226.186', os.name: 'Windows 11', os.arch: 'amd64', os.version: '10.0', java.version: '11.0.15.1'
Driver info: driver.version: unknown
at org.openqa.selenium.support.ui.Select.findOptionsByValue(Select.java:287)
at org.openqa.selenium.support.ui.Select.selectByValue(Select.java:190)
at globalsqapages.CustomerPage.selectOptionFromCustomerDropDown(CustomerPage.java:73)
at globalsqatests.TransactionsButton.albusTransactionsButtonTest(TransactionsButton.java:84)
... Removed 29 stack frames]]>
    </failure>
  </testcase> <!-- albusTransactionsButtonTest -->
  <testcase classname="globalsqatests.TransactionsButton" name="harryTransactionsButtonTest" time="0.948"/>
  <testcase classname="globalsqatests.TransactionsButton" name="hermoineTransactionsButtonTest" time="0.969"/>
  <testcase classname="globalsqatests.TransactionsButton" name="nevilleTransactionsButtonTest" time="0.865"/>
  <testcase classname="globalsqatests.TransactionsButton" name="newCustomerTransactionsButtonTest" time="2.085"/>
  <testcase classname="globalsqatests.TransactionsButton" name="ronTransactionsButtonTest" time="0.888"/>
  <testcase classname="globalsqatests.SearchCustomer" name="createAnAccountAndSearchRownakTest" time="1.148"/>
  <testcase classname="globalsqatests.SearchCustomer" name="searchAlbusDumbledoreTest" time="0.719"/>
  <testcase classname="globalsqatests.SearchCustomer" name="searchHarryPotterTest" time="0.743"/>
  <testcase classname="globalsqatests.SearchCustomer" name="searchHermoineGrangerTest" time="0.8"/>
  <testcase classname="globalsqatests.SearchCustomer" name="searchNevilleLongbottomTest" time="0.721"/>
  <testcase classname="globalsqatests.SearchCustomer" name="searchRonWeaslyTest" time="0.653"/>
  <testcase classname="globalsqatests.AddCustomer" name="addCustomerFaieqLaskarTest" time="0.875"/>
  <testcase classname="globalsqatests.AddCustomer" name="addCustomerJohnDoeTest" time="0.823"/>
  <testcase classname="globalsqatests.AddCustomer" name="addCustomerPollakRahmanTest" time="0.844"/>
  <testcase classname="globalsqatests.AddCustomer" name="addMultipleCustomerTest" time="1.008"/>
  <testcase classname="globalsqatests.Withdraw" name="withdrawFunctionTest" time="1.043"/>
  <testcase classname="globalsqatests.Withdraw" name="withdrawNegativeTest" time="1.001"/>
  <testcase classname="globalsqatests.Deposit" name="depositAlbusTest" time="1.053"/>
  <testcase classname="globalsqatests.Deposit" name="depositHarryTest" time="1.027"/>
  <testcase classname="globalsqatests.Deposit" name="depositHermoineTest" time="0.999"/>
  <testcase classname="globalsqatests.Deposit" name="depositNevilleTest" time="1.208"/>
  <testcase classname="globalsqatests.Deposit" name="depositRonTest" time="0.991"/>
  <testcase classname="globalsqatests.Deposit" name="newAccountDepositTest" time="2.182"/>
  <testcase classname="globalsqatests.OpenAccount" name="openDollarAccountTest" time="0.885"/>
  <testcase classname="globalsqatests.OpenAccount" name="openMultipleAccountsTest" time="1.174"/>
  <testcase classname="globalsqatests.OpenAccount" name="openPoundAccountTest" time="0.803"/>
  <testcase classname="globalsqatests.OpenAccount" name="openRupeeAccountTest" time="0.759"/>
  <testcase classname="globalsqatests.UserLogin" name="albusDumbledoreLoginTest" time="0.703"/>
  <testcase classname="globalsqatests.UserLogin" name="createAnAccountAndLoginWithFaieqTest" time="1.429"/>
  <testcase classname="globalsqatests.UserLogin" name="createAnAccountAndLoginWithJoeTest" time="1.377"/>
  <testcase classname="globalsqatests.UserLogin" name="createAnAccountAndLoginWithRownakTest" time="1.884"/>
  <testcase classname="globalsqatests.UserLogin" name="harryPotterLoginTest" time="0.679"/>
  <testcase classname="globalsqatests.UserLogin" name="hermoineGrangerLoginTest" time="0.694"/>
  <testcase classname="globalsqatests.UserLogin" name="ronWeaslyLoginTest" time="0.711"/>
  <testcase classname="globalsqatests.Logout" name="albusDumbledoreLogoutTest" time="6.618"/>
  <testcase classname="globalsqatests.Logout" name="createAnAccountAndLogoutWithFaieqTest" time="4.465"/>
  <testcase classname="globalsqatests.Logout" name="createAnAccountAndLogoutWithJoeTest" time="4.476"/>
  <testcase classname="globalsqatests.Logout" name="harryPotterLogoutTest" time="6.667"/>
  <testcase classname="globalsqatests.Logout" name="hermoineGrangerLogoutTest" time="6.623"/>
  <testcase classname="globalsqatests.Logout" name="nevilleLongbottomLogoutTest" time="6.611"/>
  <testcase classname="globalsqatests.Logout" name="ronWeaslyLogoutTest" time="6.624"/>
  <testcase classname="globalsqatests.HomeButton" name="bankManagerAddCustomerHomeButtonTest" time="0.537"/>
  <testcase classname="globalsqatests.HomeButton" name="bankManagerCustomersHomeButtonTest" time="0.496"/>
  <testcase classname="globalsqatests.HomeButton" name="bankManagerHomeButtonTest" time="0.555"/>
  <testcase classname="globalsqatests.HomeButton" name="bankManagerOpenAccountHomeButtonTest" time="0.537"/>
  <testcase classname="globalsqatests.HomeButton" name="customerHomeButtonTest" time="0.681"/>
  <testcase classname="globalsqatests.HomeButton" name="customerLoginHomeButtonTest" time="0.317"/>
  <testcase classname="globalsqatests.HomeButton" name="depositHomeButtonTest" time="0.78"/>
  <testcase classname="globalsqatests.HomeButton" name="transactionsHomeButtonTest" time="0.911"/>
  <testcase classname="globalsqatests.HomeButton" name="withdawlHomeButtonTest" time="0.762"/>
  <testcase classname="globalsqatests.CustomerLoginButton" name="customerLoginButtonTest" time="3.323"/>
  <testcase classname="globalsqatests.BankManagerLoginButton" name="bankManagerLoginButtonTest" time="3.282"/>
  <testcase classname="base.CommonAPI" name="@BeforeSuite extentSetup" time="0.0">
    <ignored/>
  </testcase> <!-- @BeforeSuite extentSetup -->
  <testcase classname="base.CommonAPI" name="@BeforeSuite extentSetup" time="0.0">
    <ignored/>
  </testcase> <!-- @BeforeSuite extentSetup -->
  <testcase classname="base.CommonAPI" name="@BeforeSuite extentSetup" time="0.0">
    <ignored/>
  </testcase> <!-- @BeforeSuite extentSetup -->
  <testcase classname="base.CommonAPI" name="@BeforeSuite extentSetup" time="0.0">
    <ignored/>
  </testcase> <!-- @BeforeSuite extentSetup -->
  <testcase classname="base.CommonAPI" name="@BeforeSuite extentSetup" time="0.0">
    <ignored/>
  </testcase> <!-- @BeforeSuite extentSetup -->
  <testcase classname="base.CommonAPI" name="@BeforeSuite extentSetup" time="0.0">
    <ignored/>
  </testcase> <!-- @BeforeSuite extentSetup -->
  <testcase classname="base.CommonAPI" name="@BeforeSuite extentSetup" time="0.0">
    <ignored/>
  </testcase> <!-- @BeforeSuite extentSetup -->
  <testcase classname="base.CommonAPI" name="@BeforeSuite extentSetup" time="0.0">
    <ignored/>
  </testcase> <!-- @BeforeSuite extentSetup -->
  <testcase classname="base.CommonAPI" name="@BeforeSuite extentSetup" time="0.0">
    <ignored/>
  </testcase> <!-- @BeforeSuite extentSetup -->
  <testcase classname="base.CommonAPI" name="@BeforeSuite extentSetup" time="0.0">
    <ignored/>
  </testcase> <!-- @BeforeSuite extentSetup -->
  <testcase classname="base.CommonAPI" name="@BeforeSuite extentSetup" time="0.0">
    <ignored/>
  </testcase> <!-- @BeforeSuite extentSetup -->
  <testcase classname="base.CommonAPI" name="@BeforeSuite extentSetup" time="0.0">
    <ignored/>
  </testcase> <!-- @BeforeSuite extentSetup -->
  <testcase classname="base.CommonAPI" name="@BeforeSuite extentSetup" time="0.0">
    <ignored/>
  </testcase> <!-- @BeforeSuite extentSetup -->
  <testcase classname="base.CommonAPI" name="@BeforeSuite extentSetup" time="0.0">
    <ignored/>
  </testcase> <!-- @BeforeSuite extentSetup -->
  <testcase classname="base.CommonAPI" name="@BeforeSuite extentSetup" time="0.0">
    <ignored/>
  </testcase> <!-- @BeforeSuite extentSetup -->
  <testcase classname="base.CommonAPI" name="@AfterSuite generateReport" time="0.0">
    <ignored/>
  </testcase> <!-- @AfterSuite generateReport -->
  <testcase classname="base.CommonAPI" name="@AfterSuite generateReport" time="0.0">
    <ignored/>
  </testcase> <!-- @AfterSuite generateReport -->
  <testcase classname="base.CommonAPI" name="@AfterSuite generateReport" time="0.0">
    <ignored/>
  </testcase> <!-- @AfterSuite generateReport -->
  <testcase classname="base.CommonAPI" name="@AfterSuite generateReport" time="0.0">
    <ignored/>
  </testcase> <!-- @AfterSuite generateReport -->
  <testcase classname="base.CommonAPI" name="@AfterSuite generateReport" time="0.0">
    <ignored/>
  </testcase> <!-- @AfterSuite generateReport -->
  <testcase classname="base.CommonAPI" name="@AfterSuite generateReport" time="0.0">
    <ignored/>
  </testcase> <!-- @AfterSuite generateReport -->
  <testcase classname="base.CommonAPI" name="@AfterSuite generateReport" time="0.0">
    <ignored/>
  </testcase> <!-- @AfterSuite generateReport -->
  <testcase classname="base.CommonAPI" name="@AfterSuite generateReport" time="0.0">
    <ignored/>
  </testcase> <!-- @AfterSuite generateReport -->
  <testcase classname="base.CommonAPI" name="@AfterSuite generateReport" time="0.0">
    <ignored/>
  </testcase> <!-- @AfterSuite generateReport -->
  <testcase classname="base.CommonAPI" name="@AfterSuite generateReport" time="0.0">
    <ignored/>
  </testcase> <!-- @AfterSuite generateReport -->
  <testcase classname="base.CommonAPI" name="@AfterSuite generateReport" time="0.0">
    <ignored/>
  </testcase> <!-- @AfterSuite generateReport -->
  <testcase classname="base.CommonAPI" name="@AfterSuite generateReport" time="0.0">
    <ignored/>
  </testcase> <!-- @AfterSuite generateReport -->
  <testcase classname="base.CommonAPI" name="@AfterSuite generateReport" time="0.0">
    <ignored/>
  </testcase> <!-- @AfterSuite generateReport -->
  <testcase classname="base.CommonAPI" name="@AfterSuite generateReport" time="0.0">
    <ignored/>
  </testcase> <!-- @AfterSuite generateReport -->
  <testcase classname="base.CommonAPI" name="@AfterSuite generateReport" time="0.0">
    <ignored/>
  </testcase> <!-- @AfterSuite generateReport -->
</testsuite> <!-- com.GlobalSQA Tests -->
